WARNING - 2025-02-27 02:00:58 --> [DEPRECATED] str_replace(): Passing null to parameter #3 ($subject) of type array|string is deprecated in APPPATH/Controllers/Gfa.php on line 4435.
 1 APPPATH/Controllers/Gfa.php(4435): str_replace('\\', '\'', null)
 2 SYSTEMPATH/CodeIgniter.php(933): App\Controllers\Gfa->events('1682614709')
 3 SYSTEMPATH/CodeIgniter.php(509): CodeIgniter\CodeIgniter->runController(Object(App\Controllers\Gfa))
 4 SYSTEMPATH/CodeIgniter.php(355): CodeIgniter\CodeIgniter->handleRequest(null, Object(Config\Cache), false)
 5 SYSTEMPATH/Boot.php(325): CodeIgniter\CodeIgniter->run()
 6 SYSTEMPATH/Boot.php(67): CodeIgniter\Boot::runCodeIgniter(Object(CodeIgniter\CodeIgniter))
 7 FCPATH/index.php(56): CodeIgniter\Boot::bootWeb(Object(Config\Paths))
WARNING - 2025-02-27 02:00:58 --> [DEPRECATED] str_replace(): Passing null to parameter #3 ($subject) of type array|string is deprecated in APPPATH/Controllers/Gfa.php on line 4435.
 1 APPPATH/Controllers/Gfa.php(4435): str_replace('\\', '\'', null)
 2 SYSTEMPATH/CodeIgniter.php(933): App\Controllers\Gfa->events('1682614709')
 3 SYSTEMPATH/CodeIgniter.php(509): CodeIgniter\CodeIgniter->runController(Object(App\Controllers\Gfa))
 4 SYSTEMPATH/CodeIgniter.php(355): CodeIgniter\CodeIgniter->handleRequest(null, Object(Config\Cache), false)
 5 SYSTEMPATH/Boot.php(325): CodeIgniter\CodeIgniter->run()
 6 SYSTEMPATH/Boot.php(67): CodeIgniter\Boot::runCodeIgniter(Object(CodeIgniter\CodeIgniter))
 7 FCPATH/index.php(56): CodeIgniter\Boot::bootWeb(Object(Config\Paths))
INFO - 2025-02-27 02:00:58 --> Session: Class initialized using 'CodeIgniter\Session\Handlers\FileHandler' driver.
INFO - 2025-02-27 02:00:58 --> Session: Class initialized using 'CodeIgniter\Session\Handlers\FileHandler' driver.
WARNING - 2025-02-27 04:19:07 --> [DEPRECATED] str_replace(): Passing null to parameter #3 ($subject) of type array|string is deprecated in APPPATH/Controllers/Gfa.php on line 4435.
 1 APPPATH/Controllers/Gfa.php(4435): str_replace('\\', '\'', null)
 2 SYSTEMPATH/CodeIgniter.php(933): App\Controllers\Gfa->events('1688378689')
 3 SYSTEMPATH/CodeIgniter.php(509): CodeIgniter\CodeIgniter->runController(Object(App\Controllers\Gfa))
 4 SYSTEMPATH/CodeIgniter.php(355): CodeIgniter\CodeIgniter->handleRequest(null, Object(Config\Cache), false)
 5 SYSTEMPATH/Boot.php(325): CodeIgniter\CodeIgniter->run()
 6 SYSTEMPATH/Boot.php(67): CodeIgniter\Boot::runCodeIgniter(Object(CodeIgniter\CodeIgniter))
 7 FCPATH/index.php(56): CodeIgniter\Boot::bootWeb(Object(Config\Paths))
INFO - 2025-02-27 04:19:07 --> Session: Class initialized using 'CodeIgniter\Session\Handlers\FileHandler' driver.
ERROR - 2025-02-27 10:50:57 --> mysqli_sql_exception: Unknown column 'created_at' in 'INSERT INTO' in /home/getfjupm/public_html/portal/system/Database/MySQLi/Connection.php:312
Stack trace:
#0 /home/getfjupm/public_html/portal/system/Database/MySQLi/Connection.php(312): mysqli->query()
#1 /home/getfjupm/public_html/portal/system/Database/BaseConnection.php(734): CodeIgniter\Database\MySQLi\Connection->execute()
#2 /home/getfjupm/public_html/portal/system/Database/BaseConnection.php(648): CodeIgniter\Database\BaseConnection->simpleQuery()
#3 /home/getfjupm/public_html/portal/system/Database/BaseBuilder.php(2340): CodeIgniter\Database\BaseConnection->query()
#4 /home/getfjupm/public_html/portal/app/Models/GfaModel.php(519): CodeIgniter\Database\BaseBuilder->insert()
#5 /home/getfjupm/public_html/portal/app/Controllers/Gfa.php(5941): App\Models\GfaModel->insertCustomerContact()
#6 /home/getfjupm/public_html/portal/system/CodeIgniter.php(933): App\Controllers\Gfa->unleashified_contact()
#7 /home/getfjupm/public_html/portal/system/CodeIgniter.php(509): CodeIgniter\CodeIgniter->runController()
#8 /home/getfjupm/public_html/portal/system/CodeIgniter.php(355): CodeIgniter\CodeIgniter->handleRequest()
#9 /home/getfjupm/public_html/portal/system/Boot.php(325): CodeIgniter\CodeIgniter->run()
#10 /home/getfjupm/public_html/portal/system/Boot.php(67): CodeIgniter\Boot::runCodeIgniter()
#11 /home/getfjupm/public_html/portal/index.php(56): CodeIgniter\Boot::bootWeb()
#12 {main}
CRITICAL - 2025-02-27 10:50:57 --> CodeIgniter\Database\Exceptions\DatabaseException: Unknown column 'created_at' in 'INSERT INTO'
[Method: POST, Route: gfa/unleashified_contact]
in SYSTEMPATH/Database/BaseConnection.php on line 688.
 1 SYSTEMPATH/Database/BaseBuilder.php(2340): CodeIgniter\Database\BaseConnection->query()
 2 APPPATH/Models/GfaModel.php(519): CodeIgniter\Database\BaseBuilder->insert()
 3 APPPATH/Controllers/Gfa.php(5941): App\Models\GfaModel->insertCustomerContact()
 4 SYSTEMPATH/CodeIgniter.php(933): App\Controllers\Gfa->unleashified_contact()
 5 SYSTEMPATH/CodeIgniter.php(509): CodeIgniter\CodeIgniter->runController()
 6 SYSTEMPATH/CodeIgniter.php(355): CodeIgniter\CodeIgniter->handleRequest()
 7 SYSTEMPATH/Boot.php(325): CodeIgniter\CodeIgniter->run()
 8 SYSTEMPATH/Boot.php(67): CodeIgniter\Boot::runCodeIgniter()
 9 FCPATH/index.php(56): CodeIgniter\Boot::bootWeb()
CRITICAL - 2025-02-27 10:50:57 --> [Caused by] CodeIgniter\Database\Exceptions\DatabaseException: Unknown column 'created_at' in 'INSERT INTO'
in SYSTEMPATH/Database/MySQLi/Connection.php on line 317.
 1 SYSTEMPATH/Database/BaseConnection.php(734): CodeIgniter\Database\MySQLi\Connection->execute()
 2 SYSTEMPATH/Database/BaseConnection.php(648): CodeIgniter\Database\BaseConnection->simpleQuery()
 3 SYSTEMPATH/Database/BaseBuilder.php(2340): CodeIgniter\Database\BaseConnection->query()
 4 APPPATH/Models/GfaModel.php(519): CodeIgniter\Database\BaseBuilder->insert()
 5 APPPATH/Controllers/Gfa.php(5941): App\Models\GfaModel->insertCustomerContact()
 6 SYSTEMPATH/CodeIgniter.php(933): App\Controllers\Gfa->unleashified_contact()
 7 SYSTEMPATH/CodeIgniter.php(509): CodeIgniter\CodeIgniter->runController()
 8 SYSTEMPATH/CodeIgniter.php(355): CodeIgniter\CodeIgniter->handleRequest()
 9 SYSTEMPATH/Boot.php(325): CodeIgniter\CodeIgniter->run()
10 SYSTEMPATH/Boot.php(67): CodeIgniter\Boot::runCodeIgniter()
11 FCPATH/index.php(56): CodeIgniter\Boot::bootWeb()
CRITICAL - 2025-02-27 10:50:57 --> [Caused by] mysqli_sql_exception: Unknown column 'created_at' in 'INSERT INTO'
in SYSTEMPATH/Database/MySQLi/Connection.php on line 312.
 1 SYSTEMPATH/Database/MySQLi/Connection.php(312): mysqli->query()
 2 SYSTEMPATH/Database/BaseConnection.php(734): CodeIgniter\Database\MySQLi\Connection->execute()
 3 SYSTEMPATH/Database/BaseConnection.php(648): CodeIgniter\Database\BaseConnection->simpleQuery()
 4 SYSTEMPATH/Database/BaseBuilder.php(2340): CodeIgniter\Database\BaseConnection->query()
 5 APPPATH/Models/GfaModel.php(519): CodeIgniter\Database\BaseBuilder->insert()
 6 APPPATH/Controllers/Gfa.php(5941): App\Models\GfaModel->insertCustomerContact()
 7 SYSTEMPATH/CodeIgniter.php(933): App\Controllers\Gfa->unleashified_contact()
 8 SYSTEMPATH/CodeIgniter.php(509): CodeIgniter\CodeIgniter->runController()
 9 SYSTEMPATH/CodeIgniter.php(355): CodeIgniter\CodeIgniter->handleRequest()
10 SYSTEMPATH/Boot.php(325): CodeIgniter\CodeIgniter->run()
11 SYSTEMPATH/Boot.php(67): CodeIgniter\Boot::runCodeIgniter()
12 FCPATH/index.php(56): CodeIgniter\Boot::bootWeb()
WARNING - 2025-02-27 10:59:32 --> [DEPRECATED] str_replace(): Passing null to parameter #3 ($subject) of type array|string is deprecated in APPPATH/Models/GfaModel.php on line 4490.
 1 APPPATH/Models/GfaModel.php(4490): str_replace('\'', '', null)
 2 APPPATH/Controllers/Gfa.php(5921): App\Models\GfaModel->mysqlCheck(null)
 3 SYSTEMPATH/CodeIgniter.php(933): App\Controllers\Gfa->unleashified_contact()
 4 SYSTEMPATH/CodeIgniter.php(509): CodeIgniter\CodeIgniter->runController(Object(App\Controllers\Gfa))
 5 SYSTEMPATH/CodeIgniter.php(355): CodeIgniter\CodeIgniter->handleRequest(null, Object(Config\Cache), false)
 6 SYSTEMPATH/Boot.php(325): CodeIgniter\CodeIgniter->run()
 7 SYSTEMPATH/Boot.php(67): CodeIgniter\Boot::runCodeIgniter(Object(CodeIgniter\CodeIgniter))
 8 FCPATH/index.php(56): CodeIgniter\Boot::bootWeb(Object(Config\Paths))
WARNING - 2025-02-27 11:00:14 --> [DEPRECATED] str_replace(): Passing null to parameter #3 ($subject) of type array|string is deprecated in APPPATH/Models/GfaModel.php on line 4490.
 1 APPPATH/Models/GfaModel.php(4490): str_replace('\'', '', null)
 2 APPPATH/Controllers/Gfa.php(5921): App\Models\GfaModel->mysqlCheck(null)
 3 SYSTEMPATH/CodeIgniter.php(933): App\Controllers\Gfa->unleashified_contact()
 4 SYSTEMPATH/CodeIgniter.php(509): CodeIgniter\CodeIgniter->runController(Object(App\Controllers\Gfa))
 5 SYSTEMPATH/CodeIgniter.php(355): CodeIgniter\CodeIgniter->handleRequest(null, Object(Config\Cache), false)
 6 SYSTEMPATH/Boot.php(325): CodeIgniter\CodeIgniter->run()
 7 SYSTEMPATH/Boot.php(67): CodeIgniter\Boot::runCodeIgniter(Object(CodeIgniter\CodeIgniter))
 8 FCPATH/index.php(56): CodeIgniter\Boot::bootWeb(Object(Config\Paths))
ERROR - 2025-02-27 11:09:38 --> mysqli_sql_exception: Unknown column 'created_at' in 'INSERT INTO' in /home/getfjupm/public_html/portal/system/Database/MySQLi/Connection.php:312
Stack trace:
#0 /home/getfjupm/public_html/portal/system/Database/MySQLi/Connection.php(312): mysqli->query()
#1 /home/getfjupm/public_html/portal/system/Database/BaseConnection.php(734): CodeIgniter\Database\MySQLi\Connection->execute()
#2 /home/getfjupm/public_html/portal/system/Database/BaseConnection.php(648): CodeIgniter\Database\BaseConnection->simpleQuery()
#3 /home/getfjupm/public_html/portal/system/Database/BaseBuilder.php(2340): CodeIgniter\Database\BaseConnection->query()
#4 /home/getfjupm/public_html/portal/app/Models/GfaModel.php(519): CodeIgniter\Database\BaseBuilder->insert()
#5 /home/getfjupm/public_html/portal/app/Controllers/Gfa.php(5984): App\Models\GfaModel->insertCustomerContact()
#6 /home/getfjupm/public_html/portal/system/CodeIgniter.php(933): App\Controllers\Gfa->unleashified_contact()
#7 /home/getfjupm/public_html/portal/system/CodeIgniter.php(509): CodeIgniter\CodeIgniter->runController()
#8 /home/getfjupm/public_html/portal/system/CodeIgniter.php(355): CodeIgniter\CodeIgniter->handleRequest()
#9 /home/getfjupm/public_html/portal/system/Boot.php(325): CodeIgniter\CodeIgniter->run()
#10 /home/getfjupm/public_html/portal/system/Boot.php(67): CodeIgniter\Boot::runCodeIgniter()
#11 /home/getfjupm/public_html/portal/index.php(56): CodeIgniter\Boot::bootWeb()
#12 {main}
CRITICAL - 2025-02-27 11:09:38 --> CodeIgniter\Database\Exceptions\DatabaseException: Unknown column 'created_at' in 'INSERT INTO'
[Method: POST, Route: gfa/unleashified_contact]
in SYSTEMPATH/Database/BaseConnection.php on line 688.
 1 SYSTEMPATH/Database/BaseBuilder.php(2340): CodeIgniter\Database\BaseConnection->query()
 2 APPPATH/Models/GfaModel.php(519): CodeIgniter\Database\BaseBuilder->insert()
 3 APPPATH/Controllers/Gfa.php(5984): App\Models\GfaModel->insertCustomerContact()
 4 SYSTEMPATH/CodeIgniter.php(933): App\Controllers\Gfa->unleashified_contact()
 5 SYSTEMPATH/CodeIgniter.php(509): CodeIgniter\CodeIgniter->runController()
 6 SYSTEMPATH/CodeIgniter.php(355): CodeIgniter\CodeIgniter->handleRequest()
 7 SYSTEMPATH/Boot.php(325): CodeIgniter\CodeIgniter->run()
 8 SYSTEMPATH/Boot.php(67): CodeIgniter\Boot::runCodeIgniter()
 9 FCPATH/index.php(56): CodeIgniter\Boot::bootWeb()
CRITICAL - 2025-02-27 11:09:38 --> [Caused by] CodeIgniter\Database\Exceptions\DatabaseException: Unknown column 'created_at' in 'INSERT INTO'
in SYSTEMPATH/Database/MySQLi/Connection.php on line 317.
 1 SYSTEMPATH/Database/BaseConnection.php(734): CodeIgniter\Database\MySQLi\Connection->execute()
 2 SYSTEMPATH/Database/BaseConnection.php(648): CodeIgniter\Database\BaseConnection->simpleQuery()
 3 SYSTEMPATH/Database/BaseBuilder.php(2340): CodeIgniter\Database\BaseConnection->query()
 4 APPPATH/Models/GfaModel.php(519): CodeIgniter\Database\BaseBuilder->insert()
 5 APPPATH/Controllers/Gfa.php(5984): App\Models\GfaModel->insertCustomerContact()
 6 SYSTEMPATH/CodeIgniter.php(933): App\Controllers\Gfa->unleashified_contact()
 7 SYSTEMPATH/CodeIgniter.php(509): CodeIgniter\CodeIgniter->runController()
 8 SYSTEMPATH/CodeIgniter.php(355): CodeIgniter\CodeIgniter->handleRequest()
 9 SYSTEMPATH/Boot.php(325): CodeIgniter\CodeIgniter->run()
10 SYSTEMPATH/Boot.php(67): CodeIgniter\Boot::runCodeIgniter()
11 FCPATH/index.php(56): CodeIgniter\Boot::bootWeb()
CRITICAL - 2025-02-27 11:09:38 --> [Caused by] mysqli_sql_exception: Unknown column 'created_at' in 'INSERT INTO'
in SYSTEMPATH/Database/MySQLi/Connection.php on line 312.
 1 SYSTEMPATH/Database/MySQLi/Connection.php(312): mysqli->query()
 2 SYSTEMPATH/Database/BaseConnection.php(734): CodeIgniter\Database\MySQLi\Connection->execute()
 3 SYSTEMPATH/Database/BaseConnection.php(648): CodeIgniter\Database\BaseConnection->simpleQuery()
 4 SYSTEMPATH/Database/BaseBuilder.php(2340): CodeIgniter\Database\BaseConnection->query()
 5 APPPATH/Models/GfaModel.php(519): CodeIgniter\Database\BaseBuilder->insert()
 6 APPPATH/Controllers/Gfa.php(5984): App\Models\GfaModel->insertCustomerContact()
 7 SYSTEMPATH/CodeIgniter.php(933): App\Controllers\Gfa->unleashified_contact()
 8 SYSTEMPATH/CodeIgniter.php(509): CodeIgniter\CodeIgniter->runController()
 9 SYSTEMPATH/CodeIgniter.php(355): CodeIgniter\CodeIgniter->handleRequest()
10 SYSTEMPATH/Boot.php(325): CodeIgniter\CodeIgniter->run()
11 SYSTEMPATH/Boot.php(67): CodeIgniter\Boot::runCodeIgniter()
12 FCPATH/index.php(56): CodeIgniter\Boot::bootWeb()
WARNING - 2025-02-27 11:33:53 --> [DEPRECATED] str_replace(): Passing null to parameter #3 ($subject) of type array|string is deprecated in APPPATH/Models/GfaModel.php on line 4504.
 1 APPPATH/Models/GfaModel.php(4504): str_replace('\'', '', null)
 2 APPPATH/Controllers/Gfa.php(5930): App\Models\GfaModel->mysqlCheck(null)
 3 SYSTEMPATH/CodeIgniter.php(933): App\Controllers\Gfa->unleashified_newsletter()
 4 SYSTEMPATH/CodeIgniter.php(509): CodeIgniter\CodeIgniter->runController(Object(App\Controllers\Gfa))
 5 SYSTEMPATH/CodeIgniter.php(355): CodeIgniter\CodeIgniter->handleRequest(null, Object(Config\Cache), false)
 6 SYSTEMPATH/Boot.php(325): CodeIgniter\CodeIgniter->run()
 7 SYSTEMPATH/Boot.php(67): CodeIgniter\Boot::runCodeIgniter(Object(CodeIgniter\CodeIgniter))
 8 FCPATH/index.php(56): CodeIgniter\Boot::bootWeb(Object(Config\Paths))
WARNING - 2025-02-27 11:34:35 --> [DEPRECATED] str_replace(): Passing null to parameter #3 ($subject) of type array|string is deprecated in APPPATH/Models/GfaModel.php on line 4504.
 1 APPPATH/Models/GfaModel.php(4504): str_replace('\'', '', null)
 2 APPPATH/Controllers/Gfa.php(5930): App\Models\GfaModel->mysqlCheck(null)
 3 SYSTEMPATH/CodeIgniter.php(933): App\Controllers\Gfa->unleashified_newsletter()
 4 SYSTEMPATH/CodeIgniter.php(509): CodeIgniter\CodeIgniter->runController(Object(App\Controllers\Gfa))
 5 SYSTEMPATH/CodeIgniter.php(355): CodeIgniter\CodeIgniter->handleRequest(null, Object(Config\Cache), false)
 6 SYSTEMPATH/Boot.php(325): CodeIgniter\CodeIgniter->run()
 7 SYSTEMPATH/Boot.php(67): CodeIgniter\Boot::runCodeIgniter(Object(CodeIgniter\CodeIgniter))
 8 FCPATH/index.php(56): CodeIgniter\Boot::bootWeb(Object(Config\Paths))
WARNING - 2025-02-27 11:34:46 --> [DEPRECATED] str_replace(): Passing null to parameter #3 ($subject) of type array|string is deprecated in APPPATH/Models/GfaModel.php on line 4504.
 1 APPPATH/Models/GfaModel.php(4504): str_replace('\'', '', null)
 2 APPPATH/Controllers/Gfa.php(5930): App\Models\GfaModel->mysqlCheck(null)
 3 SYSTEMPATH/CodeIgniter.php(933): App\Controllers\Gfa->unleashified_newsletter()
 4 SYSTEMPATH/CodeIgniter.php(509): CodeIgniter\CodeIgniter->runController(Object(App\Controllers\Gfa))
 5 SYSTEMPATH/CodeIgniter.php(355): CodeIgniter\CodeIgniter->handleRequest(null, Object(Config\Cache), false)
 6 SYSTEMPATH/Boot.php(325): CodeIgniter\CodeIgniter->run()
 7 SYSTEMPATH/Boot.php(67): CodeIgniter\Boot::runCodeIgniter(Object(CodeIgniter\CodeIgniter))
 8 FCPATH/index.php(56): CodeIgniter\Boot::bootWeb(Object(Config\Paths))
WARNING - 2025-02-27 11:38:00 --> [DEPRECATED] str_replace(): Passing null to parameter #3 ($subject) of type array|string is deprecated in APPPATH/Models/GfaModel.php on line 4504.
 1 APPPATH/Models/GfaModel.php(4504): str_replace('\'', '', null)
 2 APPPATH/Controllers/Gfa.php(5930): App\Models\GfaModel->mysqlCheck(null)
 3 SYSTEMPATH/CodeIgniter.php(933): App\Controllers\Gfa->unleashified_newsletter()
 4 SYSTEMPATH/CodeIgniter.php(509): CodeIgniter\CodeIgniter->runController(Object(App\Controllers\Gfa))
 5 SYSTEMPATH/CodeIgniter.php(355): CodeIgniter\CodeIgniter->handleRequest(null, Object(Config\Cache), false)
 6 SYSTEMPATH/Boot.php(325): CodeIgniter\CodeIgniter->run()
 7 SYSTEMPATH/Boot.php(67): CodeIgniter\Boot::runCodeIgniter(Object(CodeIgniter\CodeIgniter))
 8 FCPATH/index.php(56): CodeIgniter\Boot::bootWeb(Object(Config\Paths))
ERROR - 2025-02-27 13:45:59 --> mysqli_sql_exception: Unknown column 'name' in 'INSERT INTO' in /home/getfjupm/public_html/portal/system/Database/MySQLi/Connection.php:312
Stack trace:
#0 /home/getfjupm/public_html/portal/system/Database/MySQLi/Connection.php(312): mysqli->query()
#1 /home/getfjupm/public_html/portal/system/Database/BaseConnection.php(734): CodeIgniter\Database\MySQLi\Connection->execute()
#2 /home/getfjupm/public_html/portal/system/Database/BaseConnection.php(648): CodeIgniter\Database\BaseConnection->simpleQuery()
#3 /home/getfjupm/public_html/portal/system/Database/BaseBuilder.php(2340): CodeIgniter\Database\BaseConnection->query()
#4 /home/getfjupm/public_html/portal/app/Models/GfaModel.php(519): CodeIgniter\Database\BaseBuilder->insert()
#5 /home/getfjupm/public_html/portal/app/Controllers/Gfa.php(5988): App\Models\GfaModel->insertCustomerContact()
#6 /home/getfjupm/public_html/portal/system/CodeIgniter.php(933): App\Controllers\Gfa->unleashified_contact()
#7 /home/getfjupm/public_html/portal/system/CodeIgniter.php(509): CodeIgniter\CodeIgniter->runController()
#8 /home/getfjupm/public_html/portal/system/CodeIgniter.php(355): CodeIgniter\CodeIgniter->handleRequest()
#9 /home/getfjupm/public_html/portal/system/Boot.php(325): CodeIgniter\CodeIgniter->run()
#10 /home/getfjupm/public_html/portal/system/Boot.php(67): CodeIgniter\Boot::runCodeIgniter()
#11 /home/getfjupm/public_html/portal/index.php(56): CodeIgniter\Boot::bootWeb()
#12 {main}
CRITICAL - 2025-02-27 13:45:59 --> CodeIgniter\Database\Exceptions\DatabaseException: Unknown column 'name' in 'INSERT INTO'
[Method: POST, Route: gfa/unleashified_contact]
in SYSTEMPATH/Database/BaseConnection.php on line 688.
 1 SYSTEMPATH/Database/BaseBuilder.php(2340): CodeIgniter\Database\BaseConnection->query()
 2 APPPATH/Models/GfaModel.php(519): CodeIgniter\Database\BaseBuilder->insert()
 3 APPPATH/Controllers/Gfa.php(5988): App\Models\GfaModel->insertCustomerContact()
 4 SYSTEMPATH/CodeIgniter.php(933): App\Controllers\Gfa->unleashified_contact()
 5 SYSTEMPATH/CodeIgniter.php(509): CodeIgniter\CodeIgniter->runController()
 6 SYSTEMPATH/CodeIgniter.php(355): CodeIgniter\CodeIgniter->handleRequest()
 7 SYSTEMPATH/Boot.php(325): CodeIgniter\CodeIgniter->run()
 8 SYSTEMPATH/Boot.php(67): CodeIgniter\Boot::runCodeIgniter()
 9 FCPATH/index.php(56): CodeIgniter\Boot::bootWeb()
CRITICAL - 2025-02-27 13:45:59 --> [Caused by] CodeIgniter\Database\Exceptions\DatabaseException: Unknown column 'name' in 'INSERT INTO'
in SYSTEMPATH/Database/MySQLi/Connection.php on line 317.
 1 SYSTEMPATH/Database/BaseConnection.php(734): CodeIgniter\Database\MySQLi\Connection->execute()
 2 SYSTEMPATH/Database/BaseConnection.php(648): CodeIgniter\Database\BaseConnection->simpleQuery()
 3 SYSTEMPATH/Database/BaseBuilder.php(2340): CodeIgniter\Database\BaseConnection->query()
 4 APPPATH/Models/GfaModel.php(519): CodeIgniter\Database\BaseBuilder->insert()
 5 APPPATH/Controllers/Gfa.php(5988): App\Models\GfaModel->insertCustomerContact()
 6 SYSTEMPATH/CodeIgniter.php(933): App\Controllers\Gfa->unleashified_contact()
 7 SYSTEMPATH/CodeIgniter.php(509): CodeIgniter\CodeIgniter->runController()
 8 SYSTEMPATH/CodeIgniter.php(355): CodeIgniter\CodeIgniter->handleRequest()
 9 SYSTEMPATH/Boot.php(325): CodeIgniter\CodeIgniter->run()
10 SYSTEMPATH/Boot.php(67): CodeIgniter\Boot::runCodeIgniter()
11 FCPATH/index.php(56): CodeIgniter\Boot::bootWeb()
CRITICAL - 2025-02-27 13:45:59 --> [Caused by] mysqli_sql_exception: Unknown column 'name' in 'INSERT INTO'
in SYSTEMPATH/Database/MySQLi/Connection.php on line 312.
 1 SYSTEMPATH/Database/MySQLi/Connection.php(312): mysqli->query()
 2 SYSTEMPATH/Database/BaseConnection.php(734): CodeIgniter\Database\MySQLi\Connection->execute()
 3 SYSTEMPATH/Database/BaseConnection.php(648): CodeIgniter\Database\BaseConnection->simpleQuery()
 4 SYSTEMPATH/Database/BaseBuilder.php(2340): CodeIgniter\Database\BaseConnection->query()
 5 APPPATH/Models/GfaModel.php(519): CodeIgniter\Database\BaseBuilder->insert()
 6 APPPATH/Controllers/Gfa.php(5988): App\Models\GfaModel->insertCustomerContact()
 7 SYSTEMPATH/CodeIgniter.php(933): App\Controllers\Gfa->unleashified_contact()
 8 SYSTEMPATH/CodeIgniter.php(509): CodeIgniter\CodeIgniter->runController()
 9 SYSTEMPATH/CodeIgniter.php(355): CodeIgniter\CodeIgniter->handleRequest()
10 SYSTEMPATH/Boot.php(325): CodeIgniter\CodeIgniter->run()
11 SYSTEMPATH/Boot.php(67): CodeIgniter\Boot::runCodeIgniter()
12 FCPATH/index.php(56): CodeIgniter\Boot::bootWeb()
ERROR - 2025-02-27 13:46:16 --> mysqli_sql_exception: Unknown column 'name' in 'INSERT INTO' in /home/getfjupm/public_html/portal/system/Database/MySQLi/Connection.php:312
Stack trace:
#0 /home/getfjupm/public_html/portal/system/Database/MySQLi/Connection.php(312): mysqli->query()
#1 /home/getfjupm/public_html/portal/system/Database/BaseConnection.php(734): CodeIgniter\Database\MySQLi\Connection->execute()
#2 /home/getfjupm/public_html/portal/system/Database/BaseConnection.php(648): CodeIgniter\Database\BaseConnection->simpleQuery()
#3 /home/getfjupm/public_html/portal/system/Database/BaseBuilder.php(2340): CodeIgniter\Database\BaseConnection->query()
#4 /home/getfjupm/public_html/portal/app/Models/GfaModel.php(519): CodeIgniter\Database\BaseBuilder->insert()
#5 /home/getfjupm/public_html/portal/app/Controllers/Gfa.php(5988): App\Models\GfaModel->insertCustomerContact()
#6 /home/getfjupm/public_html/portal/system/CodeIgniter.php(933): App\Controllers\Gfa->unleashified_contact()
#7 /home/getfjupm/public_html/portal/system/CodeIgniter.php(509): CodeIgniter\CodeIgniter->runController()
#8 /home/getfjupm/public_html/portal/system/CodeIgniter.php(355): CodeIgniter\CodeIgniter->handleRequest()
#9 /home/getfjupm/public_html/portal/system/Boot.php(325): CodeIgniter\CodeIgniter->run()
#10 /home/getfjupm/public_html/portal/system/Boot.php(67): CodeIgniter\Boot::runCodeIgniter()
#11 /home/getfjupm/public_html/portal/index.php(56): CodeIgniter\Boot::bootWeb()
#12 {main}
CRITICAL - 2025-02-27 13:46:16 --> CodeIgniter\Database\Exceptions\DatabaseException: Unknown column 'name' in 'INSERT INTO'
[Method: POST, Route: gfa/unleashified_contact]
in SYSTEMPATH/Database/BaseConnection.php on line 688.
 1 SYSTEMPATH/Database/BaseBuilder.php(2340): CodeIgniter\Database\BaseConnection->query()
 2 APPPATH/Models/GfaModel.php(519): CodeIgniter\Database\BaseBuilder->insert()
 3 APPPATH/Controllers/Gfa.php(5988): App\Models\GfaModel->insertCustomerContact()
 4 SYSTEMPATH/CodeIgniter.php(933): App\Controllers\Gfa->unleashified_contact()
 5 SYSTEMPATH/CodeIgniter.php(509): CodeIgniter\CodeIgniter->runController()
 6 SYSTEMPATH/CodeIgniter.php(355): CodeIgniter\CodeIgniter->handleRequest()
 7 SYSTEMPATH/Boot.php(325): CodeIgniter\CodeIgniter->run()
 8 SYSTEMPATH/Boot.php(67): CodeIgniter\Boot::runCodeIgniter()
 9 FCPATH/index.php(56): CodeIgniter\Boot::bootWeb()
CRITICAL - 2025-02-27 13:46:16 --> [Caused by] CodeIgniter\Database\Exceptions\DatabaseException: Unknown column 'name' in 'INSERT INTO'
in SYSTEMPATH/Database/MySQLi/Connection.php on line 317.
 1 SYSTEMPATH/Database/BaseConnection.php(734): CodeIgniter\Database\MySQLi\Connection->execute()
 2 SYSTEMPATH/Database/BaseConnection.php(648): CodeIgniter\Database\BaseConnection->simpleQuery()
 3 SYSTEMPATH/Database/BaseBuilder.php(2340): CodeIgniter\Database\BaseConnection->query()
 4 APPPATH/Models/GfaModel.php(519): CodeIgniter\Database\BaseBuilder->insert()
 5 APPPATH/Controllers/Gfa.php(5988): App\Models\GfaModel->insertCustomerContact()
 6 SYSTEMPATH/CodeIgniter.php(933): App\Controllers\Gfa->unleashified_contact()
 7 SYSTEMPATH/CodeIgniter.php(509): CodeIgniter\CodeIgniter->runController()
 8 SYSTEMPATH/CodeIgniter.php(355): CodeIgniter\CodeIgniter->handleRequest()
 9 SYSTEMPATH/Boot.php(325): CodeIgniter\CodeIgniter->run()
10 SYSTEMPATH/Boot.php(67): CodeIgniter\Boot::runCodeIgniter()
11 FCPATH/index.php(56): CodeIgniter\Boot::bootWeb()
CRITICAL - 2025-02-27 13:46:16 --> [Caused by] mysqli_sql_exception: Unknown column 'name' in 'INSERT INTO'
in SYSTEMPATH/Database/MySQLi/Connection.php on line 312.
 1 SYSTEMPATH/Database/MySQLi/Connection.php(312): mysqli->query()
 2 SYSTEMPATH/Database/BaseConnection.php(734): CodeIgniter\Database\MySQLi\Connection->execute()
 3 SYSTEMPATH/Database/BaseConnection.php(648): CodeIgniter\Database\BaseConnection->simpleQuery()
 4 SYSTEMPATH/Database/BaseBuilder.php(2340): CodeIgniter\Database\BaseConnection->query()
 5 APPPATH/Models/GfaModel.php(519): CodeIgniter\Database\BaseBuilder->insert()
 6 APPPATH/Controllers/Gfa.php(5988): App\Models\GfaModel->insertCustomerContact()
 7 SYSTEMPATH/CodeIgniter.php(933): App\Controllers\Gfa->unleashified_contact()
 8 SYSTEMPATH/CodeIgniter.php(509): CodeIgniter\CodeIgniter->runController()
 9 SYSTEMPATH/CodeIgniter.php(355): CodeIgniter\CodeIgniter->handleRequest()
10 SYSTEMPATH/Boot.php(325): CodeIgniter\CodeIgniter->run()
11 SYSTEMPATH/Boot.php(67): CodeIgniter\Boot::runCodeIgniter()
12 FCPATH/index.php(56): CodeIgniter\Boot::bootWeb()
ERROR - 2025-02-27 13:47:31 --> mysqli_sql_exception: Unknown column 'name' in 'INSERT INTO' in /home/getfjupm/public_html/portal/system/Database/MySQLi/Connection.php:312
Stack trace:
#0 /home/getfjupm/public_html/portal/system/Database/MySQLi/Connection.php(312): mysqli->query()
#1 /home/getfjupm/public_html/portal/system/Database/BaseConnection.php(734): CodeIgniter\Database\MySQLi\Connection->execute()
#2 /home/getfjupm/public_html/portal/system/Database/BaseConnection.php(648): CodeIgniter\Database\BaseConnection->simpleQuery()
#3 /home/getfjupm/public_html/portal/system/Database/BaseBuilder.php(2340): CodeIgniter\Database\BaseConnection->query()
#4 /home/getfjupm/public_html/portal/app/Models/GfaModel.php(519): CodeIgniter\Database\BaseBuilder->insert()
#5 /home/getfjupm/public_html/portal/app/Controllers/Gfa.php(5988): App\Models\GfaModel->insertCustomerContact()
#6 /home/getfjupm/public_html/portal/system/CodeIgniter.php(933): App\Controllers\Gfa->unleashified_contact()
#7 /home/getfjupm/public_html/portal/system/CodeIgniter.php(509): CodeIgniter\CodeIgniter->runController()
#8 /home/getfjupm/public_html/portal/system/CodeIgniter.php(355): CodeIgniter\CodeIgniter->handleRequest()
#9 /home/getfjupm/public_html/portal/system/Boot.php(325): CodeIgniter\CodeIgniter->run()
#10 /home/getfjupm/public_html/portal/system/Boot.php(67): CodeIgniter\Boot::runCodeIgniter()
#11 /home/getfjupm/public_html/portal/index.php(56): CodeIgniter\Boot::bootWeb()
#12 {main}
CRITICAL - 2025-02-27 13:47:31 --> CodeIgniter\Database\Exceptions\DatabaseException: Unknown column 'name' in 'INSERT INTO'
[Method: POST, Route: gfa/unleashified_contact]
in SYSTEMPATH/Database/BaseConnection.php on line 688.
 1 SYSTEMPATH/Database/BaseBuilder.php(2340): CodeIgniter\Database\BaseConnection->query()
 2 APPPATH/Models/GfaModel.php(519): CodeIgniter\Database\BaseBuilder->insert()
 3 APPPATH/Controllers/Gfa.php(5988): App\Models\GfaModel->insertCustomerContact()
 4 SYSTEMPATH/CodeIgniter.php(933): App\Controllers\Gfa->unleashified_contact()
 5 SYSTEMPATH/CodeIgniter.php(509): CodeIgniter\CodeIgniter->runController()
 6 SYSTEMPATH/CodeIgniter.php(355): CodeIgniter\CodeIgniter->handleRequest()
 7 SYSTEMPATH/Boot.php(325): CodeIgniter\CodeIgniter->run()
 8 SYSTEMPATH/Boot.php(67): CodeIgniter\Boot::runCodeIgniter()
 9 FCPATH/index.php(56): CodeIgniter\Boot::bootWeb()
CRITICAL - 2025-02-27 13:47:31 --> [Caused by] CodeIgniter\Database\Exceptions\DatabaseException: Unknown column 'name' in 'INSERT INTO'
in SYSTEMPATH/Database/MySQLi/Connection.php on line 317.
 1 SYSTEMPATH/Database/BaseConnection.php(734): CodeIgniter\Database\MySQLi\Connection->execute()
 2 SYSTEMPATH/Database/BaseConnection.php(648): CodeIgniter\Database\BaseConnection->simpleQuery()
 3 SYSTEMPATH/Database/BaseBuilder.php(2340): CodeIgniter\Database\BaseConnection->query()
 4 APPPATH/Models/GfaModel.php(519): CodeIgniter\Database\BaseBuilder->insert()
 5 APPPATH/Controllers/Gfa.php(5988): App\Models\GfaModel->insertCustomerContact()
 6 SYSTEMPATH/CodeIgniter.php(933): App\Controllers\Gfa->unleashified_contact()
 7 SYSTEMPATH/CodeIgniter.php(509): CodeIgniter\CodeIgniter->runController()
 8 SYSTEMPATH/CodeIgniter.php(355): CodeIgniter\CodeIgniter->handleRequest()
 9 SYSTEMPATH/Boot.php(325): CodeIgniter\CodeIgniter->run()
10 SYSTEMPATH/Boot.php(67): CodeIgniter\Boot::runCodeIgniter()
11 FCPATH/index.php(56): CodeIgniter\Boot::bootWeb()
CRITICAL - 2025-02-27 13:47:31 --> [Caused by] mysqli_sql_exception: Unknown column 'name' in 'INSERT INTO'
in SYSTEMPATH/Database/MySQLi/Connection.php on line 312.
 1 SYSTEMPATH/Database/MySQLi/Connection.php(312): mysqli->query()
 2 SYSTEMPATH/Database/BaseConnection.php(734): CodeIgniter\Database\MySQLi\Connection->execute()
 3 SYSTEMPATH/Database/BaseConnection.php(648): CodeIgniter\Database\BaseConnection->simpleQuery()
 4 SYSTEMPATH/Database/BaseBuilder.php(2340): CodeIgniter\Database\BaseConnection->query()
 5 APPPATH/Models/GfaModel.php(519): CodeIgniter\Database\BaseBuilder->insert()
 6 APPPATH/Controllers/Gfa.php(5988): App\Models\GfaModel->insertCustomerContact()
 7 SYSTEMPATH/CodeIgniter.php(933): App\Controllers\Gfa->unleashified_contact()
 8 SYSTEMPATH/CodeIgniter.php(509): CodeIgniter\CodeIgniter->runController()
 9 SYSTEMPATH/CodeIgniter.php(355): CodeIgniter\CodeIgniter->handleRequest()
10 SYSTEMPATH/Boot.php(325): CodeIgniter\CodeIgniter->run()
11 SYSTEMPATH/Boot.php(67): CodeIgniter\Boot::runCodeIgniter()
12 FCPATH/index.php(56): CodeIgniter\Boot::bootWeb()
ERROR - 2025-02-27 13:49:11 --> mysqli_sql_exception: Unknown column 'name' in 'INSERT INTO' in /home/getfjupm/public_html/portal/system/Database/MySQLi/Connection.php:312
Stack trace:
#0 /home/getfjupm/public_html/portal/system/Database/MySQLi/Connection.php(312): mysqli->query()
#1 /home/getfjupm/public_html/portal/system/Database/BaseConnection.php(734): CodeIgniter\Database\MySQLi\Connection->execute()
#2 /home/getfjupm/public_html/portal/system/Database/BaseConnection.php(648): CodeIgniter\Database\BaseConnection->simpleQuery()
#3 /home/getfjupm/public_html/portal/system/Database/BaseBuilder.php(2340): CodeIgniter\Database\BaseConnection->query()
#4 /home/getfjupm/public_html/portal/app/Models/GfaModel.php(519): CodeIgniter\Database\BaseBuilder->insert()
#5 /home/getfjupm/public_html/portal/app/Controllers/Gfa.php(5988): App\Models\GfaModel->insertCustomerContact()
#6 /home/getfjupm/public_html/portal/system/CodeIgniter.php(933): App\Controllers\Gfa->unleashified_contact()
#7 /home/getfjupm/public_html/portal/system/CodeIgniter.php(509): CodeIgniter\CodeIgniter->runController()
#8 /home/getfjupm/public_html/portal/system/CodeIgniter.php(355): CodeIgniter\CodeIgniter->handleRequest()
#9 /home/getfjupm/public_html/portal/system/Boot.php(325): CodeIgniter\CodeIgniter->run()
#10 /home/getfjupm/public_html/portal/system/Boot.php(67): CodeIgniter\Boot::runCodeIgniter()
#11 /home/getfjupm/public_html/portal/index.php(56): CodeIgniter\Boot::bootWeb()
#12 {main}
CRITICAL - 2025-02-27 13:49:11 --> CodeIgniter\Database\Exceptions\DatabaseException: Unknown column 'name' in 'INSERT INTO'
[Method: POST, Route: gfa/unleashified_contact]
in SYSTEMPATH/Database/BaseConnection.php on line 688.
 1 SYSTEMPATH/Database/BaseBuilder.php(2340): CodeIgniter\Database\BaseConnection->query()
 2 APPPATH/Models/GfaModel.php(519): CodeIgniter\Database\BaseBuilder->insert()
 3 APPPATH/Controllers/Gfa.php(5988): App\Models\GfaModel->insertCustomerContact()
 4 SYSTEMPATH/CodeIgniter.php(933): App\Controllers\Gfa->unleashified_contact()
 5 SYSTEMPATH/CodeIgniter.php(509): CodeIgniter\CodeIgniter->runController()
 6 SYSTEMPATH/CodeIgniter.php(355): CodeIgniter\CodeIgniter->handleRequest()
 7 SYSTEMPATH/Boot.php(325): CodeIgniter\CodeIgniter->run()
 8 SYSTEMPATH/Boot.php(67): CodeIgniter\Boot::runCodeIgniter()
 9 FCPATH/index.php(56): CodeIgniter\Boot::bootWeb()
CRITICAL - 2025-02-27 13:49:11 --> [Caused by] CodeIgniter\Database\Exceptions\DatabaseException: Unknown column 'name' in 'INSERT INTO'
in SYSTEMPATH/Database/MySQLi/Connection.php on line 317.
 1 SYSTEMPATH/Database/BaseConnection.php(734): CodeIgniter\Database\MySQLi\Connection->execute()
 2 SYSTEMPATH/Database/BaseConnection.php(648): CodeIgniter\Database\BaseConnection->simpleQuery()
 3 SYSTEMPATH/Database/BaseBuilder.php(2340): CodeIgniter\Database\BaseConnection->query()
 4 APPPATH/Models/GfaModel.php(519): CodeIgniter\Database\BaseBuilder->insert()
 5 APPPATH/Controllers/Gfa.php(5988): App\Models\GfaModel->insertCustomerContact()
 6 SYSTEMPATH/CodeIgniter.php(933): App\Controllers\Gfa->unleashified_contact()
 7 SYSTEMPATH/CodeIgniter.php(509): CodeIgniter\CodeIgniter->runController()
 8 SYSTEMPATH/CodeIgniter.php(355): CodeIgniter\CodeIgniter->handleRequest()
 9 SYSTEMPATH/Boot.php(325): CodeIgniter\CodeIgniter->run()
10 SYSTEMPATH/Boot.php(67): CodeIgniter\Boot::runCodeIgniter()
11 FCPATH/index.php(56): CodeIgniter\Boot::bootWeb()
CRITICAL - 2025-02-27 13:49:11 --> [Caused by] mysqli_sql_exception: Unknown column 'name' in 'INSERT INTO'
in SYSTEMPATH/Database/MySQLi/Connection.php on line 312.
 1 SYSTEMPATH/Database/MySQLi/Connection.php(312): mysqli->query()
 2 SYSTEMPATH/Database/BaseConnection.php(734): CodeIgniter\Database\MySQLi\Connection->execute()
 3 SYSTEMPATH/Database/BaseConnection.php(648): CodeIgniter\Database\BaseConnection->simpleQuery()
 4 SYSTEMPATH/Database/BaseBuilder.php(2340): CodeIgniter\Database\BaseConnection->query()
 5 APPPATH/Models/GfaModel.php(519): CodeIgniter\Database\BaseBuilder->insert()
 6 APPPATH/Controllers/Gfa.php(5988): App\Models\GfaModel->insertCustomerContact()
 7 SYSTEMPATH/CodeIgniter.php(933): App\Controllers\Gfa->unleashified_contact()
 8 SYSTEMPATH/CodeIgniter.php(509): CodeIgniter\CodeIgniter->runController()
 9 SYSTEMPATH/CodeIgniter.php(355): CodeIgniter\CodeIgniter->handleRequest()
10 SYSTEMPATH/Boot.php(325): CodeIgniter\CodeIgniter->run()
11 SYSTEMPATH/Boot.php(67): CodeIgniter\Boot::runCodeIgniter()
12 FCPATH/index.php(56): CodeIgniter\Boot::bootWeb()
WARNING - 2025-02-27 13:49:16 --> [DEPRECATED] str_replace(): Passing null to parameter #3 ($subject) of type array|string is deprecated in APPPATH/Models/GfaModel.php on line 4504.
 1 APPPATH/Models/GfaModel.php(4504): str_replace('\'', '', null)
 2 APPPATH/Controllers/Gfa.php(5968): App\Models\GfaModel->mysqlCheck(null)
 3 SYSTEMPATH/CodeIgniter.php(933): App\Controllers\Gfa->unleashified_contact()
 4 SYSTEMPATH/CodeIgniter.php(509): CodeIgniter\CodeIgniter->runController(Object(App\Controllers\Gfa))
 5 SYSTEMPATH/CodeIgniter.php(355): CodeIgniter\CodeIgniter->handleRequest(null, Object(Config\Cache), false)
 6 SYSTEMPATH/Boot.php(325): CodeIgniter\CodeIgniter->run()
 7 SYSTEMPATH/Boot.php(67): CodeIgniter\Boot::runCodeIgniter(Object(CodeIgniter\CodeIgniter))
 8 FCPATH/index.php(56): CodeIgniter\Boot::bootWeb(Object(Config\Paths))
ERROR - 2025-02-27 13:51:40 --> mysqli_sql_exception: Unknown column 'name' in 'INSERT INTO' in /home/getfjupm/public_html/portal/system/Database/MySQLi/Connection.php:312
Stack trace:
#0 /home/getfjupm/public_html/portal/system/Database/MySQLi/Connection.php(312): mysqli->query()
#1 /home/getfjupm/public_html/portal/system/Database/BaseConnection.php(734): CodeIgniter\Database\MySQLi\Connection->execute()
#2 /home/getfjupm/public_html/portal/system/Database/BaseConnection.php(648): CodeIgniter\Database\BaseConnection->simpleQuery()
#3 /home/getfjupm/public_html/portal/system/Database/BaseBuilder.php(2340): CodeIgniter\Database\BaseConnection->query()
#4 /home/getfjupm/public_html/portal/app/Models/GfaModel.php(519): CodeIgniter\Database\BaseBuilder->insert()
#5 /home/getfjupm/public_html/portal/app/Controllers/Gfa.php(5988): App\Models\GfaModel->insertCustomerContact()
#6 /home/getfjupm/public_html/portal/system/CodeIgniter.php(933): App\Controllers\Gfa->unleashified_contact()
#7 /home/getfjupm/public_html/portal/system/CodeIgniter.php(509): CodeIgniter\CodeIgniter->runController()
#8 /home/getfjupm/public_html/portal/system/CodeIgniter.php(355): CodeIgniter\CodeIgniter->handleRequest()
#9 /home/getfjupm/public_html/portal/system/Boot.php(325): CodeIgniter\CodeIgniter->run()
#10 /home/getfjupm/public_html/portal/system/Boot.php(67): CodeIgniter\Boot::runCodeIgniter()
#11 /home/getfjupm/public_html/portal/index.php(56): CodeIgniter\Boot::bootWeb()
#12 {main}
CRITICAL - 2025-02-27 13:51:40 --> CodeIgniter\Database\Exceptions\DatabaseException: Unknown column 'name' in 'INSERT INTO'
[Method: POST, Route: gfa/unleashified_contact]
in SYSTEMPATH/Database/BaseConnection.php on line 688.
 1 SYSTEMPATH/Database/BaseBuilder.php(2340): CodeIgniter\Database\BaseConnection->query()
 2 APPPATH/Models/GfaModel.php(519): CodeIgniter\Database\BaseBuilder->insert()
 3 APPPATH/Controllers/Gfa.php(5988): App\Models\GfaModel->insertCustomerContact()
 4 SYSTEMPATH/CodeIgniter.php(933): App\Controllers\Gfa->unleashified_contact()
 5 SYSTEMPATH/CodeIgniter.php(509): CodeIgniter\CodeIgniter->runController()
 6 SYSTEMPATH/CodeIgniter.php(355): CodeIgniter\CodeIgniter->handleRequest()
 7 SYSTEMPATH/Boot.php(325): CodeIgniter\CodeIgniter->run()
 8 SYSTEMPATH/Boot.php(67): CodeIgniter\Boot::runCodeIgniter()
 9 FCPATH/index.php(56): CodeIgniter\Boot::bootWeb()
CRITICAL - 2025-02-27 13:51:40 --> [Caused by] CodeIgniter\Database\Exceptions\DatabaseException: Unknown column 'name' in 'INSERT INTO'
in SYSTEMPATH/Database/MySQLi/Connection.php on line 317.
 1 SYSTEMPATH/Database/BaseConnection.php(734): CodeIgniter\Database\MySQLi\Connection->execute()
 2 SYSTEMPATH/Database/BaseConnection.php(648): CodeIgniter\Database\BaseConnection->simpleQuery()
 3 SYSTEMPATH/Database/BaseBuilder.php(2340): CodeIgniter\Database\BaseConnection->query()
 4 APPPATH/Models/GfaModel.php(519): CodeIgniter\Database\BaseBuilder->insert()
 5 APPPATH/Controllers/Gfa.php(5988): App\Models\GfaModel->insertCustomerContact()
 6 SYSTEMPATH/CodeIgniter.php(933): App\Controllers\Gfa->unleashified_contact()
 7 SYSTEMPATH/CodeIgniter.php(509): CodeIgniter\CodeIgniter->runController()
 8 SYSTEMPATH/CodeIgniter.php(355): CodeIgniter\CodeIgniter->handleRequest()
 9 SYSTEMPATH/Boot.php(325): CodeIgniter\CodeIgniter->run()
10 SYSTEMPATH/Boot.php(67): CodeIgniter\Boot::runCodeIgniter()
11 FCPATH/index.php(56): CodeIgniter\Boot::bootWeb()
CRITICAL - 2025-02-27 13:51:40 --> [Caused by] mysqli_sql_exception: Unknown column 'name' in 'INSERT INTO'
in SYSTEMPATH/Database/MySQLi/Connection.php on line 312.
 1 SYSTEMPATH/Database/MySQLi/Connection.php(312): mysqli->query()
 2 SYSTEMPATH/Database/BaseConnection.php(734): CodeIgniter\Database\MySQLi\Connection->execute()
 3 SYSTEMPATH/Database/BaseConnection.php(648): CodeIgniter\Database\BaseConnection->simpleQuery()
 4 SYSTEMPATH/Database/BaseBuilder.php(2340): CodeIgniter\Database\BaseConnection->query()
 5 APPPATH/Models/GfaModel.php(519): CodeIgniter\Database\BaseBuilder->insert()
 6 APPPATH/Controllers/Gfa.php(5988): App\Models\GfaModel->insertCustomerContact()
 7 SYSTEMPATH/CodeIgniter.php(933): App\Controllers\Gfa->unleashified_contact()
 8 SYSTEMPATH/CodeIgniter.php(509): CodeIgniter\CodeIgniter->runController()
 9 SYSTEMPATH/CodeIgniter.php(355): CodeIgniter\CodeIgniter->handleRequest()
10 SYSTEMPATH/Boot.php(325): CodeIgniter\CodeIgniter->run()
11 SYSTEMPATH/Boot.php(67): CodeIgniter\Boot::runCodeIgniter()
12 FCPATH/index.php(56): CodeIgniter\Boot::bootWeb()
ERROR - 2025-02-27 13:52:09 --> mysqli_sql_exception: Unknown column 'name' in 'INSERT INTO' in /home/getfjupm/public_html/portal/system/Database/MySQLi/Connection.php:312
Stack trace:
#0 /home/getfjupm/public_html/portal/system/Database/MySQLi/Connection.php(312): mysqli->query()
#1 /home/getfjupm/public_html/portal/system/Database/BaseConnection.php(734): CodeIgniter\Database\MySQLi\Connection->execute()
#2 /home/getfjupm/public_html/portal/system/Database/BaseConnection.php(648): CodeIgniter\Database\BaseConnection->simpleQuery()
#3 /home/getfjupm/public_html/portal/system/Database/BaseBuilder.php(2340): CodeIgniter\Database\BaseConnection->query()
#4 /home/getfjupm/public_html/portal/app/Models/GfaModel.php(519): CodeIgniter\Database\BaseBuilder->insert()
#5 /home/getfjupm/public_html/portal/app/Controllers/Gfa.php(5988): App\Models\GfaModel->insertCustomerContact()
#6 /home/getfjupm/public_html/portal/system/CodeIgniter.php(933): App\Controllers\Gfa->unleashified_contact()
#7 /home/getfjupm/public_html/portal/system/CodeIgniter.php(509): CodeIgniter\CodeIgniter->runController()
#8 /home/getfjupm/public_html/portal/system/CodeIgniter.php(355): CodeIgniter\CodeIgniter->handleRequest()
#9 /home/getfjupm/public_html/portal/system/Boot.php(325): CodeIgniter\CodeIgniter->run()
#10 /home/getfjupm/public_html/portal/system/Boot.php(67): CodeIgniter\Boot::runCodeIgniter()
#11 /home/getfjupm/public_html/portal/index.php(56): CodeIgniter\Boot::bootWeb()
#12 {main}
CRITICAL - 2025-02-27 13:52:09 --> CodeIgniter\Database\Exceptions\DatabaseException: Unknown column 'name' in 'INSERT INTO'
[Method: POST, Route: gfa/unleashified_contact]
in SYSTEMPATH/Database/BaseConnection.php on line 688.
 1 SYSTEMPATH/Database/BaseBuilder.php(2340): CodeIgniter\Database\BaseConnection->query()
 2 APPPATH/Models/GfaModel.php(519): CodeIgniter\Database\BaseBuilder->insert()
 3 APPPATH/Controllers/Gfa.php(5988): App\Models\GfaModel->insertCustomerContact()
 4 SYSTEMPATH/CodeIgniter.php(933): App\Controllers\Gfa->unleashified_contact()
 5 SYSTEMPATH/CodeIgniter.php(509): CodeIgniter\CodeIgniter->runController()
 6 SYSTEMPATH/CodeIgniter.php(355): CodeIgniter\CodeIgniter->handleRequest()
 7 SYSTEMPATH/Boot.php(325): CodeIgniter\CodeIgniter->run()
 8 SYSTEMPATH/Boot.php(67): CodeIgniter\Boot::runCodeIgniter()
 9 FCPATH/index.php(56): CodeIgniter\Boot::bootWeb()
CRITICAL - 2025-02-27 13:52:09 --> [Caused by] CodeIgniter\Database\Exceptions\DatabaseException: Unknown column 'name' in 'INSERT INTO'
in SYSTEMPATH/Database/MySQLi/Connection.php on line 317.
 1 SYSTEMPATH/Database/BaseConnection.php(734): CodeIgniter\Database\MySQLi\Connection->execute()
 2 SYSTEMPATH/Database/BaseConnection.php(648): CodeIgniter\Database\BaseConnection->simpleQuery()
 3 SYSTEMPATH/Database/BaseBuilder.php(2340): CodeIgniter\Database\BaseConnection->query()
 4 APPPATH/Models/GfaModel.php(519): CodeIgniter\Database\BaseBuilder->insert()
 5 APPPATH/Controllers/Gfa.php(5988): App\Models\GfaModel->insertCustomerContact()
 6 SYSTEMPATH/CodeIgniter.php(933): App\Controllers\Gfa->unleashified_contact()
 7 SYSTEMPATH/CodeIgniter.php(509): CodeIgniter\CodeIgniter->runController()
 8 SYSTEMPATH/CodeIgniter.php(355): CodeIgniter\CodeIgniter->handleRequest()
 9 SYSTEMPATH/Boot.php(325): CodeIgniter\CodeIgniter->run()
10 SYSTEMPATH/Boot.php(67): CodeIgniter\Boot::runCodeIgniter()
11 FCPATH/index.php(56): CodeIgniter\Boot::bootWeb()
CRITICAL - 2025-02-27 13:52:09 --> [Caused by] mysqli_sql_exception: Unknown column 'name' in 'INSERT INTO'
in SYSTEMPATH/Database/MySQLi/Connection.php on line 312.
 1 SYSTEMPATH/Database/MySQLi/Connection.php(312): mysqli->query()
 2 SYSTEMPATH/Database/BaseConnection.php(734): CodeIgniter\Database\MySQLi\Connection->execute()
 3 SYSTEMPATH/Database/BaseConnection.php(648): CodeIgniter\Database\BaseConnection->simpleQuery()
 4 SYSTEMPATH/Database/BaseBuilder.php(2340): CodeIgniter\Database\BaseConnection->query()
 5 APPPATH/Models/GfaModel.php(519): CodeIgniter\Database\BaseBuilder->insert()
 6 APPPATH/Controllers/Gfa.php(5988): App\Models\GfaModel->insertCustomerContact()
 7 SYSTEMPATH/CodeIgniter.php(933): App\Controllers\Gfa->unleashified_contact()
 8 SYSTEMPATH/CodeIgniter.php(509): CodeIgniter\CodeIgniter->runController()
 9 SYSTEMPATH/CodeIgniter.php(355): CodeIgniter\CodeIgniter->handleRequest()
10 SYSTEMPATH/Boot.php(325): CodeIgniter\CodeIgniter->run()
11 SYSTEMPATH/Boot.php(67): CodeIgniter\Boot::runCodeIgniter()
12 FCPATH/index.php(56): CodeIgniter\Boot::bootWeb()
ERROR - 2025-02-27 13:57:38 --> mysqli_sql_exception: Unknown column 'name' in 'INSERT INTO' in /home/getfjupm/public_html/portal/system/Database/MySQLi/Connection.php:312
Stack trace:
#0 /home/getfjupm/public_html/portal/system/Database/MySQLi/Connection.php(312): mysqli->query()
#1 /home/getfjupm/public_html/portal/system/Database/BaseConnection.php(734): CodeIgniter\Database\MySQLi\Connection->execute()
#2 /home/getfjupm/public_html/portal/system/Database/BaseConnection.php(648): CodeIgniter\Database\BaseConnection->simpleQuery()
#3 /home/getfjupm/public_html/portal/system/Database/BaseBuilder.php(2340): CodeIgniter\Database\BaseConnection->query()
#4 /home/getfjupm/public_html/portal/app/Models/GfaModel.php(519): CodeIgniter\Database\BaseBuilder->insert()
#5 /home/getfjupm/public_html/portal/app/Controllers/Gfa.php(5988): App\Models\GfaModel->insertCustomerContact()
#6 /home/getfjupm/public_html/portal/system/CodeIgniter.php(933): App\Controllers\Gfa->unleashified_contact()
#7 /home/getfjupm/public_html/portal/system/CodeIgniter.php(509): CodeIgniter\CodeIgniter->runController()
#8 /home/getfjupm/public_html/portal/system/CodeIgniter.php(355): CodeIgniter\CodeIgniter->handleRequest()
#9 /home/getfjupm/public_html/portal/system/Boot.php(325): CodeIgniter\CodeIgniter->run()
#10 /home/getfjupm/public_html/portal/system/Boot.php(67): CodeIgniter\Boot::runCodeIgniter()
#11 /home/getfjupm/public_html/portal/index.php(56): CodeIgniter\Boot::bootWeb()
#12 {main}
CRITICAL - 2025-02-27 13:57:38 --> CodeIgniter\Database\Exceptions\DatabaseException: Unknown column 'name' in 'INSERT INTO'
[Method: POST, Route: gfa/unleashified_contact]
in SYSTEMPATH/Database/BaseConnection.php on line 688.
 1 SYSTEMPATH/Database/BaseBuilder.php(2340): CodeIgniter\Database\BaseConnection->query()
 2 APPPATH/Models/GfaModel.php(519): CodeIgniter\Database\BaseBuilder->insert()
 3 APPPATH/Controllers/Gfa.php(5988): App\Models\GfaModel->insertCustomerContact()
 4 SYSTEMPATH/CodeIgniter.php(933): App\Controllers\Gfa->unleashified_contact()
 5 SYSTEMPATH/CodeIgniter.php(509): CodeIgniter\CodeIgniter->runController()
 6 SYSTEMPATH/CodeIgniter.php(355): CodeIgniter\CodeIgniter->handleRequest()
 7 SYSTEMPATH/Boot.php(325): CodeIgniter\CodeIgniter->run()
 8 SYSTEMPATH/Boot.php(67): CodeIgniter\Boot::runCodeIgniter()
 9 FCPATH/index.php(56): CodeIgniter\Boot::bootWeb()
CRITICAL - 2025-02-27 13:57:38 --> [Caused by] CodeIgniter\Database\Exceptions\DatabaseException: Unknown column 'name' in 'INSERT INTO'
in SYSTEMPATH/Database/MySQLi/Connection.php on line 317.
 1 SYSTEMPATH/Database/BaseConnection.php(734): CodeIgniter\Database\MySQLi\Connection->execute()
 2 SYSTEMPATH/Database/BaseConnection.php(648): CodeIgniter\Database\BaseConnection->simpleQuery()
 3 SYSTEMPATH/Database/BaseBuilder.php(2340): CodeIgniter\Database\BaseConnection->query()
 4 APPPATH/Models/GfaModel.php(519): CodeIgniter\Database\BaseBuilder->insert()
 5 APPPATH/Controllers/Gfa.php(5988): App\Models\GfaModel->insertCustomerContact()
 6 SYSTEMPATH/CodeIgniter.php(933): App\Controllers\Gfa->unleashified_contact()
 7 SYSTEMPATH/CodeIgniter.php(509): CodeIgniter\CodeIgniter->runController()
 8 SYSTEMPATH/CodeIgniter.php(355): CodeIgniter\CodeIgniter->handleRequest()
 9 SYSTEMPATH/Boot.php(325): CodeIgniter\CodeIgniter->run()
10 SYSTEMPATH/Boot.php(67): CodeIgniter\Boot::runCodeIgniter()
11 FCPATH/index.php(56): CodeIgniter\Boot::bootWeb()
CRITICAL - 2025-02-27 13:57:38 --> [Caused by] mysqli_sql_exception: Unknown column 'name' in 'INSERT INTO'
in SYSTEMPATH/Database/MySQLi/Connection.php on line 312.
 1 SYSTEMPATH/Database/MySQLi/Connection.php(312): mysqli->query()
 2 SYSTEMPATH/Database/BaseConnection.php(734): CodeIgniter\Database\MySQLi\Connection->execute()
 3 SYSTEMPATH/Database/BaseConnection.php(648): CodeIgniter\Database\BaseConnection->simpleQuery()
 4 SYSTEMPATH/Database/BaseBuilder.php(2340): CodeIgniter\Database\BaseConnection->query()
 5 APPPATH/Models/GfaModel.php(519): CodeIgniter\Database\BaseBuilder->insert()
 6 APPPATH/Controllers/Gfa.php(5988): App\Models\GfaModel->insertCustomerContact()
 7 SYSTEMPATH/CodeIgniter.php(933): App\Controllers\Gfa->unleashified_contact()
 8 SYSTEMPATH/CodeIgniter.php(509): CodeIgniter\CodeIgniter->runController()
 9 SYSTEMPATH/CodeIgniter.php(355): CodeIgniter\CodeIgniter->handleRequest()
10 SYSTEMPATH/Boot.php(325): CodeIgniter\CodeIgniter->run()
11 SYSTEMPATH/Boot.php(67): CodeIgniter\Boot::runCodeIgniter()
12 FCPATH/index.php(56): CodeIgniter\Boot::bootWeb()
ERROR - 2025-02-27 14:43:39 --> mysqli_sql_exception: Unknown column 'name' in 'INSERT INTO' in /home/getfjupm/public_html/portal/system/Database/MySQLi/Connection.php:312
Stack trace:
#0 /home/getfjupm/public_html/portal/system/Database/MySQLi/Connection.php(312): mysqli->query()
#1 /home/getfjupm/public_html/portal/system/Database/BaseConnection.php(734): CodeIgniter\Database\MySQLi\Connection->execute()
#2 /home/getfjupm/public_html/portal/system/Database/BaseConnection.php(648): CodeIgniter\Database\BaseConnection->simpleQuery()
#3 /home/getfjupm/public_html/portal/system/Database/BaseBuilder.php(2340): CodeIgniter\Database\BaseConnection->query()
#4 /home/getfjupm/public_html/portal/app/Models/GfaModel.php(519): CodeIgniter\Database\BaseBuilder->insert()
#5 /home/getfjupm/public_html/portal/app/Controllers/Gfa.php(5988): App\Models\GfaModel->insertCustomerContact()
#6 /home/getfjupm/public_html/portal/system/CodeIgniter.php(933): App\Controllers\Gfa->unleashified_contact()
#7 /home/getfjupm/public_html/portal/system/CodeIgniter.php(509): CodeIgniter\CodeIgniter->runController()
#8 /home/getfjupm/public_html/portal/system/CodeIgniter.php(355): CodeIgniter\CodeIgniter->handleRequest()
#9 /home/getfjupm/public_html/portal/system/Boot.php(325): CodeIgniter\CodeIgniter->run()
#10 /home/getfjupm/public_html/portal/system/Boot.php(67): CodeIgniter\Boot::runCodeIgniter()
#11 /home/getfjupm/public_html/portal/index.php(56): CodeIgniter\Boot::bootWeb()
#12 {main}
CRITICAL - 2025-02-27 14:43:39 --> CodeIgniter\Database\Exceptions\DatabaseException: Unknown column 'name' in 'INSERT INTO'
[Method: POST, Route: gfa/unleashified_contact]
in SYSTEMPATH/Database/BaseConnection.php on line 688.
 1 SYSTEMPATH/Database/BaseBuilder.php(2340): CodeIgniter\Database\BaseConnection->query()
 2 APPPATH/Models/GfaModel.php(519): CodeIgniter\Database\BaseBuilder->insert()
 3 APPPATH/Controllers/Gfa.php(5988): App\Models\GfaModel->insertCustomerContact()
 4 SYSTEMPATH/CodeIgniter.php(933): App\Controllers\Gfa->unleashified_contact()
 5 SYSTEMPATH/CodeIgniter.php(509): CodeIgniter\CodeIgniter->runController()
 6 SYSTEMPATH/CodeIgniter.php(355): CodeIgniter\CodeIgniter->handleRequest()
 7 SYSTEMPATH/Boot.php(325): CodeIgniter\CodeIgniter->run()
 8 SYSTEMPATH/Boot.php(67): CodeIgniter\Boot::runCodeIgniter()
 9 FCPATH/index.php(56): CodeIgniter\Boot::bootWeb()
CRITICAL - 2025-02-27 14:43:39 --> [Caused by] CodeIgniter\Database\Exceptions\DatabaseException: Unknown column 'name' in 'INSERT INTO'
in SYSTEMPATH/Database/MySQLi/Connection.php on line 317.
 1 SYSTEMPATH/Database/BaseConnection.php(734): CodeIgniter\Database\MySQLi\Connection->execute()
 2 SYSTEMPATH/Database/BaseConnection.php(648): CodeIgniter\Database\BaseConnection->simpleQuery()
 3 SYSTEMPATH/Database/BaseBuilder.php(2340): CodeIgniter\Database\BaseConnection->query()
 4 APPPATH/Models/GfaModel.php(519): CodeIgniter\Database\BaseBuilder->insert()
 5 APPPATH/Controllers/Gfa.php(5988): App\Models\GfaModel->insertCustomerContact()
 6 SYSTEMPATH/CodeIgniter.php(933): App\Controllers\Gfa->unleashified_contact()
 7 SYSTEMPATH/CodeIgniter.php(509): CodeIgniter\CodeIgniter->runController()
 8 SYSTEMPATH/CodeIgniter.php(355): CodeIgniter\CodeIgniter->handleRequest()
 9 SYSTEMPATH/Boot.php(325): CodeIgniter\CodeIgniter->run()
10 SYSTEMPATH/Boot.php(67): CodeIgniter\Boot::runCodeIgniter()
11 FCPATH/index.php(56): CodeIgniter\Boot::bootWeb()
CRITICAL - 2025-02-27 14:43:39 --> [Caused by] mysqli_sql_exception: Unknown column 'name' in 'INSERT INTO'
in SYSTEMPATH/Database/MySQLi/Connection.php on line 312.
 1 SYSTEMPATH/Database/MySQLi/Connection.php(312): mysqli->query()
 2 SYSTEMPATH/Database/BaseConnection.php(734): CodeIgniter\Database\MySQLi\Connection->execute()
 3 SYSTEMPATH/Database/BaseConnection.php(648): CodeIgniter\Database\BaseConnection->simpleQuery()
 4 SYSTEMPATH/Database/BaseBuilder.php(2340): CodeIgniter\Database\BaseConnection->query()
 5 APPPATH/Models/GfaModel.php(519): CodeIgniter\Database\BaseBuilder->insert()
 6 APPPATH/Controllers/Gfa.php(5988): App\Models\GfaModel->insertCustomerContact()
 7 SYSTEMPATH/CodeIgniter.php(933): App\Controllers\Gfa->unleashified_contact()
 8 SYSTEMPATH/CodeIgniter.php(509): CodeIgniter\CodeIgniter->runController()
 9 SYSTEMPATH/CodeIgniter.php(355): CodeIgniter\CodeIgniter->handleRequest()
10 SYSTEMPATH/Boot.php(325): CodeIgniter\CodeIgniter->run()
11 SYSTEMPATH/Boot.php(67): CodeIgniter\Boot::runCodeIgniter()
12 FCPATH/index.php(56): CodeIgniter\Boot::bootWeb()
INFO - 2025-02-27 23:23:53 --> Session: Class initialized using 'CodeIgniter\Session\Handlers\FileHandler' driver.
