CRITICAL - 2025-04-21 03:33:55 --> CodeIgniter\HTTP\Exceptions\BadRequestException: The URI you submitted has disallowed characters: " e[o].firstChild.href"
[Method: GET, Route: assets/app-assets/js/core/%20e%5Bo%5D.firstChild.href]
in SYSTEMPATH/Router/Router.php on line 737.
 1 SYSTEMPATH/Router/Router.php(204): CodeIgniter\Router\Router->checkDisallowedChars()
 2 SYSTEMPATH/CodeIgniter.php(834): CodeIgniter\Router\Router->handle()
 3 SYSTEMPATH/CodeIgniter.php(457): CodeIgniter\CodeIgniter->tryToRouteIt()
 4 SYSTEMPATH/CodeIgniter.php(355): CodeIgniter\CodeIgniter->handleRequest()
 5 SYSTEMPATH/Boot.php(325): CodeIgniter\CodeIgniter->run()
 6 SYSTEMPATH/Boot.php(67): CodeIgniter\Boot::runCodeIgniter()
 7 FCPATH/index.php(56): CodeIgniter\Boot::bootWeb()
CRITICAL - 2025-04-21 03:33:58 --> CodeIgniter\HTTP\Exceptions\BadRequestException: The URI you submitted has disallowed characters: " a.listItems[m].url"
[Method: GET, Route: assets/app-assets/js/core/%20a.listItems%5Bm%5D.url]
in SYSTEMPATH/Router/Router.php on line 737.
 1 SYSTEMPATH/Router/Router.php(204): CodeIgniter\Router\Router->checkDisallowedChars()
 2 SYSTEMPATH/CodeIgniter.php(834): CodeIgniter\Router\Router->handle()
 3 SYSTEMPATH/CodeIgniter.php(457): CodeIgniter\CodeIgniter->tryToRouteIt()
 4 SYSTEMPATH/CodeIgniter.php(355): CodeIgniter\CodeIgniter->handleRequest()
 5 SYSTEMPATH/Boot.php(325): CodeIgniter\CodeIgniter->run()
 6 SYSTEMPATH/Boot.php(67): CodeIgniter\Boot::runCodeIgniter()
 7 FCPATH/index.php(56): CodeIgniter\Boot::bootWeb()
WARNING - 2025-04-21 17:52:34 --> [DEPRECATED] strtoupper(): Passing null to parameter #1 ($string) of type string is deprecated in APPPATH/Views/investor/nav_new.php on line 65.
 1 APPPATH/Views/investor/nav_new.php(65): strtoupper(null)
 2 SYSTEMPATH/View/View.php(234): include('/home/getfjupm/public_html/portal/app/Views/investor/nav_new.php')
 3 SYSTEMPATH/View/View.php(237): CodeIgniter\View\View->CodeIgniter\View\{closure}()
 4 SYSTEMPATH/Common.php(1169): CodeIgniter\View\View->render('investor/nav_new', [], true)
 5 APPPATH/Controllers/Gfa.php(9952): view('investor/nav_new', [...])
 6 SYSTEMPATH/CodeIgniter.php(933): App\Controllers\Gfa->investor_mentor()
 7 SYSTEMPATH/CodeIgniter.php(509): CodeIgniter\CodeIgniter->runController(Object(App\Controllers\Gfa))
 8 SYSTEMPATH/CodeIgniter.php(355): CodeIgniter\CodeIgniter->handleRequest(null, Object(Config\Cache), false)
 9 SYSTEMPATH/Boot.php(325): CodeIgniter\CodeIgniter->run()
10 SYSTEMPATH/Boot.php(67): CodeIgniter\Boot::runCodeIgniter(Object(CodeIgniter\CodeIgniter))
11 FCPATH/index.php(58): CodeIgniter\Boot::bootWeb(Object(Config\Paths))
WARNING - 2025-04-21 17:52:59 --> [DEPRECATED] strtoupper(): Passing null to parameter #1 ($string) of type string is deprecated in APPPATH/Views/investor/nav_new.php on line 65.
 1 APPPATH/Views/investor/nav_new.php(65): strtoupper(null)
 2 SYSTEMPATH/View/View.php(234): include('/home/getfjupm/public_html/portal/app/Views/investor/nav_new.php')
 3 SYSTEMPATH/View/View.php(237): CodeIgniter\View\View->CodeIgniter\View\{closure}()
 4 SYSTEMPATH/Common.php(1169): CodeIgniter\View\View->render('investor/nav_new', [], true)
 5 APPPATH/Controllers/Gfa.php(6524): view('investor/nav_new', [...])
 6 SYSTEMPATH/CodeIgniter.php(933): App\Controllers\Gfa->profile()
 7 SYSTEMPATH/CodeIgniter.php(509): CodeIgniter\CodeIgniter->runController(Object(App\Controllers\Gfa))
 8 SYSTEMPATH/CodeIgniter.php(355): CodeIgniter\CodeIgniter->handleRequest(null, Object(Config\Cache), false)
 9 SYSTEMPATH/Boot.php(325): CodeIgniter\CodeIgniter->run()
10 SYSTEMPATH/Boot.php(67): CodeIgniter\Boot::runCodeIgniter(Object(CodeIgniter\CodeIgniter))
11 FCPATH/index.php(58): CodeIgniter\Boot::bootWeb(Object(Config\Paths))
WARNING - 2025-04-21 17:52:59 --> [DEPRECATED] explode(): Passing null to parameter #2 ($string) of type string is deprecated in APPPATH/Views/investor/profile.php on line 146.
 1 APPPATH/Views/investor/profile.php(146): explode(' ', null)
 2 SYSTEMPATH/View/View.php(234): include('/home/getfjupm/public_html/portal/app/Views/investor/profile.php')
 3 SYSTEMPATH/View/View.php(237): CodeIgniter\View\View->CodeIgniter\View\{closure}()
 4 SYSTEMPATH/Common.php(1169): CodeIgniter\View\View->render('investor/profile', [], true)
 5 APPPATH/Controllers/Gfa.php(6525): view('investor/profile', [...])
 6 SYSTEMPATH/CodeIgniter.php(933): App\Controllers\Gfa->profile()
 7 SYSTEMPATH/CodeIgniter.php(509): CodeIgniter\CodeIgniter->runController(Object(App\Controllers\Gfa))
 8 SYSTEMPATH/CodeIgniter.php(355): CodeIgniter\CodeIgniter->handleRequest(null, Object(Config\Cache), false)
 9 SYSTEMPATH/Boot.php(325): CodeIgniter\CodeIgniter->run()
10 SYSTEMPATH/Boot.php(67): CodeIgniter\Boot::runCodeIgniter(Object(CodeIgniter\CodeIgniter))
11 FCPATH/index.php(58): CodeIgniter\Boot::bootWeb(Object(Config\Paths))
WARNING - 2025-04-21 17:52:59 --> [DEPRECATED] explode(): Passing null to parameter #2 ($string) of type string is deprecated in APPPATH/Views/investor/profile.php on line 529.
 1 APPPATH/Views/investor/profile.php(529): explode(',', null)
 2 SYSTEMPATH/View/View.php(234): include('/home/getfjupm/public_html/portal/app/Views/investor/profile.php')
 3 SYSTEMPATH/View/View.php(237): CodeIgniter\View\View->CodeIgniter\View\{closure}()
 4 SYSTEMPATH/Common.php(1169): CodeIgniter\View\View->render('investor/profile', [], true)
 5 APPPATH/Controllers/Gfa.php(6525): view('investor/profile', [...])
 6 SYSTEMPATH/CodeIgniter.php(933): App\Controllers\Gfa->profile()
 7 SYSTEMPATH/CodeIgniter.php(509): CodeIgniter\CodeIgniter->runController(Object(App\Controllers\Gfa))
 8 SYSTEMPATH/CodeIgniter.php(355): CodeIgniter\CodeIgniter->handleRequest(null, Object(Config\Cache), false)
 9 SYSTEMPATH/Boot.php(325): CodeIgniter\CodeIgniter->run()
10 SYSTEMPATH/Boot.php(67): CodeIgniter\Boot::runCodeIgniter(Object(CodeIgniter\CodeIgniter))
11 FCPATH/index.php(58): CodeIgniter\Boot::bootWeb(Object(Config\Paths))
ERROR - 2025-04-21 17:52:59 --> mysqli_sql_exception: Table 'getfjupm_gfa.Investment_Stages' doesn't exist in /home/getfjupm/public_html/portal/system/Database/MySQLi/Connection.php:312
Stack trace:
#0 /home/getfjupm/public_html/portal/system/Database/MySQLi/Connection.php(312): mysqli->query()
#1 /home/getfjupm/public_html/portal/system/Database/BaseConnection.php(734): CodeIgniter\Database\MySQLi\Connection->execute()
#2 /home/getfjupm/public_html/portal/system/Database/BaseConnection.php(648): CodeIgniter\Database\BaseConnection->simpleQuery()
#3 /home/getfjupm/public_html/portal/system/Database/BaseBuilder.php(1644): CodeIgniter\Database\BaseConnection->query()
#4 /home/getfjupm/public_html/portal/app/Models/AdminModel.php(2699): CodeIgniter\Database\BaseBuilder->get()
#5 /home/getfjupm/public_html/portal/app/Views/investor/profile.php(560): App\Models\AdminModel->getInvestmentStage()
#6 /home/getfjupm/public_html/portal/system/View/View.php(234): include('/home/getfjupm/...')
#7 /home/getfjupm/public_html/portal/system/View/View.php(237): CodeIgniter\View\View->CodeIgniter\View\{closure}()
#8 /home/getfjupm/public_html/portal/system/Common.php(1169): CodeIgniter\View\View->render()
#9 /home/getfjupm/public_html/portal/app/Controllers/Gfa.php(6525): view()
#10 /home/getfjupm/public_html/portal/system/CodeIgniter.php(933): App\Controllers\Gfa->profile()
#11 /home/getfjupm/public_html/portal/system/CodeIgniter.php(509): CodeIgniter\CodeIgniter->runController()
#12 /home/getfjupm/public_html/portal/system/CodeIgniter.php(355): CodeIgniter\CodeIgniter->handleRequest()
#13 /home/getfjupm/public_html/portal/system/Boot.php(325): CodeIgniter\CodeIgniter->run()
#14 /home/getfjupm/public_html/portal/system/Boot.php(67): CodeIgniter\Boot::runCodeIgniter()
#15 /home/getfjupm/public_html/portal/index.php(58): CodeIgniter\Boot::bootWeb()
#16 {main}
CRITICAL - 2025-04-21 17:52:59 --> CodeIgniter\Database\Exceptions\DatabaseException: Table 'getfjupm_gfa.Investment_Stages' doesn't exist
[Method: GET, Route: gfa/profile]
in SYSTEMPATH/Database/BaseConnection.php on line 688.
 1 SYSTEMPATH/Database/BaseBuilder.php(1644): CodeIgniter\Database\BaseConnection->query()
 2 APPPATH/Models/AdminModel.php(2699): CodeIgniter\Database\BaseBuilder->get()
 3 APPPATH/Views/investor/profile.php(560): App\Models\AdminModel->getInvestmentStage()
 4 SYSTEMPATH/View/View.php(234): include('/home/getfjupm/public_html/portal/app/Views/investor/profile.php')
 5 SYSTEMPATH/View/View.php(237): CodeIgniter\View\View->CodeIgniter\View\{closure}()
 6 SYSTEMPATH/Common.php(1169): CodeIgniter\View\View->render()
 7 APPPATH/Controllers/Gfa.php(6525): view()
 8 SYSTEMPATH/CodeIgniter.php(933): App\Controllers\Gfa->profile()
 9 SYSTEMPATH/CodeIgniter.php(509): CodeIgniter\CodeIgniter->runController()
10 SYSTEMPATH/CodeIgniter.php(355): CodeIgniter\CodeIgniter->handleRequest()
11 SYSTEMPATH/Boot.php(325): CodeIgniter\CodeIgniter->run()
12 SYSTEMPATH/Boot.php(67): CodeIgniter\Boot::runCodeIgniter()
13 FCPATH/index.php(58): CodeIgniter\Boot::bootWeb()
CRITICAL - 2025-04-21 17:52:59 --> [Caused by] CodeIgniter\Database\Exceptions\DatabaseException: Table 'getfjupm_gfa.Investment_Stages' doesn't exist
in SYSTEMPATH/Database/MySQLi/Connection.php on line 317.
 1 SYSTEMPATH/Database/BaseConnection.php(734): CodeIgniter\Database\MySQLi\Connection->execute()
 2 SYSTEMPATH/Database/BaseConnection.php(648): CodeIgniter\Database\BaseConnection->simpleQuery()
 3 SYSTEMPATH/Database/BaseBuilder.php(1644): CodeIgniter\Database\BaseConnection->query()
 4 APPPATH/Models/AdminModel.php(2699): CodeIgniter\Database\BaseBuilder->get()
 5 APPPATH/Views/investor/profile.php(560): App\Models\AdminModel->getInvestmentStage()
 6 SYSTEMPATH/View/View.php(234): include('/home/getfjupm/public_html/portal/app/Views/investor/profile.php')
 7 SYSTEMPATH/View/View.php(237): CodeIgniter\View\View->CodeIgniter\View\{closure}()
 8 SYSTEMPATH/Common.php(1169): CodeIgniter\View\View->render()
 9 APPPATH/Controllers/Gfa.php(6525): view()
10 SYSTEMPATH/CodeIgniter.php(933): App\Controllers\Gfa->profile()
11 SYSTEMPATH/CodeIgniter.php(509): CodeIgniter\CodeIgniter->runController()
12 SYSTEMPATH/CodeIgniter.php(355): CodeIgniter\CodeIgniter->handleRequest()
13 SYSTEMPATH/Boot.php(325): CodeIgniter\CodeIgniter->run()
14 SYSTEMPATH/Boot.php(67): CodeIgniter\Boot::runCodeIgniter()
15 FCPATH/index.php(58): CodeIgniter\Boot::bootWeb()
CRITICAL - 2025-04-21 17:52:59 --> [Caused by] mysqli_sql_exception: Table 'getfjupm_gfa.Investment_Stages' doesn't exist
in SYSTEMPATH/Database/MySQLi/Connection.php on line 312.
 1 SYSTEMPATH/Database/MySQLi/Connection.php(312): mysqli->query()
 2 SYSTEMPATH/Database/BaseConnection.php(734): CodeIgniter\Database\MySQLi\Connection->execute()
 3 SYSTEMPATH/Database/BaseConnection.php(648): CodeIgniter\Database\BaseConnection->simpleQuery()
 4 SYSTEMPATH/Database/BaseBuilder.php(1644): CodeIgniter\Database\BaseConnection->query()
 5 APPPATH/Models/AdminModel.php(2699): CodeIgniter\Database\BaseBuilder->get()
 6 APPPATH/Views/investor/profile.php(560): App\Models\AdminModel->getInvestmentStage()
 7 SYSTEMPATH/View/View.php(234): include('/home/getfjupm/public_html/portal/app/Views/investor/profile.php')
 8 SYSTEMPATH/View/View.php(237): CodeIgniter\View\View->CodeIgniter\View\{closure}()
 9 SYSTEMPATH/Common.php(1169): CodeIgniter\View\View->render()
10 APPPATH/Controllers/Gfa.php(6525): view()
11 SYSTEMPATH/CodeIgniter.php(933): App\Controllers\Gfa->profile()
12 SYSTEMPATH/CodeIgniter.php(509): CodeIgniter\CodeIgniter->runController()
13 SYSTEMPATH/CodeIgniter.php(355): CodeIgniter\CodeIgniter->handleRequest()
14 SYSTEMPATH/Boot.php(325): CodeIgniter\CodeIgniter->run()
15 SYSTEMPATH/Boot.php(67): CodeIgniter\Boot::runCodeIgniter()
16 FCPATH/index.php(58): CodeIgniter\Boot::bootWeb()
WARNING - 2025-04-21 17:53:11 --> [DEPRECATED] strtoupper(): Passing null to parameter #1 ($string) of type string is deprecated in APPPATH/Views/investor/nav_new.php on line 65.
 1 APPPATH/Views/investor/nav_new.php(65): strtoupper(null)
 2 SYSTEMPATH/View/View.php(234): include('/home/getfjupm/public_html/portal/app/Views/investor/nav_new.php')
 3 SYSTEMPATH/View/View.php(237): CodeIgniter\View\View->CodeIgniter\View\{closure}()
 4 SYSTEMPATH/Common.php(1169): CodeIgniter\View\View->render('investor/nav_new', [], true)
 5 APPPATH/Controllers/Gfa.php(9952): view('investor/nav_new', [...])
 6 SYSTEMPATH/CodeIgniter.php(933): App\Controllers\Gfa->investor_mentor()
 7 SYSTEMPATH/CodeIgniter.php(509): CodeIgniter\CodeIgniter->runController(Object(App\Controllers\Gfa))
 8 SYSTEMPATH/CodeIgniter.php(355): CodeIgniter\CodeIgniter->handleRequest(null, Object(Config\Cache), false)
 9 SYSTEMPATH/Boot.php(325): CodeIgniter\CodeIgniter->run()
10 SYSTEMPATH/Boot.php(67): CodeIgniter\Boot::runCodeIgniter(Object(CodeIgniter\CodeIgniter))
11 FCPATH/index.php(58): CodeIgniter\Boot::bootWeb(Object(Config\Paths))
WARNING - 2025-04-21 17:53:19 --> [DEPRECATED] strtoupper(): Passing null to parameter #1 ($string) of type string is deprecated in APPPATH/Views/investor/nav_new.php on line 65.
 1 APPPATH/Views/investor/nav_new.php(65): strtoupper(null)
 2 SYSTEMPATH/View/View.php(234): include('/home/getfjupm/public_html/portal/app/Views/investor/nav_new.php')
 3 SYSTEMPATH/View/View.php(237): CodeIgniter\View\View->CodeIgniter\View\{closure}()
 4 SYSTEMPATH/Common.php(1169): CodeIgniter\View\View->render('investor/nav_new', [], true)
 5 APPPATH/Controllers/Gfa.php(6524): view('investor/nav_new', [...])
 6 SYSTEMPATH/CodeIgniter.php(933): App\Controllers\Gfa->profile()
 7 SYSTEMPATH/CodeIgniter.php(509): CodeIgniter\CodeIgniter->runController(Object(App\Controllers\Gfa))
 8 SYSTEMPATH/CodeIgniter.php(355): CodeIgniter\CodeIgniter->handleRequest(null, Object(Config\Cache), false)
 9 SYSTEMPATH/Boot.php(325): CodeIgniter\CodeIgniter->run()
10 SYSTEMPATH/Boot.php(67): CodeIgniter\Boot::runCodeIgniter(Object(CodeIgniter\CodeIgniter))
11 FCPATH/index.php(58): CodeIgniter\Boot::bootWeb(Object(Config\Paths))
WARNING - 2025-04-21 17:53:19 --> [DEPRECATED] explode(): Passing null to parameter #2 ($string) of type string is deprecated in APPPATH/Views/investor/profile.php on line 146.
 1 APPPATH/Views/investor/profile.php(146): explode(' ', null)
 2 SYSTEMPATH/View/View.php(234): include('/home/getfjupm/public_html/portal/app/Views/investor/profile.php')
 3 SYSTEMPATH/View/View.php(237): CodeIgniter\View\View->CodeIgniter\View\{closure}()
 4 SYSTEMPATH/Common.php(1169): CodeIgniter\View\View->render('investor/profile', [], true)
 5 APPPATH/Controllers/Gfa.php(6525): view('investor/profile', [...])
 6 SYSTEMPATH/CodeIgniter.php(933): App\Controllers\Gfa->profile()
 7 SYSTEMPATH/CodeIgniter.php(509): CodeIgniter\CodeIgniter->runController(Object(App\Controllers\Gfa))
 8 SYSTEMPATH/CodeIgniter.php(355): CodeIgniter\CodeIgniter->handleRequest(null, Object(Config\Cache), false)
 9 SYSTEMPATH/Boot.php(325): CodeIgniter\CodeIgniter->run()
10 SYSTEMPATH/Boot.php(67): CodeIgniter\Boot::runCodeIgniter(Object(CodeIgniter\CodeIgniter))
11 FCPATH/index.php(58): CodeIgniter\Boot::bootWeb(Object(Config\Paths))
WARNING - 2025-04-21 17:53:19 --> [DEPRECATED] explode(): Passing null to parameter #2 ($string) of type string is deprecated in APPPATH/Views/investor/profile.php on line 529.
 1 APPPATH/Views/investor/profile.php(529): explode(',', null)
 2 SYSTEMPATH/View/View.php(234): include('/home/getfjupm/public_html/portal/app/Views/investor/profile.php')
 3 SYSTEMPATH/View/View.php(237): CodeIgniter\View\View->CodeIgniter\View\{closure}()
 4 SYSTEMPATH/Common.php(1169): CodeIgniter\View\View->render('investor/profile', [], true)
 5 APPPATH/Controllers/Gfa.php(6525): view('investor/profile', [...])
 6 SYSTEMPATH/CodeIgniter.php(933): App\Controllers\Gfa->profile()
 7 SYSTEMPATH/CodeIgniter.php(509): CodeIgniter\CodeIgniter->runController(Object(App\Controllers\Gfa))
 8 SYSTEMPATH/CodeIgniter.php(355): CodeIgniter\CodeIgniter->handleRequest(null, Object(Config\Cache), false)
 9 SYSTEMPATH/Boot.php(325): CodeIgniter\CodeIgniter->run()
10 SYSTEMPATH/Boot.php(67): CodeIgniter\Boot::runCodeIgniter(Object(CodeIgniter\CodeIgniter))
11 FCPATH/index.php(58): CodeIgniter\Boot::bootWeb(Object(Config\Paths))
ERROR - 2025-04-21 17:53:19 --> mysqli_sql_exception: Table 'getfjupm_gfa.Investment_Stages' doesn't exist in /home/getfjupm/public_html/portal/system/Database/MySQLi/Connection.php:312
Stack trace:
#0 /home/getfjupm/public_html/portal/system/Database/MySQLi/Connection.php(312): mysqli->query()
#1 /home/getfjupm/public_html/portal/system/Database/BaseConnection.php(734): CodeIgniter\Database\MySQLi\Connection->execute()
#2 /home/getfjupm/public_html/portal/system/Database/BaseConnection.php(648): CodeIgniter\Database\BaseConnection->simpleQuery()
#3 /home/getfjupm/public_html/portal/system/Database/BaseBuilder.php(1644): CodeIgniter\Database\BaseConnection->query()
#4 /home/getfjupm/public_html/portal/app/Models/AdminModel.php(2699): CodeIgniter\Database\BaseBuilder->get()
#5 /home/getfjupm/public_html/portal/app/Views/investor/profile.php(560): App\Models\AdminModel->getInvestmentStage()
#6 /home/getfjupm/public_html/portal/system/View/View.php(234): include('/home/getfjupm/...')
#7 /home/getfjupm/public_html/portal/system/View/View.php(237): CodeIgniter\View\View->CodeIgniter\View\{closure}()
#8 /home/getfjupm/public_html/portal/system/Common.php(1169): CodeIgniter\View\View->render()
#9 /home/getfjupm/public_html/portal/app/Controllers/Gfa.php(6525): view()
#10 /home/getfjupm/public_html/portal/system/CodeIgniter.php(933): App\Controllers\Gfa->profile()
#11 /home/getfjupm/public_html/portal/system/CodeIgniter.php(509): CodeIgniter\CodeIgniter->runController()
#12 /home/getfjupm/public_html/portal/system/CodeIgniter.php(355): CodeIgniter\CodeIgniter->handleRequest()
#13 /home/getfjupm/public_html/portal/system/Boot.php(325): CodeIgniter\CodeIgniter->run()
#14 /home/getfjupm/public_html/portal/system/Boot.php(67): CodeIgniter\Boot::runCodeIgniter()
#15 /home/getfjupm/public_html/portal/index.php(58): CodeIgniter\Boot::bootWeb()
#16 {main}
CRITICAL - 2025-04-21 17:53:19 --> CodeIgniter\Database\Exceptions\DatabaseException: Table 'getfjupm_gfa.Investment_Stages' doesn't exist
[Method: GET, Route: gfa/profile]
in SYSTEMPATH/Database/BaseConnection.php on line 688.
 1 SYSTEMPATH/Database/BaseBuilder.php(1644): CodeIgniter\Database\BaseConnection->query()
 2 APPPATH/Models/AdminModel.php(2699): CodeIgniter\Database\BaseBuilder->get()
 3 APPPATH/Views/investor/profile.php(560): App\Models\AdminModel->getInvestmentStage()
 4 SYSTEMPATH/View/View.php(234): include('/home/getfjupm/public_html/portal/app/Views/investor/profile.php')
 5 SYSTEMPATH/View/View.php(237): CodeIgniter\View\View->CodeIgniter\View\{closure}()
 6 SYSTEMPATH/Common.php(1169): CodeIgniter\View\View->render()
 7 APPPATH/Controllers/Gfa.php(6525): view()
 8 SYSTEMPATH/CodeIgniter.php(933): App\Controllers\Gfa->profile()
 9 SYSTEMPATH/CodeIgniter.php(509): CodeIgniter\CodeIgniter->runController()
10 SYSTEMPATH/CodeIgniter.php(355): CodeIgniter\CodeIgniter->handleRequest()
11 SYSTEMPATH/Boot.php(325): CodeIgniter\CodeIgniter->run()
12 SYSTEMPATH/Boot.php(67): CodeIgniter\Boot::runCodeIgniter()
13 FCPATH/index.php(58): CodeIgniter\Boot::bootWeb()
CRITICAL - 2025-04-21 17:53:19 --> [Caused by] CodeIgniter\Database\Exceptions\DatabaseException: Table 'getfjupm_gfa.Investment_Stages' doesn't exist
in SYSTEMPATH/Database/MySQLi/Connection.php on line 317.
 1 SYSTEMPATH/Database/BaseConnection.php(734): CodeIgniter\Database\MySQLi\Connection->execute()
 2 SYSTEMPATH/Database/BaseConnection.php(648): CodeIgniter\Database\BaseConnection->simpleQuery()
 3 SYSTEMPATH/Database/BaseBuilder.php(1644): CodeIgniter\Database\BaseConnection->query()
 4 APPPATH/Models/AdminModel.php(2699): CodeIgniter\Database\BaseBuilder->get()
 5 APPPATH/Views/investor/profile.php(560): App\Models\AdminModel->getInvestmentStage()
 6 SYSTEMPATH/View/View.php(234): include('/home/getfjupm/public_html/portal/app/Views/investor/profile.php')
 7 SYSTEMPATH/View/View.php(237): CodeIgniter\View\View->CodeIgniter\View\{closure}()
 8 SYSTEMPATH/Common.php(1169): CodeIgniter\View\View->render()
 9 APPPATH/Controllers/Gfa.php(6525): view()
10 SYSTEMPATH/CodeIgniter.php(933): App\Controllers\Gfa->profile()
11 SYSTEMPATH/CodeIgniter.php(509): CodeIgniter\CodeIgniter->runController()
12 SYSTEMPATH/CodeIgniter.php(355): CodeIgniter\CodeIgniter->handleRequest()
13 SYSTEMPATH/Boot.php(325): CodeIgniter\CodeIgniter->run()
14 SYSTEMPATH/Boot.php(67): CodeIgniter\Boot::runCodeIgniter()
15 FCPATH/index.php(58): CodeIgniter\Boot::bootWeb()
CRITICAL - 2025-04-21 17:53:19 --> [Caused by] mysqli_sql_exception: Table 'getfjupm_gfa.Investment_Stages' doesn't exist
in SYSTEMPATH/Database/MySQLi/Connection.php on line 312.
 1 SYSTEMPATH/Database/MySQLi/Connection.php(312): mysqli->query()
 2 SYSTEMPATH/Database/BaseConnection.php(734): CodeIgniter\Database\MySQLi\Connection->execute()
 3 SYSTEMPATH/Database/BaseConnection.php(648): CodeIgniter\Database\BaseConnection->simpleQuery()
 4 SYSTEMPATH/Database/BaseBuilder.php(1644): CodeIgniter\Database\BaseConnection->query()
 5 APPPATH/Models/AdminModel.php(2699): CodeIgniter\Database\BaseBuilder->get()
 6 APPPATH/Views/investor/profile.php(560): App\Models\AdminModel->getInvestmentStage()
 7 SYSTEMPATH/View/View.php(234): include('/home/getfjupm/public_html/portal/app/Views/investor/profile.php')
 8 SYSTEMPATH/View/View.php(237): CodeIgniter\View\View->CodeIgniter\View\{closure}()
 9 SYSTEMPATH/Common.php(1169): CodeIgniter\View\View->render()
10 APPPATH/Controllers/Gfa.php(6525): view()
11 SYSTEMPATH/CodeIgniter.php(933): App\Controllers\Gfa->profile()
12 SYSTEMPATH/CodeIgniter.php(509): CodeIgniter\CodeIgniter->runController()
13 SYSTEMPATH/CodeIgniter.php(355): CodeIgniter\CodeIgniter->handleRequest()
14 SYSTEMPATH/Boot.php(325): CodeIgniter\CodeIgniter->run()
15 SYSTEMPATH/Boot.php(67): CodeIgniter\Boot::runCodeIgniter()
16 FCPATH/index.php(58): CodeIgniter\Boot::bootWeb()
WARNING - 2025-04-21 17:53:25 --> [DEPRECATED] strtoupper(): Passing null to parameter #1 ($string) of type string is deprecated in APPPATH/Views/investor/nav_new.php on line 65.
 1 APPPATH/Views/investor/nav_new.php(65): strtoupper(null)
 2 SYSTEMPATH/View/View.php(234): include('/home/getfjupm/public_html/portal/app/Views/investor/nav_new.php')
 3 SYSTEMPATH/View/View.php(237): CodeIgniter\View\View->CodeIgniter\View\{closure}()
 4 SYSTEMPATH/Common.php(1169): CodeIgniter\View\View->render('investor/nav_new', [], true)
 5 APPPATH/Controllers/Gfa.php(9952): view('investor/nav_new', [...])
 6 SYSTEMPATH/CodeIgniter.php(933): App\Controllers\Gfa->investor_mentor()
 7 SYSTEMPATH/CodeIgniter.php(509): CodeIgniter\CodeIgniter->runController(Object(App\Controllers\Gfa))
 8 SYSTEMPATH/CodeIgniter.php(355): CodeIgniter\CodeIgniter->handleRequest(null, Object(Config\Cache), false)
 9 SYSTEMPATH/Boot.php(325): CodeIgniter\CodeIgniter->run()
10 SYSTEMPATH/Boot.php(67): CodeIgniter\Boot::runCodeIgniter(Object(CodeIgniter\CodeIgniter))
11 FCPATH/index.php(58): CodeIgniter\Boot::bootWeb(Object(Config\Paths))
WARNING - 2025-04-21 17:53:28 --> [DEPRECATED] strtoupper(): Passing null to parameter #1 ($string) of type string is deprecated in APPPATH/Views/investor/nav_new.php on line 65.
 1 APPPATH/Views/investor/nav_new.php(65): strtoupper(null)
 2 SYSTEMPATH/View/View.php(234): include('/home/getfjupm/public_html/portal/app/Views/investor/nav_new.php')
 3 SYSTEMPATH/View/View.php(237): CodeIgniter\View\View->CodeIgniter\View\{closure}()
 4 SYSTEMPATH/Common.php(1169): CodeIgniter\View\View->render('investor/nav_new', [], true)
 5 APPPATH/Controllers/Gfa.php(9303): view('investor/nav_new', [...])
 6 SYSTEMPATH/CodeIgniter.php(933): App\Controllers\Gfa->startups()
 7 SYSTEMPATH/CodeIgniter.php(509): CodeIgniter\CodeIgniter->runController(Object(App\Controllers\Gfa))
 8 SYSTEMPATH/CodeIgniter.php(355): CodeIgniter\CodeIgniter->handleRequest(null, Object(Config\Cache), false)
 9 SYSTEMPATH/Boot.php(325): CodeIgniter\CodeIgniter->run()
10 SYSTEMPATH/Boot.php(67): CodeIgniter\Boot::runCodeIgniter(Object(CodeIgniter\CodeIgniter))
11 FCPATH/index.php(58): CodeIgniter\Boot::bootWeb(Object(Config\Paths))
ERROR - 2025-04-21 17:53:28 --> mysqli_sql_exception: Table 'getfjupm_gfa.Investment_Stages' doesn't exist in /home/getfjupm/public_html/portal/system/Database/MySQLi/Connection.php:312
Stack trace:
#0 /home/getfjupm/public_html/portal/system/Database/MySQLi/Connection.php(312): mysqli->query()
#1 /home/getfjupm/public_html/portal/system/Database/BaseConnection.php(734): CodeIgniter\Database\MySQLi\Connection->execute()
#2 /home/getfjupm/public_html/portal/system/Database/BaseConnection.php(648): CodeIgniter\Database\BaseConnection->simpleQuery()
#3 /home/getfjupm/public_html/portal/system/Database/BaseBuilder.php(1644): CodeIgniter\Database\BaseConnection->query()
#4 /home/getfjupm/public_html/portal/app/Models/AdminModel.php(2699): CodeIgniter\Database\BaseBuilder->get()
#5 /home/getfjupm/public_html/portal/app/Views/investor/startups.php(56): App\Models\AdminModel->getInvestmentStage()
#6 /home/getfjupm/public_html/portal/system/View/View.php(234): include('/home/getfjupm/...')
#7 /home/getfjupm/public_html/portal/system/View/View.php(237): CodeIgniter\View\View->CodeIgniter\View\{closure}()
#8 /home/getfjupm/public_html/portal/system/Common.php(1169): CodeIgniter\View\View->render()
#9 /home/getfjupm/public_html/portal/app/Controllers/Gfa.php(9305): view()
#10 /home/getfjupm/public_html/portal/system/CodeIgniter.php(933): App\Controllers\Gfa->startups()
#11 /home/getfjupm/public_html/portal/system/CodeIgniter.php(509): CodeIgniter\CodeIgniter->runController()
#12 /home/getfjupm/public_html/portal/system/CodeIgniter.php(355): CodeIgniter\CodeIgniter->handleRequest()
#13 /home/getfjupm/public_html/portal/system/Boot.php(325): CodeIgniter\CodeIgniter->run()
#14 /home/getfjupm/public_html/portal/system/Boot.php(67): CodeIgniter\Boot::runCodeIgniter()
#15 /home/getfjupm/public_html/portal/index.php(58): CodeIgniter\Boot::bootWeb()
#16 {main}
CRITICAL - 2025-04-21 17:53:28 --> CodeIgniter\Database\Exceptions\DatabaseException: Table 'getfjupm_gfa.Investment_Stages' doesn't exist
[Method: GET, Route: gfa/startups]
in SYSTEMPATH/Database/BaseConnection.php on line 688.
 1 SYSTEMPATH/Database/BaseBuilder.php(1644): CodeIgniter\Database\BaseConnection->query()
 2 APPPATH/Models/AdminModel.php(2699): CodeIgniter\Database\BaseBuilder->get()
 3 APPPATH/Views/investor/startups.php(56): App\Models\AdminModel->getInvestmentStage()
 4 SYSTEMPATH/View/View.php(234): include('/home/getfjupm/public_html/portal/app/Views/investor/startups.php')
 5 SYSTEMPATH/View/View.php(237): CodeIgniter\View\View->CodeIgniter\View\{closure}()
 6 SYSTEMPATH/Common.php(1169): CodeIgniter\View\View->render()
 7 APPPATH/Controllers/Gfa.php(9305): view()
 8 SYSTEMPATH/CodeIgniter.php(933): App\Controllers\Gfa->startups()
 9 SYSTEMPATH/CodeIgniter.php(509): CodeIgniter\CodeIgniter->runController()
10 SYSTEMPATH/CodeIgniter.php(355): CodeIgniter\CodeIgniter->handleRequest()
11 SYSTEMPATH/Boot.php(325): CodeIgniter\CodeIgniter->run()
12 SYSTEMPATH/Boot.php(67): CodeIgniter\Boot::runCodeIgniter()
13 FCPATH/index.php(58): CodeIgniter\Boot::bootWeb()
CRITICAL - 2025-04-21 17:53:28 --> [Caused by] CodeIgniter\Database\Exceptions\DatabaseException: Table 'getfjupm_gfa.Investment_Stages' doesn't exist
in SYSTEMPATH/Database/MySQLi/Connection.php on line 317.
 1 SYSTEMPATH/Database/BaseConnection.php(734): CodeIgniter\Database\MySQLi\Connection->execute()
 2 SYSTEMPATH/Database/BaseConnection.php(648): CodeIgniter\Database\BaseConnection->simpleQuery()
 3 SYSTEMPATH/Database/BaseBuilder.php(1644): CodeIgniter\Database\BaseConnection->query()
 4 APPPATH/Models/AdminModel.php(2699): CodeIgniter\Database\BaseBuilder->get()
 5 APPPATH/Views/investor/startups.php(56): App\Models\AdminModel->getInvestmentStage()
 6 SYSTEMPATH/View/View.php(234): include('/home/getfjupm/public_html/portal/app/Views/investor/startups.php')
 7 SYSTEMPATH/View/View.php(237): CodeIgniter\View\View->CodeIgniter\View\{closure}()
 8 SYSTEMPATH/Common.php(1169): CodeIgniter\View\View->render()
 9 APPPATH/Controllers/Gfa.php(9305): view()
10 SYSTEMPATH/CodeIgniter.php(933): App\Controllers\Gfa->startups()
11 SYSTEMPATH/CodeIgniter.php(509): CodeIgniter\CodeIgniter->runController()
12 SYSTEMPATH/CodeIgniter.php(355): CodeIgniter\CodeIgniter->handleRequest()
13 SYSTEMPATH/Boot.php(325): CodeIgniter\CodeIgniter->run()
14 SYSTEMPATH/Boot.php(67): CodeIgniter\Boot::runCodeIgniter()
15 FCPATH/index.php(58): CodeIgniter\Boot::bootWeb()
CRITICAL - 2025-04-21 17:53:28 --> [Caused by] mysqli_sql_exception: Table 'getfjupm_gfa.Investment_Stages' doesn't exist
in SYSTEMPATH/Database/MySQLi/Connection.php on line 312.
 1 SYSTEMPATH/Database/MySQLi/Connection.php(312): mysqli->query()
 2 SYSTEMPATH/Database/BaseConnection.php(734): CodeIgniter\Database\MySQLi\Connection->execute()
 3 SYSTEMPATH/Database/BaseConnection.php(648): CodeIgniter\Database\BaseConnection->simpleQuery()
 4 SYSTEMPATH/Database/BaseBuilder.php(1644): CodeIgniter\Database\BaseConnection->query()
 5 APPPATH/Models/AdminModel.php(2699): CodeIgniter\Database\BaseBuilder->get()
 6 APPPATH/Views/investor/startups.php(56): App\Models\AdminModel->getInvestmentStage()
 7 SYSTEMPATH/View/View.php(234): include('/home/getfjupm/public_html/portal/app/Views/investor/startups.php')
 8 SYSTEMPATH/View/View.php(237): CodeIgniter\View\View->CodeIgniter\View\{closure}()
 9 SYSTEMPATH/Common.php(1169): CodeIgniter\View\View->render()
10 APPPATH/Controllers/Gfa.php(9305): view()
11 SYSTEMPATH/CodeIgniter.php(933): App\Controllers\Gfa->startups()
12 SYSTEMPATH/CodeIgniter.php(509): CodeIgniter\CodeIgniter->runController()
13 SYSTEMPATH/CodeIgniter.php(355): CodeIgniter\CodeIgniter->handleRequest()
14 SYSTEMPATH/Boot.php(325): CodeIgniter\CodeIgniter->run()
15 SYSTEMPATH/Boot.php(67): CodeIgniter\Boot::runCodeIgniter()
16 FCPATH/index.php(58): CodeIgniter\Boot::bootWeb()
