WARNING - 2025-02-28 08:07:43 --> [DEPRECATED] str_replace(): Passing null to parameter #3 ($subject) of type array|string is deprecated in APPPATH/Controllers/Gfa.php on line 4435.
 1 APPPATH/Controllers/Gfa.php(4435): str_replace('\\', '\'', null)
 2 SYSTEMPATH/CodeIgniter.php(933): App\Controllers\Gfa->events('1680529841')
 3 SYSTEMPATH/CodeIgniter.php(509): CodeIgniter\CodeIgniter->runController(Object(App\Controllers\Gfa))
 4 SYSTEMPATH/CodeIgniter.php(355): CodeIgniter\CodeIgniter->handleRequest(null, Object(Config\Cache), false)
 5 SYSTEMPATH/Boot.php(325): CodeIgniter\CodeIgniter->run()
 6 SYSTEMPATH/Boot.php(67): CodeIgniter\Boot::runCodeIgniter(Object(CodeIgniter\CodeIgniter))
 7 FCPATH/index.php(56): CodeIgniter\Boot::bootWeb(Object(Config\Paths))
WARNING - 2025-02-28 08:07:43 --> [DEPRECATED] str_replace(): Passing null to parameter #3 ($subject) of type array|string is deprecated in APPPATH/Controllers/Gfa.php on line 4435.
 1 APPPATH/Controllers/Gfa.php(4435): str_replace('\\', '\'', null)
 2 SYSTEMPATH/CodeIgniter.php(933): App\Controllers\Gfa->events('1680529841')
 3 SYSTEMPATH/CodeIgniter.php(509): CodeIgniter\CodeIgniter->runController(Object(App\Controllers\Gfa))
 4 SYSTEMPATH/CodeIgniter.php(355): CodeIgniter\CodeIgniter->handleRequest(null, Object(Config\Cache), false)
 5 SYSTEMPATH/Boot.php(325): CodeIgniter\CodeIgniter->run()
 6 SYSTEMPATH/Boot.php(67): CodeIgniter\Boot::runCodeIgniter(Object(CodeIgniter\CodeIgniter))
 7 FCPATH/index.php(56): CodeIgniter\Boot::bootWeb(Object(Config\Paths))
INFO - 2025-02-28 08:07:43 --> Session: Class initialized using 'CodeIgniter\Session\Handlers\FileHandler' driver.
INFO - 2025-02-28 08:07:43 --> Session: Class initialized using 'CodeIgniter\Session\Handlers\FileHandler' driver.
CRITICAL - 2025-02-28 09:28:25 --> CodeIgniter\Encryption\Exceptions\EncryptionException: Encrypter needs a starter key.
[Method: GET, Route: admin]
in SYSTEMPATH/Encryption/Encryption.php on line 128.
 1 SYSTEMPATH/Encryption/Encryption.php(128): CodeIgniter\Encryption\Exceptions\EncryptionException::forNeedsStarterKey()
 2 SYSTEMPATH/Config/Services.php(256): CodeIgniter\Encryption\Encryption->initialize()
 3 SYSTEMPATH/Config/BaseService.php(321): CodeIgniter\Config\Services::encrypter()
 4 APPPATH/Controllers/Admin.php(31): CodeIgniter\Config\BaseService::__callStatic()
 5 SYSTEMPATH/CodeIgniter.php(903): App\Controllers\Admin->__construct()
 6 SYSTEMPATH/CodeIgniter.php(500): CodeIgniter\CodeIgniter->createController()
 7 SYSTEMPATH/CodeIgniter.php(355): CodeIgniter\CodeIgniter->handleRequest()
 8 SYSTEMPATH/Boot.php(325): CodeIgniter\CodeIgniter->run()
 9 SYSTEMPATH/Boot.php(67): CodeIgniter\Boot::runCodeIgniter()
10 FCPATH/index.php(56): CodeIgniter\Boot::bootWeb()
INFO - 2025-02-28 09:36:37 --> Session: Class initialized using 'CodeIgniter\Session\Handlers\FileHandler' driver.
INFO - 2025-02-28 09:36:38 --> Session: Class initialized using 'CodeIgniter\Session\Handlers\FileHandler' driver.
INFO - 2025-02-28 09:36:48 --> Session: Class initialized using 'CodeIgniter\Session\Handlers\FileHandler' driver.
CRITICAL - 2025-02-28 09:36:48 --> TypeError: openssl_encrypt(): Argument #1 ($data) must be of type string, null given
[Method: POST, Route: admin/signinAction]
in SYSTEMPATH/Encryption/Handlers/OpenSSLHandler.php on line 99.
 1 SYSTEMPATH/Encryption/Handlers/OpenSSLHandler.php(99): openssl_encrypt()
 2 APPPATH/Controllers/Admin.php(4371): CodeIgniter\Encryption\Handlers\OpenSSLHandler->encrypt()
 3 SYSTEMPATH/CodeIgniter.php(933): App\Controllers\Admin->signinAction()
 4 SYSTEMPATH/CodeIgniter.php(509): CodeIgniter\CodeIgniter->runController()
 5 SYSTEMPATH/CodeIgniter.php(355): CodeIgniter\CodeIgniter->handleRequest()
 6 SYSTEMPATH/Boot.php(325): CodeIgniter\CodeIgniter->run()
 7 SYSTEMPATH/Boot.php(67): CodeIgniter\Boot::runCodeIgniter()
 8 FCPATH/index.php(56): CodeIgniter\Boot::bootWeb()
INFO - 2025-02-28 09:42:01 --> Session: Class initialized using 'CodeIgniter\Session\Handlers\FileHandler' driver.
CRITICAL - 2025-02-28 09:42:01 --> Error: Call to a member function encrypt() on null
[Method: POST, Route: admin/signinAction]
in APPPATH/Controllers/Admin.php on line 4368.
 1 SYSTEMPATH/CodeIgniter.php(933): App\Controllers\Admin->signinAction()
 2 SYSTEMPATH/CodeIgniter.php(509): CodeIgniter\CodeIgniter->runController()
 3 SYSTEMPATH/CodeIgniter.php(355): CodeIgniter\CodeIgniter->handleRequest()
 4 SYSTEMPATH/Boot.php(325): CodeIgniter\CodeIgniter->run()
 5 SYSTEMPATH/Boot.php(67): CodeIgniter\Boot::runCodeIgniter()
 6 FCPATH/index.php(56): CodeIgniter\Boot::bootWeb()
INFO - 2025-02-28 09:43:28 --> Session: Class initialized using 'CodeIgniter\Session\Handlers\FileHandler' driver.
CRITICAL - 2025-02-28 09:43:28 --> Error: Call to a member function encrypt() on null
[Method: POST, Route: admin/signinAction]
in APPPATH/Controllers/Admin.php on line 4373.
 1 SYSTEMPATH/CodeIgniter.php(933): App\Controllers\Admin->signinAction()
 2 SYSTEMPATH/CodeIgniter.php(509): CodeIgniter\CodeIgniter->runController()
 3 SYSTEMPATH/CodeIgniter.php(355): CodeIgniter\CodeIgniter->handleRequest()
 4 SYSTEMPATH/Boot.php(325): CodeIgniter\CodeIgniter->run()
 5 SYSTEMPATH/Boot.php(67): CodeIgniter\Boot::runCodeIgniter()
 6 FCPATH/index.php(56): CodeIgniter\Boot::bootWeb()
INFO - 2025-02-28 09:44:29 --> Session: Class initialized using 'CodeIgniter\Session\Handlers\FileHandler' driver.
INFO - 2025-02-28 09:44:29 --> Session: Class initialized using 'CodeIgniter\Session\Handlers\FileHandler' driver.
WARNING - 2025-02-28 09:44:29 --> [DEPRECATED] ucwords(): Passing null to parameter #1 ($string) of type string is deprecated in APPPATH/Views/admin/navbar.php on line 50.
 1 APPPATH/Views/admin/navbar.php(50): ucwords(null)
 2 SYSTEMPATH/View/View.php(234): include('/home/getfjupm/public_html/portal/app/Views/admin/navbar.php')
 3 SYSTEMPATH/View/View.php(237): CodeIgniter\View\View->CodeIgniter\View\{closure}()
 4 SYSTEMPATH/Common.php(1169): CodeIgniter\View\View->render('admin/navbar', [], true)
 5 APPPATH/Controllers/Admin.php(64): view('admin/navbar', [...])
 6 SYSTEMPATH/CodeIgniter.php(933): App\Controllers\Admin->index()
 7 SYSTEMPATH/CodeIgniter.php(509): CodeIgniter\CodeIgniter->runController(Object(App\Controllers\Admin))
 8 SYSTEMPATH/CodeIgniter.php(355): CodeIgniter\CodeIgniter->handleRequest(null, Object(Config\Cache), false)
 9 SYSTEMPATH/Boot.php(325): CodeIgniter\CodeIgniter->run()
10 SYSTEMPATH/Boot.php(67): CodeIgniter\Boot::runCodeIgniter(Object(CodeIgniter\CodeIgniter))
11 FCPATH/index.php(56): CodeIgniter\Boot::bootWeb(Object(Config\Paths))
ERROR - 2025-02-28 09:44:29 --> mysqli_sql_exception: Table 'getfjupm_gfa.Startups_Inv' doesn't exist in /home/getfjupm/public_html/portal/system/Database/MySQLi/Connection.php:312
Stack trace:
#0 /home/getfjupm/public_html/portal/system/Database/MySQLi/Connection.php(312): mysqli->query()
#1 /home/getfjupm/public_html/portal/system/Database/BaseConnection.php(734): CodeIgniter\Database\MySQLi\Connection->execute()
#2 /home/getfjupm/public_html/portal/system/Database/BaseConnection.php(648): CodeIgniter\Database\BaseConnection->simpleQuery()
#3 /home/getfjupm/public_html/portal/system/Database/BaseBuilder.php(1644): CodeIgniter\Database\BaseConnection->query()
#4 /home/getfjupm/public_html/portal/app/Models/AdminModel.php(1844): CodeIgniter\Database\BaseBuilder->get()
#5 /home/getfjupm/public_html/portal/app/Views/admin/index.php(96): App\Models\AdminModel->countOnboardingStartups()
#6 /home/getfjupm/public_html/portal/system/View/View.php(234): include('/home/getfjupm/...')
#7 /home/getfjupm/public_html/portal/system/View/View.php(237): CodeIgniter\View\View->CodeIgniter\View\{closure}()
#8 /home/getfjupm/public_html/portal/system/Common.php(1169): CodeIgniter\View\View->render()
#9 /home/getfjupm/public_html/portal/app/Controllers/Admin.php(65): view()
#10 /home/getfjupm/public_html/portal/system/CodeIgniter.php(933): App\Controllers\Admin->index()
#11 /home/getfjupm/public_html/portal/system/CodeIgniter.php(509): CodeIgniter\CodeIgniter->runController()
#12 /home/getfjupm/public_html/portal/system/CodeIgniter.php(355): CodeIgniter\CodeIgniter->handleRequest()
#13 /home/getfjupm/public_html/portal/system/Boot.php(325): CodeIgniter\CodeIgniter->run()
#14 /home/getfjupm/public_html/portal/system/Boot.php(67): CodeIgniter\Boot::runCodeIgniter()
#15 /home/getfjupm/public_html/portal/index.php(56): CodeIgniter\Boot::bootWeb()
#16 {main}
CRITICAL - 2025-02-28 09:44:29 --> CodeIgniter\Database\Exceptions\DatabaseException: Table 'getfjupm_gfa.Startups_Inv' doesn't exist
[Method: GET, Route: admin]
in SYSTEMPATH/Database/BaseConnection.php on line 688.
 1 SYSTEMPATH/Database/BaseBuilder.php(1644): CodeIgniter\Database\BaseConnection->query()
 2 APPPATH/Models/AdminModel.php(1844): CodeIgniter\Database\BaseBuilder->get()
 3 APPPATH/Views/admin/index.php(96): App\Models\AdminModel->countOnboardingStartups()
 4 SYSTEMPATH/View/View.php(234): include('/home/getfjupm/public_html/portal/app/Views/admin/index.php')
 5 SYSTEMPATH/View/View.php(237): CodeIgniter\View\View->CodeIgniter\View\{closure}()
 6 SYSTEMPATH/Common.php(1169): CodeIgniter\View\View->render()
 7 APPPATH/Controllers/Admin.php(65): view()
 8 SYSTEMPATH/CodeIgniter.php(933): App\Controllers\Admin->index()
 9 SYSTEMPATH/CodeIgniter.php(509): CodeIgniter\CodeIgniter->runController()
10 SYSTEMPATH/CodeIgniter.php(355): CodeIgniter\CodeIgniter->handleRequest()
11 SYSTEMPATH/Boot.php(325): CodeIgniter\CodeIgniter->run()
12 SYSTEMPATH/Boot.php(67): CodeIgniter\Boot::runCodeIgniter()
13 FCPATH/index.php(56): CodeIgniter\Boot::bootWeb()
CRITICAL - 2025-02-28 09:44:29 --> [Caused by] CodeIgniter\Database\Exceptions\DatabaseException: Table 'getfjupm_gfa.Startups_Inv' doesn't exist
in SYSTEMPATH/Database/MySQLi/Connection.php on line 317.
 1 SYSTEMPATH/Database/BaseConnection.php(734): CodeIgniter\Database\MySQLi\Connection->execute()
 2 SYSTEMPATH/Database/BaseConnection.php(648): CodeIgniter\Database\BaseConnection->simpleQuery()
 3 SYSTEMPATH/Database/BaseBuilder.php(1644): CodeIgniter\Database\BaseConnection->query()
 4 APPPATH/Models/AdminModel.php(1844): CodeIgniter\Database\BaseBuilder->get()
 5 APPPATH/Views/admin/index.php(96): App\Models\AdminModel->countOnboardingStartups()
 6 SYSTEMPATH/View/View.php(234): include('/home/getfjupm/public_html/portal/app/Views/admin/index.php')
 7 SYSTEMPATH/View/View.php(237): CodeIgniter\View\View->CodeIgniter\View\{closure}()
 8 SYSTEMPATH/Common.php(1169): CodeIgniter\View\View->render()
 9 APPPATH/Controllers/Admin.php(65): view()
10 SYSTEMPATH/CodeIgniter.php(933): App\Controllers\Admin->index()
11 SYSTEMPATH/CodeIgniter.php(509): CodeIgniter\CodeIgniter->runController()
12 SYSTEMPATH/CodeIgniter.php(355): CodeIgniter\CodeIgniter->handleRequest()
13 SYSTEMPATH/Boot.php(325): CodeIgniter\CodeIgniter->run()
14 SYSTEMPATH/Boot.php(67): CodeIgniter\Boot::runCodeIgniter()
15 FCPATH/index.php(56): CodeIgniter\Boot::bootWeb()
CRITICAL - 2025-02-28 09:44:29 --> [Caused by] mysqli_sql_exception: Table 'getfjupm_gfa.Startups_Inv' doesn't exist
in SYSTEMPATH/Database/MySQLi/Connection.php on line 312.
 1 SYSTEMPATH/Database/MySQLi/Connection.php(312): mysqli->query()
 2 SYSTEMPATH/Database/BaseConnection.php(734): CodeIgniter\Database\MySQLi\Connection->execute()
 3 SYSTEMPATH/Database/BaseConnection.php(648): CodeIgniter\Database\BaseConnection->simpleQuery()
 4 SYSTEMPATH/Database/BaseBuilder.php(1644): CodeIgniter\Database\BaseConnection->query()
 5 APPPATH/Models/AdminModel.php(1844): CodeIgniter\Database\BaseBuilder->get()
 6 APPPATH/Views/admin/index.php(96): App\Models\AdminModel->countOnboardingStartups()
 7 SYSTEMPATH/View/View.php(234): include('/home/getfjupm/public_html/portal/app/Views/admin/index.php')
 8 SYSTEMPATH/View/View.php(237): CodeIgniter\View\View->CodeIgniter\View\{closure}()
 9 SYSTEMPATH/Common.php(1169): CodeIgniter\View\View->render()
10 APPPATH/Controllers/Admin.php(65): view()
11 SYSTEMPATH/CodeIgniter.php(933): App\Controllers\Admin->index()
12 SYSTEMPATH/CodeIgniter.php(509): CodeIgniter\CodeIgniter->runController()
13 SYSTEMPATH/CodeIgniter.php(355): CodeIgniter\CodeIgniter->handleRequest()
14 SYSTEMPATH/Boot.php(325): CodeIgniter\CodeIgniter->run()
15 SYSTEMPATH/Boot.php(67): CodeIgniter\Boot::runCodeIgniter()
16 FCPATH/index.php(56): CodeIgniter\Boot::bootWeb()
INFO - 2025-02-28 09:45:53 --> Session: Class initialized using 'CodeIgniter\Session\Handlers\FileHandler' driver.
WARNING - 2025-02-28 09:45:53 --> [DEPRECATED] ucwords(): Passing null to parameter #1 ($string) of type string is deprecated in APPPATH/Views/admin/navbar.php on line 50.
 1 APPPATH/Views/admin/navbar.php(50): ucwords(null)
 2 SYSTEMPATH/View/View.php(234): include('/home/getfjupm/public_html/portal/app/Views/admin/navbar.php')
 3 SYSTEMPATH/View/View.php(237): CodeIgniter\View\View->CodeIgniter\View\{closure}()
 4 SYSTEMPATH/Common.php(1169): CodeIgniter\View\View->render('admin/navbar', [], true)
 5 APPPATH/Controllers/Admin.php(64): view('admin/navbar', [...])
 6 SYSTEMPATH/CodeIgniter.php(933): App\Controllers\Admin->index()
 7 SYSTEMPATH/CodeIgniter.php(509): CodeIgniter\CodeIgniter->runController(Object(App\Controllers\Admin))
 8 SYSTEMPATH/CodeIgniter.php(355): CodeIgniter\CodeIgniter->handleRequest(null, Object(Config\Cache), false)
 9 SYSTEMPATH/Boot.php(325): CodeIgniter\CodeIgniter->run()
10 SYSTEMPATH/Boot.php(67): CodeIgniter\Boot::runCodeIgniter(Object(CodeIgniter\CodeIgniter))
11 FCPATH/index.php(56): CodeIgniter\Boot::bootWeb(Object(Config\Paths))
ERROR - 2025-02-28 09:45:53 --> mysqli_sql_exception: Table 'getfjupm_gfa.Accelerator' doesn't exist in /home/getfjupm/public_html/portal/system/Database/MySQLi/Connection.php:312
Stack trace:
#0 /home/getfjupm/public_html/portal/system/Database/MySQLi/Connection.php(312): mysqli->query()
#1 /home/getfjupm/public_html/portal/system/Database/BaseConnection.php(734): CodeIgniter\Database\MySQLi\Connection->execute()
#2 /home/getfjupm/public_html/portal/system/Database/BaseConnection.php(648): CodeIgniter\Database\BaseConnection->simpleQuery()
#3 /home/getfjupm/public_html/portal/system/Database/BaseBuilder.php(1644): CodeIgniter\Database\BaseConnection->query()
#4 /home/getfjupm/public_html/portal/app/Models/AdminModel.php(1870): CodeIgniter\Database\BaseBuilder->get()
#5 /home/getfjupm/public_html/portal/app/Views/admin/index.php(192): App\Models\AdminModel->countOnboardingAccelerators()
#6 /home/getfjupm/public_html/portal/system/View/View.php(234): include('/home/getfjupm/...')
#7 /home/getfjupm/public_html/portal/system/View/View.php(237): CodeIgniter\View\View->CodeIgniter\View\{closure}()
#8 /home/getfjupm/public_html/portal/system/Common.php(1169): CodeIgniter\View\View->render()
#9 /home/getfjupm/public_html/portal/app/Controllers/Admin.php(65): view()
#10 /home/getfjupm/public_html/portal/system/CodeIgniter.php(933): App\Controllers\Admin->index()
#11 /home/getfjupm/public_html/portal/system/CodeIgniter.php(509): CodeIgniter\CodeIgniter->runController()
#12 /home/getfjupm/public_html/portal/system/CodeIgniter.php(355): CodeIgniter\CodeIgniter->handleRequest()
#13 /home/getfjupm/public_html/portal/system/Boot.php(325): CodeIgniter\CodeIgniter->run()
#14 /home/getfjupm/public_html/portal/system/Boot.php(67): CodeIgniter\Boot::runCodeIgniter()
#15 /home/getfjupm/public_html/portal/index.php(56): CodeIgniter\Boot::bootWeb()
#16 {main}
CRITICAL - 2025-02-28 09:45:53 --> CodeIgniter\Database\Exceptions\DatabaseException: Table 'getfjupm_gfa.Accelerator' doesn't exist
[Method: GET, Route: admin]
in SYSTEMPATH/Database/BaseConnection.php on line 688.
 1 SYSTEMPATH/Database/BaseBuilder.php(1644): CodeIgniter\Database\BaseConnection->query()
 2 APPPATH/Models/AdminModel.php(1870): CodeIgniter\Database\BaseBuilder->get()
 3 APPPATH/Views/admin/index.php(192): App\Models\AdminModel->countOnboardingAccelerators()
 4 SYSTEMPATH/View/View.php(234): include('/home/getfjupm/public_html/portal/app/Views/admin/index.php')
 5 SYSTEMPATH/View/View.php(237): CodeIgniter\View\View->CodeIgniter\View\{closure}()
 6 SYSTEMPATH/Common.php(1169): CodeIgniter\View\View->render()
 7 APPPATH/Controllers/Admin.php(65): view()
 8 SYSTEMPATH/CodeIgniter.php(933): App\Controllers\Admin->index()
 9 SYSTEMPATH/CodeIgniter.php(509): CodeIgniter\CodeIgniter->runController()
10 SYSTEMPATH/CodeIgniter.php(355): CodeIgniter\CodeIgniter->handleRequest()
11 SYSTEMPATH/Boot.php(325): CodeIgniter\CodeIgniter->run()
12 SYSTEMPATH/Boot.php(67): CodeIgniter\Boot::runCodeIgniter()
13 FCPATH/index.php(56): CodeIgniter\Boot::bootWeb()
CRITICAL - 2025-02-28 09:45:53 --> [Caused by] CodeIgniter\Database\Exceptions\DatabaseException: Table 'getfjupm_gfa.Accelerator' doesn't exist
in SYSTEMPATH/Database/MySQLi/Connection.php on line 317.
 1 SYSTEMPATH/Database/BaseConnection.php(734): CodeIgniter\Database\MySQLi\Connection->execute()
 2 SYSTEMPATH/Database/BaseConnection.php(648): CodeIgniter\Database\BaseConnection->simpleQuery()
 3 SYSTEMPATH/Database/BaseBuilder.php(1644): CodeIgniter\Database\BaseConnection->query()
 4 APPPATH/Models/AdminModel.php(1870): CodeIgniter\Database\BaseBuilder->get()
 5 APPPATH/Views/admin/index.php(192): App\Models\AdminModel->countOnboardingAccelerators()
 6 SYSTEMPATH/View/View.php(234): include('/home/getfjupm/public_html/portal/app/Views/admin/index.php')
 7 SYSTEMPATH/View/View.php(237): CodeIgniter\View\View->CodeIgniter\View\{closure}()
 8 SYSTEMPATH/Common.php(1169): CodeIgniter\View\View->render()
 9 APPPATH/Controllers/Admin.php(65): view()
10 SYSTEMPATH/CodeIgniter.php(933): App\Controllers\Admin->index()
11 SYSTEMPATH/CodeIgniter.php(509): CodeIgniter\CodeIgniter->runController()
12 SYSTEMPATH/CodeIgniter.php(355): CodeIgniter\CodeIgniter->handleRequest()
13 SYSTEMPATH/Boot.php(325): CodeIgniter\CodeIgniter->run()
14 SYSTEMPATH/Boot.php(67): CodeIgniter\Boot::runCodeIgniter()
15 FCPATH/index.php(56): CodeIgniter\Boot::bootWeb()
CRITICAL - 2025-02-28 09:45:53 --> [Caused by] mysqli_sql_exception: Table 'getfjupm_gfa.Accelerator' doesn't exist
in SYSTEMPATH/Database/MySQLi/Connection.php on line 312.
 1 SYSTEMPATH/Database/MySQLi/Connection.php(312): mysqli->query()
 2 SYSTEMPATH/Database/BaseConnection.php(734): CodeIgniter\Database\MySQLi\Connection->execute()
 3 SYSTEMPATH/Database/BaseConnection.php(648): CodeIgniter\Database\BaseConnection->simpleQuery()
 4 SYSTEMPATH/Database/BaseBuilder.php(1644): CodeIgniter\Database\BaseConnection->query()
 5 APPPATH/Models/AdminModel.php(1870): CodeIgniter\Database\BaseBuilder->get()
 6 APPPATH/Views/admin/index.php(192): App\Models\AdminModel->countOnboardingAccelerators()
 7 SYSTEMPATH/View/View.php(234): include('/home/getfjupm/public_html/portal/app/Views/admin/index.php')
 8 SYSTEMPATH/View/View.php(237): CodeIgniter\View\View->CodeIgniter\View\{closure}()
 9 SYSTEMPATH/Common.php(1169): CodeIgniter\View\View->render()
10 APPPATH/Controllers/Admin.php(65): view()
11 SYSTEMPATH/CodeIgniter.php(933): App\Controllers\Admin->index()
12 SYSTEMPATH/CodeIgniter.php(509): CodeIgniter\CodeIgniter->runController()
13 SYSTEMPATH/CodeIgniter.php(355): CodeIgniter\CodeIgniter->handleRequest()
14 SYSTEMPATH/Boot.php(325): CodeIgniter\CodeIgniter->run()
15 SYSTEMPATH/Boot.php(67): CodeIgniter\Boot::runCodeIgniter()
16 FCPATH/index.php(56): CodeIgniter\Boot::bootWeb()
INFO - 2025-02-28 09:46:24 --> Session: Class initialized using 'CodeIgniter\Session\Handlers\FileHandler' driver.
WARNING - 2025-02-28 09:46:24 --> [DEPRECATED] ucwords(): Passing null to parameter #1 ($string) of type string is deprecated in APPPATH/Views/admin/navbar.php on line 50.
 1 APPPATH/Views/admin/navbar.php(50): ucwords(null)
 2 SYSTEMPATH/View/View.php(234): include('/home/getfjupm/public_html/portal/app/Views/admin/navbar.php')
 3 SYSTEMPATH/View/View.php(237): CodeIgniter\View\View->CodeIgniter\View\{closure}()
 4 SYSTEMPATH/Common.php(1169): CodeIgniter\View\View->render('admin/navbar', [], true)
 5 APPPATH/Controllers/Admin.php(64): view('admin/navbar', [...])
 6 SYSTEMPATH/CodeIgniter.php(933): App\Controllers\Admin->index()
 7 SYSTEMPATH/CodeIgniter.php(509): CodeIgniter\CodeIgniter->runController(Object(App\Controllers\Admin))
 8 SYSTEMPATH/CodeIgniter.php(355): CodeIgniter\CodeIgniter->handleRequest(null, Object(Config\Cache), false)
 9 SYSTEMPATH/Boot.php(325): CodeIgniter\CodeIgniter->run()
10 SYSTEMPATH/Boot.php(67): CodeIgniter\Boot::runCodeIgniter(Object(CodeIgniter\CodeIgniter))
11 FCPATH/index.php(56): CodeIgniter\Boot::bootWeb(Object(Config\Paths))
INFO - 2025-02-28 10:00:33 --> Session: Class initialized using 'CodeIgniter\Session\Handlers\FileHandler' driver.
WARNING - 2025-02-28 10:00:33 --> [DEPRECATED] ucwords(): Passing null to parameter #1 ($string) of type string is deprecated in APPPATH/Views/admin/navbar.php on line 50.
 1 APPPATH/Views/admin/navbar.php(50): ucwords(null)
 2 SYSTEMPATH/View/View.php(234): include('/home/getfjupm/public_html/portal/app/Views/admin/navbar.php')
 3 SYSTEMPATH/View/View.php(237): CodeIgniter\View\View->CodeIgniter\View\{closure}()
 4 SYSTEMPATH/Common.php(1169): CodeIgniter\View\View->render('admin/navbar', [], true)
 5 APPPATH/Controllers/Admin.php(1126): view('admin/navbar', [...])
 6 SYSTEMPATH/CodeIgniter.php(933): App\Controllers\Admin->unleash_contact()
 7 SYSTEMPATH/CodeIgniter.php(509): CodeIgniter\CodeIgniter->runController(Object(App\Controllers\Admin))
 8 SYSTEMPATH/CodeIgniter.php(355): CodeIgniter\CodeIgniter->handleRequest(null, Object(Config\Cache), false)
 9 SYSTEMPATH/Boot.php(325): CodeIgniter\CodeIgniter->run()
10 SYSTEMPATH/Boot.php(67): CodeIgniter\Boot::runCodeIgniter(Object(CodeIgniter\CodeIgniter))
11 FCPATH/index.php(56): CodeIgniter\Boot::bootWeb(Object(Config\Paths))
CRITICAL - 2025-02-28 10:00:33 --> TypeError: view(): Argument #2 ($data) must be of type array, null given, called in /home/getfjupm/public_html/portal/app/Controllers/Admin.php on line 1128
[Method: GET, Route: admin/unleash_contact]
in SYSTEMPATH/Common.php on line 1157.
 1 APPPATH/Controllers/Admin.php(1128): view()
 2 SYSTEMPATH/CodeIgniter.php(933): App\Controllers\Admin->unleash_contact()
 3 SYSTEMPATH/CodeIgniter.php(509): CodeIgniter\CodeIgniter->runController()
 4 SYSTEMPATH/CodeIgniter.php(355): CodeIgniter\CodeIgniter->handleRequest()
 5 SYSTEMPATH/Boot.php(325): CodeIgniter\CodeIgniter->run()
 6 SYSTEMPATH/Boot.php(67): CodeIgniter\Boot::runCodeIgniter()
 7 FCPATH/index.php(56): CodeIgniter\Boot::bootWeb()
INFO - 2025-02-28 10:01:59 --> Session: Class initialized using 'CodeIgniter\Session\Handlers\FileHandler' driver.
WARNING - 2025-02-28 10:01:59 --> [DEPRECATED] ucwords(): Passing null to parameter #1 ($string) of type string is deprecated in APPPATH/Views/admin/navbar.php on line 50.
 1 APPPATH/Views/admin/navbar.php(50): ucwords(null)
 2 SYSTEMPATH/View/View.php(234): include('/home/getfjupm/public_html/portal/app/Views/admin/navbar.php')
 3 SYSTEMPATH/View/View.php(237): CodeIgniter\View\View->CodeIgniter\View\{closure}()
 4 SYSTEMPATH/Common.php(1169): CodeIgniter\View\View->render('admin/navbar', [], true)
 5 APPPATH/Controllers/Admin.php(1126): view('admin/navbar', [...])
 6 SYSTEMPATH/CodeIgniter.php(933): App\Controllers\Admin->unleash_contact()
 7 SYSTEMPATH/CodeIgniter.php(509): CodeIgniter\CodeIgniter->runController(Object(App\Controllers\Admin))
 8 SYSTEMPATH/CodeIgniter.php(355): CodeIgniter\CodeIgniter->handleRequest(null, Object(Config\Cache), false)
 9 SYSTEMPATH/Boot.php(325): CodeIgniter\CodeIgniter->run()
10 SYSTEMPATH/Boot.php(67): CodeIgniter\Boot::runCodeIgniter(Object(CodeIgniter\CodeIgniter))
11 FCPATH/index.php(56): CodeIgniter\Boot::bootWeb(Object(Config\Paths))
INFO - 2025-02-28 10:03:13 --> Session: Class initialized using 'CodeIgniter\Session\Handlers\FileHandler' driver.
WARNING - 2025-02-28 10:03:13 --> [DEPRECATED] ucwords(): Passing null to parameter #1 ($string) of type string is deprecated in APPPATH/Views/admin/navbar.php on line 50.
 1 APPPATH/Views/admin/navbar.php(50): ucwords(null)
 2 SYSTEMPATH/View/View.php(234): include('/home/getfjupm/public_html/portal/app/Views/admin/navbar.php')
 3 SYSTEMPATH/View/View.php(237): CodeIgniter\View\View->CodeIgniter\View\{closure}()
 4 SYSTEMPATH/Common.php(1169): CodeIgniter\View\View->render('admin/navbar', [], true)
 5 APPPATH/Controllers/Admin.php(1126): view('admin/navbar', [...])
 6 SYSTEMPATH/CodeIgniter.php(933): App\Controllers\Admin->unleash_contact()
 7 SYSTEMPATH/CodeIgniter.php(509): CodeIgniter\CodeIgniter->runController(Object(App\Controllers\Admin))
 8 SYSTEMPATH/CodeIgniter.php(355): CodeIgniter\CodeIgniter->handleRequest(null, Object(Config\Cache), false)
 9 SYSTEMPATH/Boot.php(325): CodeIgniter\CodeIgniter->run()
10 SYSTEMPATH/Boot.php(67): CodeIgniter\Boot::runCodeIgniter(Object(CodeIgniter\CodeIgniter))
11 FCPATH/index.php(56): CodeIgniter\Boot::bootWeb(Object(Config\Paths))
INFO - 2025-02-28 10:23:10 --> Session: Class initialized using 'CodeIgniter\Session\Handlers\FileHandler' driver.
WARNING - 2025-02-28 10:23:10 --> [DEPRECATED] ucwords(): Passing null to parameter #1 ($string) of type string is deprecated in APPPATH/Views/admin/navbar.php on line 50.
 1 APPPATH/Views/admin/navbar.php(50): ucwords(null)
 2 SYSTEMPATH/View/View.php(234): include('/home/getfjupm/public_html/portal/app/Views/admin/navbar.php')
 3 SYSTEMPATH/View/View.php(237): CodeIgniter\View\View->CodeIgniter\View\{closure}()
 4 SYSTEMPATH/Common.php(1169): CodeIgniter\View\View->render('admin/navbar', [], true)
 5 APPPATH/Controllers/Admin.php(1126): view('admin/navbar', [...])
 6 SYSTEMPATH/CodeIgniter.php(933): App\Controllers\Admin->unleash_contact()
 7 SYSTEMPATH/CodeIgniter.php(509): CodeIgniter\CodeIgniter->runController(Object(App\Controllers\Admin))
 8 SYSTEMPATH/CodeIgniter.php(355): CodeIgniter\CodeIgniter->handleRequest(null, Object(Config\Cache), false)
 9 SYSTEMPATH/Boot.php(325): CodeIgniter\CodeIgniter->run()
10 SYSTEMPATH/Boot.php(67): CodeIgniter\Boot::runCodeIgniter(Object(CodeIgniter\CodeIgniter))
11 FCPATH/index.php(56): CodeIgniter\Boot::bootWeb(Object(Config\Paths))
INFO - 2025-02-28 10:23:54 --> Session: Class initialized using 'CodeIgniter\Session\Handlers\FileHandler' driver.
WARNING - 2025-02-28 10:23:54 --> [DEPRECATED] ucwords(): Passing null to parameter #1 ($string) of type string is deprecated in APPPATH/Views/admin/navbar.php on line 50.
 1 APPPATH/Views/admin/navbar.php(50): ucwords(null)
 2 SYSTEMPATH/View/View.php(234): include('/home/getfjupm/public_html/portal/app/Views/admin/navbar.php')
 3 SYSTEMPATH/View/View.php(237): CodeIgniter\View\View->CodeIgniter\View\{closure}()
 4 SYSTEMPATH/Common.php(1169): CodeIgniter\View\View->render('admin/navbar', [], true)
 5 APPPATH/Controllers/Admin.php(1126): view('admin/navbar', [...])
 6 SYSTEMPATH/CodeIgniter.php(933): App\Controllers\Admin->unleash_contact()
 7 SYSTEMPATH/CodeIgniter.php(509): CodeIgniter\CodeIgniter->runController(Object(App\Controllers\Admin))
 8 SYSTEMPATH/CodeIgniter.php(355): CodeIgniter\CodeIgniter->handleRequest(null, Object(Config\Cache), false)
 9 SYSTEMPATH/Boot.php(325): CodeIgniter\CodeIgniter->run()
10 SYSTEMPATH/Boot.php(67): CodeIgniter\Boot::runCodeIgniter(Object(CodeIgniter\CodeIgniter))
11 FCPATH/index.php(56): CodeIgniter\Boot::bootWeb(Object(Config\Paths))
INFO - 2025-02-28 11:57:57 --> Session: Class initialized using 'CodeIgniter\Session\Handlers\FileHandler' driver.
WARNING - 2025-02-28 11:57:57 --> [DEPRECATED] ucwords(): Passing null to parameter #1 ($string) of type string is deprecated in APPPATH/Views/admin/navbar.php on line 50.
 1 APPPATH/Views/admin/navbar.php(50): ucwords(null)
 2 SYSTEMPATH/View/View.php(234): include('/home/getfjupm/public_html/portal/app/Views/admin/navbar.php')
 3 SYSTEMPATH/View/View.php(237): CodeIgniter\View\View->CodeIgniter\View\{closure}()
 4 SYSTEMPATH/Common.php(1169): CodeIgniter\View\View->render('admin/navbar', [], true)
 5 APPPATH/Controllers/Admin.php(1143): view('admin/navbar', [...])
 6 SYSTEMPATH/CodeIgniter.php(933): App\Controllers\Admin->unleash_newsletter()
 7 SYSTEMPATH/CodeIgniter.php(509): CodeIgniter\CodeIgniter->runController(Object(App\Controllers\Admin))
 8 SYSTEMPATH/CodeIgniter.php(355): CodeIgniter\CodeIgniter->handleRequest(null, Object(Config\Cache), false)
 9 SYSTEMPATH/Boot.php(325): CodeIgniter\CodeIgniter->run()
10 SYSTEMPATH/Boot.php(67): CodeIgniter\Boot::runCodeIgniter(Object(CodeIgniter\CodeIgniter))
11 FCPATH/index.php(56): CodeIgniter\Boot::bootWeb(Object(Config\Paths))
CRITICAL - 2025-02-28 11:57:57 --> BadMethodCallException: Call to undefined method App\Models\AdminModel::getAllUnleashifiedNewsletter
[Method: GET, Route: admin/unleash_newsletter]
in SYSTEMPATH/Model.php on line 932.
 1 APPPATH/Views/admin/unleash_newsletter.php(36): CodeIgniter\Model->__call()
 2 SYSTEMPATH/View/View.php(234): include('/home/getfjupm/public_html/portal/app/Views/admin/unleash_newsletter.php')
 3 SYSTEMPATH/View/View.php(237): CodeIgniter\View\View->CodeIgniter\View\{closure}()
 4 SYSTEMPATH/Common.php(1169): CodeIgniter\View\View->render()
 5 APPPATH/Controllers/Admin.php(1145): view()
 6 SYSTEMPATH/CodeIgniter.php(933): App\Controllers\Admin->unleash_newsletter()
 7 SYSTEMPATH/CodeIgniter.php(509): CodeIgniter\CodeIgniter->runController()
 8 SYSTEMPATH/CodeIgniter.php(355): CodeIgniter\CodeIgniter->handleRequest()
 9 SYSTEMPATH/Boot.php(325): CodeIgniter\CodeIgniter->run()
10 SYSTEMPATH/Boot.php(67): CodeIgniter\Boot::runCodeIgniter()
11 FCPATH/index.php(56): CodeIgniter\Boot::bootWeb()
INFO - 2025-02-28 11:58:33 --> Session: Class initialized using 'CodeIgniter\Session\Handlers\FileHandler' driver.
WARNING - 2025-02-28 11:58:33 --> [DEPRECATED] ucwords(): Passing null to parameter #1 ($string) of type string is deprecated in APPPATH/Views/admin/navbar.php on line 50.
 1 APPPATH/Views/admin/navbar.php(50): ucwords(null)
 2 SYSTEMPATH/View/View.php(234): include('/home/getfjupm/public_html/portal/app/Views/admin/navbar.php')
 3 SYSTEMPATH/View/View.php(237): CodeIgniter\View\View->CodeIgniter\View\{closure}()
 4 SYSTEMPATH/Common.php(1169): CodeIgniter\View\View->render('admin/navbar', [], true)
 5 APPPATH/Controllers/Admin.php(1143): view('admin/navbar', [...])
 6 SYSTEMPATH/CodeIgniter.php(933): App\Controllers\Admin->unleash_newsletter()
 7 SYSTEMPATH/CodeIgniter.php(509): CodeIgniter\CodeIgniter->runController(Object(App\Controllers\Admin))
 8 SYSTEMPATH/CodeIgniter.php(355): CodeIgniter\CodeIgniter->handleRequest(null, Object(Config\Cache), false)
 9 SYSTEMPATH/Boot.php(325): CodeIgniter\CodeIgniter->run()
10 SYSTEMPATH/Boot.php(67): CodeIgniter\Boot::runCodeIgniter(Object(CodeIgniter\CodeIgniter))
11 FCPATH/index.php(56): CodeIgniter\Boot::bootWeb(Object(Config\Paths))
INFO - 2025-02-28 11:59:01 --> Session: Class initialized using 'CodeIgniter\Session\Handlers\FileHandler' driver.
WARNING - 2025-02-28 11:59:01 --> [DEPRECATED] ucwords(): Passing null to parameter #1 ($string) of type string is deprecated in APPPATH/Views/admin/navbar.php on line 50.
 1 APPPATH/Views/admin/navbar.php(50): ucwords(null)
 2 SYSTEMPATH/View/View.php(234): include('/home/getfjupm/public_html/portal/app/Views/admin/navbar.php')
 3 SYSTEMPATH/View/View.php(237): CodeIgniter\View\View->CodeIgniter\View\{closure}()
 4 SYSTEMPATH/Common.php(1169): CodeIgniter\View\View->render('admin/navbar', [], true)
 5 APPPATH/Controllers/Admin.php(1143): view('admin/navbar', [...])
 6 SYSTEMPATH/CodeIgniter.php(933): App\Controllers\Admin->unleash_newsletter()
 7 SYSTEMPATH/CodeIgniter.php(509): CodeIgniter\CodeIgniter->runController(Object(App\Controllers\Admin))
 8 SYSTEMPATH/CodeIgniter.php(355): CodeIgniter\CodeIgniter->handleRequest(null, Object(Config\Cache), false)
 9 SYSTEMPATH/Boot.php(325): CodeIgniter\CodeIgniter->run()
10 SYSTEMPATH/Boot.php(67): CodeIgniter\Boot::runCodeIgniter(Object(CodeIgniter\CodeIgniter))
11 FCPATH/index.php(56): CodeIgniter\Boot::bootWeb(Object(Config\Paths))
INFO - 2025-02-28 12:14:43 --> Session: Class initialized using 'CodeIgniter\Session\Handlers\FileHandler' driver.
WARNING - 2025-02-28 12:14:43 --> [DEPRECATED] ucwords(): Passing null to parameter #1 ($string) of type string is deprecated in APPPATH/Views/admin/navbar.php on line 50.
 1 APPPATH/Views/admin/navbar.php(50): ucwords(null)
 2 SYSTEMPATH/View/View.php(234): include('/home/getfjupm/public_html/portal/app/Views/admin/navbar.php')
 3 SYSTEMPATH/View/View.php(237): CodeIgniter\View\View->CodeIgniter\View\{closure}()
 4 SYSTEMPATH/Common.php(1169): CodeIgniter\View\View->render('admin/navbar', [], true)
 5 APPPATH/Controllers/Admin.php(64): view('admin/navbar', [...])
 6 SYSTEMPATH/CodeIgniter.php(933): App\Controllers\Admin->index()
 7 SYSTEMPATH/CodeIgniter.php(509): CodeIgniter\CodeIgniter->runController(Object(App\Controllers\Admin))
 8 SYSTEMPATH/CodeIgniter.php(355): CodeIgniter\CodeIgniter->handleRequest(null, Object(Config\Cache), false)
 9 SYSTEMPATH/Boot.php(325): CodeIgniter\CodeIgniter->run()
10 SYSTEMPATH/Boot.php(67): CodeIgniter\Boot::runCodeIgniter(Object(CodeIgniter\CodeIgniter))
11 FCPATH/index.php(56): CodeIgniter\Boot::bootWeb(Object(Config\Paths))
INFO - 2025-02-28 12:14:56 --> Session: Class initialized using 'CodeIgniter\Session\Handlers\FileHandler' driver.
WARNING - 2025-02-28 12:14:56 --> [DEPRECATED] ucwords(): Passing null to parameter #1 ($string) of type string is deprecated in APPPATH/Views/admin/navbar.php on line 50.
 1 APPPATH/Views/admin/navbar.php(50): ucwords(null)
 2 SYSTEMPATH/View/View.php(234): include('/home/getfjupm/public_html/portal/app/Views/admin/navbar.php')
 3 SYSTEMPATH/View/View.php(237): CodeIgniter\View\View->CodeIgniter\View\{closure}()
 4 SYSTEMPATH/Common.php(1169): CodeIgniter\View\View->render('admin/navbar', [], true)
 5 APPPATH/Controllers/Admin.php(1143): view('admin/navbar', [...])
 6 SYSTEMPATH/CodeIgniter.php(933): App\Controllers\Admin->unleash_newsletter()
 7 SYSTEMPATH/CodeIgniter.php(509): CodeIgniter\CodeIgniter->runController(Object(App\Controllers\Admin))
 8 SYSTEMPATH/CodeIgniter.php(355): CodeIgniter\CodeIgniter->handleRequest(null, Object(Config\Cache), false)
 9 SYSTEMPATH/Boot.php(325): CodeIgniter\CodeIgniter->run()
10 SYSTEMPATH/Boot.php(67): CodeIgniter\Boot::runCodeIgniter(Object(CodeIgniter\CodeIgniter))
11 FCPATH/index.php(56): CodeIgniter\Boot::bootWeb(Object(Config\Paths))
INFO - 2025-02-28 12:14:58 --> Session: Class initialized using 'CodeIgniter\Session\Handlers\FileHandler' driver.
WARNING - 2025-02-28 12:14:58 --> [DEPRECATED] ucwords(): Passing null to parameter #1 ($string) of type string is deprecated in APPPATH/Views/admin/navbar.php on line 50.
 1 APPPATH/Views/admin/navbar.php(50): ucwords(null)
 2 SYSTEMPATH/View/View.php(234): include('/home/getfjupm/public_html/portal/app/Views/admin/navbar.php')
 3 SYSTEMPATH/View/View.php(237): CodeIgniter\View\View->CodeIgniter\View\{closure}()
 4 SYSTEMPATH/Common.php(1169): CodeIgniter\View\View->render('admin/navbar', [], true)
 5 APPPATH/Controllers/Admin.php(64): view('admin/navbar', [...])
 6 SYSTEMPATH/CodeIgniter.php(933): App\Controllers\Admin->index()
 7 SYSTEMPATH/CodeIgniter.php(509): CodeIgniter\CodeIgniter->runController(Object(App\Controllers\Admin))
 8 SYSTEMPATH/CodeIgniter.php(355): CodeIgniter\CodeIgniter->handleRequest(null, Object(Config\Cache), false)
 9 SYSTEMPATH/Boot.php(325): CodeIgniter\CodeIgniter->run()
10 SYSTEMPATH/Boot.php(67): CodeIgniter\Boot::runCodeIgniter(Object(CodeIgniter\CodeIgniter))
11 FCPATH/index.php(56): CodeIgniter\Boot::bootWeb(Object(Config\Paths))
INFO - 2025-02-28 12:15:01 --> Session: Class initialized using 'CodeIgniter\Session\Handlers\FileHandler' driver.
WARNING - 2025-02-28 12:15:01 --> [DEPRECATED] ucwords(): Passing null to parameter #1 ($string) of type string is deprecated in APPPATH/Views/admin/navbar.php on line 50.
 1 APPPATH/Views/admin/navbar.php(50): ucwords(null)
 2 SYSTEMPATH/View/View.php(234): include('/home/getfjupm/public_html/portal/app/Views/admin/navbar.php')
 3 SYSTEMPATH/View/View.php(237): CodeIgniter\View\View->CodeIgniter\View\{closure}()
 4 SYSTEMPATH/Common.php(1169): CodeIgniter\View\View->render('admin/navbar', [], true)
 5 APPPATH/Controllers/Admin.php(1126): view('admin/navbar', [...])
 6 SYSTEMPATH/CodeIgniter.php(933): App\Controllers\Admin->unleash_contact()
 7 SYSTEMPATH/CodeIgniter.php(509): CodeIgniter\CodeIgniter->runController(Object(App\Controllers\Admin))
 8 SYSTEMPATH/CodeIgniter.php(355): CodeIgniter\CodeIgniter->handleRequest(null, Object(Config\Cache), false)
 9 SYSTEMPATH/Boot.php(325): CodeIgniter\CodeIgniter->run()
10 SYSTEMPATH/Boot.php(67): CodeIgniter\Boot::runCodeIgniter(Object(CodeIgniter\CodeIgniter))
11 FCPATH/index.php(56): CodeIgniter\Boot::bootWeb(Object(Config\Paths))
INFO - 2025-02-28 12:15:12 --> Session: Class initialized using 'CodeIgniter\Session\Handlers\FileHandler' driver.
INFO - 2025-02-28 12:15:13 --> Session: Class initialized using 'CodeIgniter\Session\Handlers\FileHandler' driver.
INFO - 2025-02-28 12:17:48 --> Session: Class initialized using 'CodeIgniter\Session\Handlers\FileHandler' driver.
INFO - 2025-02-28 12:17:48 --> Session: Class initialized using 'CodeIgniter\Session\Handlers\FileHandler' driver.
INFO - 2025-02-28 12:19:39 --> Session: Class initialized using 'CodeIgniter\Session\Handlers\FileHandler' driver.
INFO - 2025-02-28 12:21:41 --> Session: Class initialized using 'CodeIgniter\Session\Handlers\FileHandler' driver.
INFO - 2025-02-28 12:21:41 --> Session: Class initialized using 'CodeIgniter\Session\Handlers\FileHandler' driver.
INFO - 2025-02-28 12:21:44 --> Session: Class initialized using 'CodeIgniter\Session\Handlers\FileHandler' driver.
INFO - 2025-02-28 12:21:44 --> Session: Class initialized using 'CodeIgniter\Session\Handlers\FileHandler' driver.
INFO - 2025-02-28 12:22:01 --> Session: Class initialized using 'CodeIgniter\Session\Handlers\FileHandler' driver.
INFO - 2025-02-28 12:22:02 --> Session: Class initialized using 'CodeIgniter\Session\Handlers\FileHandler' driver.
WARNING - 2025-02-28 12:22:02 --> [DEPRECATED] ucwords(): Passing null to parameter #1 ($string) of type string is deprecated in APPPATH/Views/admin/navbar.php on line 50.
 1 APPPATH/Views/admin/navbar.php(50): ucwords(null)
 2 SYSTEMPATH/View/View.php(234): include('/home/getfjupm/public_html/portal/app/Views/admin/navbar.php')
 3 SYSTEMPATH/View/View.php(237): CodeIgniter\View\View->CodeIgniter\View\{closure}()
 4 SYSTEMPATH/Common.php(1169): CodeIgniter\View\View->render('admin/navbar', [], true)
 5 APPPATH/Controllers/Admin.php(64): view('admin/navbar', [...])
 6 SYSTEMPATH/CodeIgniter.php(933): App\Controllers\Admin->index()
 7 SYSTEMPATH/CodeIgniter.php(509): CodeIgniter\CodeIgniter->runController(Object(App\Controllers\Admin))
 8 SYSTEMPATH/CodeIgniter.php(355): CodeIgniter\CodeIgniter->handleRequest(null, Object(Config\Cache), false)
 9 SYSTEMPATH/Boot.php(325): CodeIgniter\CodeIgniter->run()
10 SYSTEMPATH/Boot.php(67): CodeIgniter\Boot::runCodeIgniter(Object(CodeIgniter\CodeIgniter))
11 FCPATH/index.php(56): CodeIgniter\Boot::bootWeb(Object(Config\Paths))
INFO - 2025-02-28 12:22:34 --> Session: Class initialized using 'CodeIgniter\Session\Handlers\FileHandler' driver.
WARNING - 2025-02-28 12:22:34 --> [DEPRECATED] ucwords(): Passing null to parameter #1 ($string) of type string is deprecated in APPPATH/Views/admin/navbar.php on line 50.
 1 APPPATH/Views/admin/navbar.php(50): ucwords(null)
 2 SYSTEMPATH/View/View.php(234): include('/home/getfjupm/public_html/portal/app/Views/admin/navbar.php')
 3 SYSTEMPATH/View/View.php(237): CodeIgniter\View\View->CodeIgniter\View\{closure}()
 4 SYSTEMPATH/Common.php(1169): CodeIgniter\View\View->render('admin/navbar', [], true)
 5 APPPATH/Controllers/Admin.php(1126): view('admin/navbar', [...])
 6 SYSTEMPATH/CodeIgniter.php(933): App\Controllers\Admin->unleash_contact()
 7 SYSTEMPATH/CodeIgniter.php(509): CodeIgniter\CodeIgniter->runController(Object(App\Controllers\Admin))
 8 SYSTEMPATH/CodeIgniter.php(355): CodeIgniter\CodeIgniter->handleRequest(null, Object(Config\Cache), false)
 9 SYSTEMPATH/Boot.php(325): CodeIgniter\CodeIgniter->run()
10 SYSTEMPATH/Boot.php(67): CodeIgniter\Boot::runCodeIgniter(Object(CodeIgniter\CodeIgniter))
11 FCPATH/index.php(56): CodeIgniter\Boot::bootWeb(Object(Config\Paths))
INFO - 2025-02-28 12:22:42 --> Session: Class initialized using 'CodeIgniter\Session\Handlers\FileHandler' driver.
INFO - 2025-02-28 12:22:42 --> Session: Class initialized using 'CodeIgniter\Session\Handlers\FileHandler' driver.
INFO - 2025-02-28 12:22:43 --> Session: Class initialized using 'CodeIgniter\Session\Handlers\FileHandler' driver.
WARNING - 2025-02-28 12:22:43 --> [DEPRECATED] ucwords(): Passing null to parameter #1 ($string) of type string is deprecated in APPPATH/Views/admin/navbar.php on line 50.
 1 APPPATH/Views/admin/navbar.php(50): ucwords(null)
 2 SYSTEMPATH/View/View.php(234): include('/home/getfjupm/public_html/portal/app/Views/admin/navbar.php')
 3 SYSTEMPATH/View/View.php(237): CodeIgniter\View\View->CodeIgniter\View\{closure}()
 4 SYSTEMPATH/Common.php(1169): CodeIgniter\View\View->render('admin/navbar', [], true)
 5 APPPATH/Controllers/Admin.php(64): view('admin/navbar', [...])
 6 SYSTEMPATH/CodeIgniter.php(933): App\Controllers\Admin->index()
 7 SYSTEMPATH/CodeIgniter.php(509): CodeIgniter\CodeIgniter->runController(Object(App\Controllers\Admin))
 8 SYSTEMPATH/CodeIgniter.php(355): CodeIgniter\CodeIgniter->handleRequest(null, Object(Config\Cache), false)
 9 SYSTEMPATH/Boot.php(325): CodeIgniter\CodeIgniter->run()
10 SYSTEMPATH/Boot.php(67): CodeIgniter\Boot::runCodeIgniter(Object(CodeIgniter\CodeIgniter))
11 FCPATH/index.php(56): CodeIgniter\Boot::bootWeb(Object(Config\Paths))
INFO - 2025-02-28 12:22:46 --> Session: Class initialized using 'CodeIgniter\Session\Handlers\FileHandler' driver.
WARNING - 2025-02-28 12:22:46 --> [DEPRECATED] ucwords(): Passing null to parameter #1 ($string) of type string is deprecated in APPPATH/Views/admin/navbar.php on line 50.
 1 APPPATH/Views/admin/navbar.php(50): ucwords(null)
 2 SYSTEMPATH/View/View.php(234): include('/home/getfjupm/public_html/portal/app/Views/admin/navbar.php')
 3 SYSTEMPATH/View/View.php(237): CodeIgniter\View\View->CodeIgniter\View\{closure}()
 4 SYSTEMPATH/Common.php(1169): CodeIgniter\View\View->render('admin/navbar', [], true)
 5 APPPATH/Controllers/Admin.php(1143): view('admin/navbar', [...])
 6 SYSTEMPATH/CodeIgniter.php(933): App\Controllers\Admin->unleash_newsletter()
 7 SYSTEMPATH/CodeIgniter.php(509): CodeIgniter\CodeIgniter->runController(Object(App\Controllers\Admin))
 8 SYSTEMPATH/CodeIgniter.php(355): CodeIgniter\CodeIgniter->handleRequest(null, Object(Config\Cache), false)
 9 SYSTEMPATH/Boot.php(325): CodeIgniter\CodeIgniter->run()
10 SYSTEMPATH/Boot.php(67): CodeIgniter\Boot::runCodeIgniter(Object(CodeIgniter\CodeIgniter))
11 FCPATH/index.php(56): CodeIgniter\Boot::bootWeb(Object(Config\Paths))
INFO - 2025-02-28 12:22:51 --> Session: Class initialized using 'CodeIgniter\Session\Handlers\FileHandler' driver.
WARNING - 2025-02-28 12:22:51 --> [DEPRECATED] ucwords(): Passing null to parameter #1 ($string) of type string is deprecated in APPPATH/Views/admin/navbar.php on line 50.
 1 APPPATH/Views/admin/navbar.php(50): ucwords(null)
 2 SYSTEMPATH/View/View.php(234): include('/home/getfjupm/public_html/portal/app/Views/admin/navbar.php')
 3 SYSTEMPATH/View/View.php(237): CodeIgniter\View\View->CodeIgniter\View\{closure}()
 4 SYSTEMPATH/Common.php(1169): CodeIgniter\View\View->render('admin/navbar', [], true)
 5 APPPATH/Controllers/Admin.php(64): view('admin/navbar', [...])
 6 SYSTEMPATH/CodeIgniter.php(933): App\Controllers\Admin->index()
 7 SYSTEMPATH/CodeIgniter.php(509): CodeIgniter\CodeIgniter->runController(Object(App\Controllers\Admin))
 8 SYSTEMPATH/CodeIgniter.php(355): CodeIgniter\CodeIgniter->handleRequest(null, Object(Config\Cache), false)
 9 SYSTEMPATH/Boot.php(325): CodeIgniter\CodeIgniter->run()
10 SYSTEMPATH/Boot.php(67): CodeIgniter\Boot::runCodeIgniter(Object(CodeIgniter\CodeIgniter))
11 FCPATH/index.php(56): CodeIgniter\Boot::bootWeb(Object(Config\Paths))
INFO - 2025-02-28 12:23:34 --> Session: Class initialized using 'CodeIgniter\Session\Handlers\FileHandler' driver.
INFO - 2025-02-28 12:23:34 --> Session: Class initialized using 'CodeIgniter\Session\Handlers\FileHandler' driver.
INFO - 2025-02-28 12:23:34 --> Session: Class initialized using 'CodeIgniter\Session\Handlers\FileHandler' driver.
INFO - 2025-02-28 12:59:18 --> Session: Class initialized using 'CodeIgniter\Session\Handlers\FileHandler' driver.
WARNING - 2025-02-28 14:49:25 --> [DEPRECATED] str_replace(): Passing null to parameter #3 ($subject) of type array|string is deprecated in APPPATH/Controllers/Gfa.php on line 4435.
 1 APPPATH/Controllers/Gfa.php(4435): str_replace('\\', '\'', null)
 2 SYSTEMPATH/CodeIgniter.php(933): App\Controllers\Gfa->events('1680515121')
 3 SYSTEMPATH/CodeIgniter.php(509): CodeIgniter\CodeIgniter->runController(Object(App\Controllers\Gfa))
 4 SYSTEMPATH/CodeIgniter.php(355): CodeIgniter\CodeIgniter->handleRequest(null, Object(Config\Cache), false)
 5 SYSTEMPATH/Boot.php(325): CodeIgniter\CodeIgniter->run()
 6 SYSTEMPATH/Boot.php(67): CodeIgniter\Boot::runCodeIgniter(Object(CodeIgniter\CodeIgniter))
 7 FCPATH/index.php(56): CodeIgniter\Boot::bootWeb(Object(Config\Paths))
INFO - 2025-02-28 14:49:25 --> Session: Class initialized using 'CodeIgniter\Session\Handlers\FileHandler' driver.
WARNING - 2025-02-28 14:49:43 --> [DEPRECATED] str_replace(): Passing null to parameter #3 ($subject) of type array|string is deprecated in APPPATH/Controllers/Gfa.php on line 4435.
 1 APPPATH/Controllers/Gfa.php(4435): str_replace('\\', '\'', null)
 2 SYSTEMPATH/CodeIgniter.php(933): App\Controllers\Gfa->events('1686739788')
 3 SYSTEMPATH/CodeIgniter.php(509): CodeIgniter\CodeIgniter->runController(Object(App\Controllers\Gfa))
 4 SYSTEMPATH/CodeIgniter.php(355): CodeIgniter\CodeIgniter->handleRequest(null, Object(Config\Cache), false)
 5 SYSTEMPATH/Boot.php(325): CodeIgniter\CodeIgniter->run()
 6 SYSTEMPATH/Boot.php(67): CodeIgniter\Boot::runCodeIgniter(Object(CodeIgniter\CodeIgniter))
 7 FCPATH/index.php(56): CodeIgniter\Boot::bootWeb(Object(Config\Paths))
INFO - 2025-02-28 14:49:43 --> Session: Class initialized using 'CodeIgniter\Session\Handlers\FileHandler' driver.
WARNING - 2025-02-28 14:52:07 --> [DEPRECATED] trim(): Passing null to parameter #1 ($string) of type string is deprecated in APPPATH/Controllers/Gfa.php on line 5009.
 1 APPPATH/Controllers/Gfa.php(5009): trim(null)
 2 SYSTEMPATH/CodeIgniter.php(933): App\Controllers\Gfa->signinAction()
 3 SYSTEMPATH/CodeIgniter.php(509): CodeIgniter\CodeIgniter->runController(Object(App\Controllers\Gfa))
 4 SYSTEMPATH/CodeIgniter.php(355): CodeIgniter\CodeIgniter->handleRequest(null, Object(Config\Cache), false)
 5 SYSTEMPATH/Boot.php(325): CodeIgniter\CodeIgniter->run()
 6 SYSTEMPATH/Boot.php(67): CodeIgniter\Boot::runCodeIgniter(Object(CodeIgniter\CodeIgniter))
 7 FCPATH/index.php(56): CodeIgniter\Boot::bootWeb(Object(Config\Paths))
INFO - 2025-02-28 14:52:07 --> Session: Class initialized using 'CodeIgniter\Session\Handlers\FileHandler' driver.
INFO - 2025-02-28 18:28:25 --> Session: Class initialized using 'CodeIgniter\Session\Handlers\FileHandler' driver.
INFO - 2025-02-28 18:28:25 --> Session: Class initialized using 'CodeIgniter\Session\Handlers\FileHandler' driver.
WARNING - 2025-02-28 18:41:07 --> [DEPRECATED] trim(): Passing null to parameter #1 ($string) of type string is deprecated in APPPATH/Controllers/Gfa.php on line 5009.
 1 APPPATH/Controllers/Gfa.php(5009): trim(null)
 2 SYSTEMPATH/CodeIgniter.php(933): App\Controllers\Gfa->signinAction()
 3 SYSTEMPATH/CodeIgniter.php(509): CodeIgniter\CodeIgniter->runController(Object(App\Controllers\Gfa))
 4 SYSTEMPATH/CodeIgniter.php(355): CodeIgniter\CodeIgniter->handleRequest(null, Object(Config\Cache), false)
 5 SYSTEMPATH/Boot.php(325): CodeIgniter\CodeIgniter->run()
 6 SYSTEMPATH/Boot.php(67): CodeIgniter\Boot::runCodeIgniter(Object(CodeIgniter\CodeIgniter))
 7 FCPATH/index.php(56): CodeIgniter\Boot::bootWeb(Object(Config\Paths))
INFO - 2025-02-28 18:41:07 --> Session: Class initialized using 'CodeIgniter\Session\Handlers\FileHandler' driver.
INFO - 2025-02-28 18:41:08 --> Session: Class initialized using 'CodeIgniter\Session\Handlers\FileHandler' driver.
INFO - 2025-02-28 19:21:00 --> Session: Class initialized using 'CodeIgniter\Session\Handlers\FileHandler' driver.
WARNING - 2025-02-28 19:58:52 --> [DEPRECATED] str_replace(): Passing null to parameter #3 ($subject) of type array|string is deprecated in APPPATH/Controllers/Gfa.php on line 4435.
 1 APPPATH/Controllers/Gfa.php(4435): str_replace('\\', '\'', null)
 2 SYSTEMPATH/CodeIgniter.php(933): App\Controllers\Gfa->events('1682505146')
 3 SYSTEMPATH/CodeIgniter.php(509): CodeIgniter\CodeIgniter->runController(Object(App\Controllers\Gfa))
 4 SYSTEMPATH/CodeIgniter.php(355): CodeIgniter\CodeIgniter->handleRequest(null, Object(Config\Cache), false)
 5 SYSTEMPATH/Boot.php(325): CodeIgniter\CodeIgniter->run()
 6 SYSTEMPATH/Boot.php(67): CodeIgniter\Boot::runCodeIgniter(Object(CodeIgniter\CodeIgniter))
 7 FCPATH/index.php(56): CodeIgniter\Boot::bootWeb(Object(Config\Paths))
INFO - 2025-02-28 19:58:52 --> Session: Class initialized using 'CodeIgniter\Session\Handlers\FileHandler' driver.
WARNING - 2025-02-28 23:06:10 --> [DEPRECATED] str_replace(): Passing null to parameter #3 ($subject) of type array|string is deprecated in APPPATH/Controllers/Gfa.php on line 4435.
 1 APPPATH/Controllers/Gfa.php(4435): str_replace('\\', '\'', null)
 2 SYSTEMPATH/CodeIgniter.php(933): App\Controllers\Gfa->events('1680529841')
 3 SYSTEMPATH/CodeIgniter.php(509): CodeIgniter\CodeIgniter->runController(Object(App\Controllers\Gfa))
 4 SYSTEMPATH/CodeIgniter.php(355): CodeIgniter\CodeIgniter->handleRequest(null, Object(Config\Cache), false)
 5 SYSTEMPATH/Boot.php(325): CodeIgniter\CodeIgniter->run()
 6 SYSTEMPATH/Boot.php(67): CodeIgniter\Boot::runCodeIgniter(Object(CodeIgniter\CodeIgniter))
 7 FCPATH/index.php(56): CodeIgniter\Boot::bootWeb(Object(Config\Paths))
INFO - 2025-02-28 23:06:10 --> Session: Class initialized using 'CodeIgniter\Session\Handlers\FileHandler' driver.
