WARNING - 2025-11-04 02:00:02 --> [DEPRECATED] json_decode(): Passing null to parameter #1 ($json) of type string is deprecated in APPPATH/Controllers/Gfa.php on line 90.
 1 APPPATH/Controllers/Gfa.php(90): json_decode(null, true)
 2 SYSTEMPATH/CodeIgniter.php(933): App\Controllers\Gfa->page_view_events()
 3 SYSTEMPATH/CodeIgniter.php(509): CodeIgniter\CodeIgniter->runController(Object(App\Controllers\Gfa))
 4 SYSTEMPATH/CodeIgniter.php(355): CodeIgniter\CodeIgniter->handleRequest(null, Object(Config\Cache), false)
 5 SYSTEMPATH/Boot.php(325): CodeIgniter\CodeIgniter->run()
 6 SYSTEMPATH/Boot.php(67): CodeIgniter\Boot::runCodeIgniter(Object(CodeIgniter\CodeIgniter))
 7 FCPATH/index.php(58): CodeIgniter\Boot::bootWeb(Object(Config\Paths))
WARNING - 2025-11-04 06:27:52 --> [DEPRECATED] str_replace(): Passing null to parameter #3 ($subject) of type array|string is deprecated in APPPATH/Models/GfaModel.php on line 4633.
 1 APPPATH/Models/GfaModel.php(4633): str_replace('\'', '', null)
 2 APPPATH/Controllers/Gfa.php(10275): App\Models\GfaModel->mysqlCheck(null)
 3 SYSTEMPATH/CodeIgniter.php(933): App\Controllers\Gfa->registerPro()
 4 SYSTEMPATH/CodeIgniter.php(509): CodeIgniter\CodeIgniter->runController(Object(App\Controllers\Gfa))
 5 SYSTEMPATH/CodeIgniter.php(355): CodeIgniter\CodeIgniter->handleRequest(null, Object(Config\Cache), false)
 6 SYSTEMPATH/Boot.php(325): CodeIgniter\CodeIgniter->run()
 7 SYSTEMPATH/Boot.php(67): CodeIgniter\Boot::runCodeIgniter(Object(CodeIgniter\CodeIgniter))
 8 FCPATH/index.php(58): CodeIgniter\Boot::bootWeb(Object(Config\Paths))
WARNING - 2025-11-04 06:27:52 --> [DEPRECATED] str_replace(): Passing null to parameter #3 ($subject) of type array|string is deprecated in APPPATH/Models/GfaModel.php on line 4633.
 1 APPPATH/Models/GfaModel.php(4633): str_replace('\'', '', null)
 2 APPPATH/Controllers/Gfa.php(10276): App\Models\GfaModel->mysqlCheck(null)
 3 SYSTEMPATH/CodeIgniter.php(933): App\Controllers\Gfa->registerPro()
 4 SYSTEMPATH/CodeIgniter.php(509): CodeIgniter\CodeIgniter->runController(Object(App\Controllers\Gfa))
 5 SYSTEMPATH/CodeIgniter.php(355): CodeIgniter\CodeIgniter->handleRequest(null, Object(Config\Cache), false)
 6 SYSTEMPATH/Boot.php(325): CodeIgniter\CodeIgniter->run()
 7 SYSTEMPATH/Boot.php(67): CodeIgniter\Boot::runCodeIgniter(Object(CodeIgniter\CodeIgniter))
 8 FCPATH/index.php(58): CodeIgniter\Boot::bootWeb(Object(Config\Paths))
WARNING - 2025-11-04 06:27:52 --> [DEPRECATED] str_replace(): Passing null to parameter #3 ($subject) of type array|string is deprecated in APPPATH/Models/GfaModel.php on line 4633.
 1 APPPATH/Models/GfaModel.php(4633): str_replace('\'', '', null)
 2 APPPATH/Controllers/Gfa.php(10278): App\Models\GfaModel->mysqlCheck(null)
 3 SYSTEMPATH/CodeIgniter.php(933): App\Controllers\Gfa->registerPro()
 4 SYSTEMPATH/CodeIgniter.php(509): CodeIgniter\CodeIgniter->runController(Object(App\Controllers\Gfa))
 5 SYSTEMPATH/CodeIgniter.php(355): CodeIgniter\CodeIgniter->handleRequest(null, Object(Config\Cache), false)
 6 SYSTEMPATH/Boot.php(325): CodeIgniter\CodeIgniter->run()
 7 SYSTEMPATH/Boot.php(67): CodeIgniter\Boot::runCodeIgniter(Object(CodeIgniter\CodeIgniter))
 8 FCPATH/index.php(58): CodeIgniter\Boot::bootWeb(Object(Config\Paths))
WARNING - 2025-11-04 06:27:52 --> [DEPRECATED] str_replace(): Passing null to parameter #3 ($subject) of type array|string is deprecated in APPPATH/Models/GfaModel.php on line 4633.
 1 APPPATH/Models/GfaModel.php(4633): str_replace('\'', '', null)
 2 APPPATH/Controllers/Gfa.php(10279): App\Models\GfaModel->mysqlCheck(null)
 3 SYSTEMPATH/CodeIgniter.php(933): App\Controllers\Gfa->registerPro()
 4 SYSTEMPATH/CodeIgniter.php(509): CodeIgniter\CodeIgniter->runController(Object(App\Controllers\Gfa))
 5 SYSTEMPATH/CodeIgniter.php(355): CodeIgniter\CodeIgniter->handleRequest(null, Object(Config\Cache), false)
 6 SYSTEMPATH/Boot.php(325): CodeIgniter\CodeIgniter->run()
 7 SYSTEMPATH/Boot.php(67): CodeIgniter\Boot::runCodeIgniter(Object(CodeIgniter\CodeIgniter))
 8 FCPATH/index.php(58): CodeIgniter\Boot::bootWeb(Object(Config\Paths))
WARNING - 2025-11-04 06:27:52 --> [DEPRECATED] str_replace(): Passing null to parameter #3 ($subject) of type array|string is deprecated in APPPATH/Models/GfaModel.php on line 4633.
 1 APPPATH/Models/GfaModel.php(4633): str_replace('\'', '', null)
 2 APPPATH/Controllers/Gfa.php(10280): App\Models\GfaModel->mysqlCheck(null)
 3 SYSTEMPATH/CodeIgniter.php(933): App\Controllers\Gfa->registerPro()
 4 SYSTEMPATH/CodeIgniter.php(509): CodeIgniter\CodeIgniter->runController(Object(App\Controllers\Gfa))
 5 SYSTEMPATH/CodeIgniter.php(355): CodeIgniter\CodeIgniter->handleRequest(null, Object(Config\Cache), false)
 6 SYSTEMPATH/Boot.php(325): CodeIgniter\CodeIgniter->run()
 7 SYSTEMPATH/Boot.php(67): CodeIgniter\Boot::runCodeIgniter(Object(CodeIgniter\CodeIgniter))
 8 FCPATH/index.php(58): CodeIgniter\Boot::bootWeb(Object(Config\Paths))
WARNING - 2025-11-04 06:27:52 --> [DEPRECATED] str_replace(): Passing null to parameter #3 ($subject) of type array|string is deprecated in APPPATH/Models/GfaModel.php on line 4633.
 1 APPPATH/Models/GfaModel.php(4633): str_replace('\'', '', null)
 2 APPPATH/Controllers/Gfa.php(10281): App\Models\GfaModel->mysqlCheck(null)
 3 SYSTEMPATH/CodeIgniter.php(933): App\Controllers\Gfa->registerPro()
 4 SYSTEMPATH/CodeIgniter.php(509): CodeIgniter\CodeIgniter->runController(Object(App\Controllers\Gfa))
 5 SYSTEMPATH/CodeIgniter.php(355): CodeIgniter\CodeIgniter->handleRequest(null, Object(Config\Cache), false)
 6 SYSTEMPATH/Boot.php(325): CodeIgniter\CodeIgniter->run()
 7 SYSTEMPATH/Boot.php(67): CodeIgniter\Boot::runCodeIgniter(Object(CodeIgniter\CodeIgniter))
 8 FCPATH/index.php(58): CodeIgniter\Boot::bootWeb(Object(Config\Paths))
WARNING - 2025-11-04 06:27:52 --> [DEPRECATED] str_replace(): Passing null to parameter #3 ($subject) of type array|string is deprecated in APPPATH/Models/GfaModel.php on line 4633.
 1 APPPATH/Models/GfaModel.php(4633): str_replace('\'', '', null)
 2 APPPATH/Controllers/Gfa.php(10282): App\Models\GfaModel->mysqlCheck(null)
 3 SYSTEMPATH/CodeIgniter.php(933): App\Controllers\Gfa->registerPro()
 4 SYSTEMPATH/CodeIgniter.php(509): CodeIgniter\CodeIgniter->runController(Object(App\Controllers\Gfa))
 5 SYSTEMPATH/CodeIgniter.php(355): CodeIgniter\CodeIgniter->handleRequest(null, Object(Config\Cache), false)
 6 SYSTEMPATH/Boot.php(325): CodeIgniter\CodeIgniter->run()
 7 SYSTEMPATH/Boot.php(67): CodeIgniter\Boot::runCodeIgniter(Object(CodeIgniter\CodeIgniter))
 8 FCPATH/index.php(58): CodeIgniter\Boot::bootWeb(Object(Config\Paths))
WARNING - 2025-11-04 06:27:52 --> [DEPRECATED] str_replace(): Passing null to parameter #3 ($subject) of type array|string is deprecated in APPPATH/Models/GfaModel.php on line 4633.
 1 APPPATH/Models/GfaModel.php(4633): str_replace('\'', '', null)
 2 APPPATH/Controllers/Gfa.php(10283): App\Models\GfaModel->mysqlCheck(null)
 3 SYSTEMPATH/CodeIgniter.php(933): App\Controllers\Gfa->registerPro()
 4 SYSTEMPATH/CodeIgniter.php(509): CodeIgniter\CodeIgniter->runController(Object(App\Controllers\Gfa))
 5 SYSTEMPATH/CodeIgniter.php(355): CodeIgniter\CodeIgniter->handleRequest(null, Object(Config\Cache), false)
 6 SYSTEMPATH/Boot.php(325): CodeIgniter\CodeIgniter->run()
 7 SYSTEMPATH/Boot.php(67): CodeIgniter\Boot::runCodeIgniter(Object(CodeIgniter\CodeIgniter))
 8 FCPATH/index.php(58): CodeIgniter\Boot::bootWeb(Object(Config\Paths))
WARNING - 2025-11-04 20:41:21 --> [DEPRECATED] str_replace(): Passing null to parameter #3 ($subject) of type array|string is deprecated in APPPATH/Controllers/Gfa.php on line 4568.
 1 APPPATH/Controllers/Gfa.php(4568): str_replace('\\', '\'', null)
 2 SYSTEMPATH/CodeIgniter.php(933): App\Controllers\Gfa->events('1679591851')
 3 SYSTEMPATH/CodeIgniter.php(509): CodeIgniter\CodeIgniter->runController(Object(App\Controllers\Gfa))
 4 SYSTEMPATH/CodeIgniter.php(355): CodeIgniter\CodeIgniter->handleRequest(null, Object(Config\Cache), false)
 5 SYSTEMPATH/Boot.php(325): CodeIgniter\CodeIgniter->run()
 6 SYSTEMPATH/Boot.php(67): CodeIgniter\Boot::runCodeIgniter(Object(CodeIgniter\CodeIgniter))
 7 FCPATH/index.php(58): CodeIgniter\Boot::bootWeb(Object(Config\Paths))
