WARNING - 2025-06-24 12:58:28 --> [DEPRECATED] ucwords(): Passing null to parameter #1 ($string) of type string is deprecated in APPPATH/Views/nav_new.php on line 60.
 1 APPPATH/Views/nav_new.php(60): ucwords(null)
 2 SYSTEMPATH/View/View.php(234): include('/home/getfjupm/public_html/portal/app/Views/nav_new.php')
 3 SYSTEMPATH/View/View.php(237): CodeIgniter\View\View->CodeIgniter\View\{closure}()
 4 SYSTEMPATH/Common.php(1169): CodeIgniter\View\View->render('nav_new', [], true)
 5 APPPATH/Controllers/Gfa.php(5623): view('nav_new', [...])
 6 SYSTEMPATH/CodeIgniter.php(933): App\Controllers\Gfa->dashboard()
 7 SYSTEMPATH/CodeIgniter.php(509): CodeIgniter\CodeIgniter->runController(Object(App\Controllers\Gfa))
 8 SYSTEMPATH/CodeIgniter.php(355): CodeIgniter\CodeIgniter->handleRequest(null, Object(Config\Cache), false)
 9 SYSTEMPATH/Boot.php(325): CodeIgniter\CodeIgniter->run()
10 SYSTEMPATH/Boot.php(67): CodeIgniter\Boot::runCodeIgniter(Object(CodeIgniter\CodeIgniter))
11 FCPATH/index.php(58): CodeIgniter\Boot::bootWeb(Object(Config\Paths))
WARNING - 2025-06-24 12:58:28 --> [DEPRECATED] strtoupper(): Passing null to parameter #1 ($string) of type string is deprecated in APPPATH/Views/nav_new.php on line 70.
 1 APPPATH/Views/nav_new.php(70): strtoupper(null)
 2 SYSTEMPATH/View/View.php(234): include('/home/getfjupm/public_html/portal/app/Views/nav_new.php')
 3 SYSTEMPATH/View/View.php(237): CodeIgniter\View\View->CodeIgniter\View\{closure}()
 4 SYSTEMPATH/Common.php(1169): CodeIgniter\View\View->render('nav_new', [], true)
 5 APPPATH/Controllers/Gfa.php(5623): view('nav_new', [...])
 6 SYSTEMPATH/CodeIgniter.php(933): App\Controllers\Gfa->dashboard()
 7 SYSTEMPATH/CodeIgniter.php(509): CodeIgniter\CodeIgniter->runController(Object(App\Controllers\Gfa))
 8 SYSTEMPATH/CodeIgniter.php(355): CodeIgniter\CodeIgniter->handleRequest(null, Object(Config\Cache), false)
 9 SYSTEMPATH/Boot.php(325): CodeIgniter\CodeIgniter->run()
10 SYSTEMPATH/Boot.php(67): CodeIgniter\Boot::runCodeIgniter(Object(CodeIgniter\CodeIgniter))
11 FCPATH/index.php(58): CodeIgniter\Boot::bootWeb(Object(Config\Paths))
WARNING - 2025-06-24 12:58:46 --> [DEPRECATED] ucwords(): Passing null to parameter #1 ($string) of type string is deprecated in APPPATH/Views/nav_new.php on line 60.
 1 APPPATH/Views/nav_new.php(60): ucwords(null)
 2 SYSTEMPATH/View/View.php(234): include('/home/getfjupm/public_html/portal/app/Views/nav_new.php')
 3 SYSTEMPATH/View/View.php(237): CodeIgniter\View\View->CodeIgniter\View\{closure}()
 4 SYSTEMPATH/Common.php(1169): CodeIgniter\View\View->render('nav_new', [], true)
 5 APPPATH/Controllers/Gfa.php(3829): view('nav_new', [...])
 6 SYSTEMPATH/CodeIgniter.php(933): App\Controllers\Gfa->startup_investor()
 7 SYSTEMPATH/CodeIgniter.php(509): CodeIgniter\CodeIgniter->runController(Object(App\Controllers\Gfa))
 8 SYSTEMPATH/CodeIgniter.php(355): CodeIgniter\CodeIgniter->handleRequest(null, Object(Config\Cache), false)
 9 SYSTEMPATH/Boot.php(325): CodeIgniter\CodeIgniter->run()
10 SYSTEMPATH/Boot.php(67): CodeIgniter\Boot::runCodeIgniter(Object(CodeIgniter\CodeIgniter))
11 FCPATH/index.php(58): CodeIgniter\Boot::bootWeb(Object(Config\Paths))
WARNING - 2025-06-24 12:58:46 --> [DEPRECATED] strtoupper(): Passing null to parameter #1 ($string) of type string is deprecated in APPPATH/Views/nav_new.php on line 70.
 1 APPPATH/Views/nav_new.php(70): strtoupper(null)
 2 SYSTEMPATH/View/View.php(234): include('/home/getfjupm/public_html/portal/app/Views/nav_new.php')
 3 SYSTEMPATH/View/View.php(237): CodeIgniter\View\View->CodeIgniter\View\{closure}()
 4 SYSTEMPATH/Common.php(1169): CodeIgniter\View\View->render('nav_new', [], true)
 5 APPPATH/Controllers/Gfa.php(3829): view('nav_new', [...])
 6 SYSTEMPATH/CodeIgniter.php(933): App\Controllers\Gfa->startup_investor()
 7 SYSTEMPATH/CodeIgniter.php(509): CodeIgniter\CodeIgniter->runController(Object(App\Controllers\Gfa))
 8 SYSTEMPATH/CodeIgniter.php(355): CodeIgniter\CodeIgniter->handleRequest(null, Object(Config\Cache), false)
 9 SYSTEMPATH/Boot.php(325): CodeIgniter\CodeIgniter->run()
10 SYSTEMPATH/Boot.php(67): CodeIgniter\Boot::runCodeIgniter(Object(CodeIgniter\CodeIgniter))
11 FCPATH/index.php(58): CodeIgniter\Boot::bootWeb(Object(Config\Paths))
