WARNING - 2025-09-29 00:34:32 --> [DEPRECATED] str_replace(): Passing null to parameter #3 ($subject) of type array|string is deprecated in APPPATH/Controllers/Gfa.php on line 4568.
 1 APPPATH/Controllers/Gfa.php(4568): str_replace('\\', '\'', null)
 2 SYSTEMPATH/CodeIgniter.php(933): App\Controllers\Gfa->events('1699602711')
 3 SYSTEMPATH/CodeIgniter.php(509): CodeIgniter\CodeIgniter->runController(Object(App\Controllers\Gfa))
 4 SYSTEMPATH/CodeIgniter.php(355): CodeIgniter\CodeIgniter->handleRequest(null, Object(Config\Cache), false)
 5 SYSTEMPATH/Boot.php(325): CodeIgniter\CodeIgniter->run()
 6 SYSTEMPATH/Boot.php(67): CodeIgniter\Boot::runCodeIgniter(Object(CodeIgniter\CodeIgniter))
 7 FCPATH/index.php(58): CodeIgniter\Boot::bootWeb(Object(Config\Paths))
WARNING - 2025-09-29 04:31:04 --> [DEPRECATED] json_decode(): Passing null to parameter #1 ($json) of type string is deprecated in APPPATH/Controllers/Gfa.php on line 90.
 1 APPPATH/Controllers/Gfa.php(90): json_decode(null, true)
 2 SYSTEMPATH/CodeIgniter.php(933): App\Controllers\Gfa->page_view_events()
 3 SYSTEMPATH/CodeIgniter.php(509): CodeIgniter\CodeIgniter->runController(Object(App\Controllers\Gfa))
 4 SYSTEMPATH/CodeIgniter.php(355): CodeIgniter\CodeIgniter->handleRequest(null, Object(Config\Cache), false)
 5 SYSTEMPATH/Boot.php(325): CodeIgniter\CodeIgniter->run()
 6 SYSTEMPATH/Boot.php(67): CodeIgniter\Boot::runCodeIgniter(Object(CodeIgniter\CodeIgniter))
 7 FCPATH/index.php(58): CodeIgniter\Boot::bootWeb(Object(Config\Paths))
WARNING - 2025-09-29 09:47:40 --> [DEPRECATED] ucwords(): Passing null to parameter #1 ($string) of type string is deprecated in APPPATH/Views/nav_new.php on line 60.
 1 APPPATH/Views/nav_new.php(60): ucwords(null)
 2 SYSTEMPATH/View/View.php(234): include('/home/getfjupm/public_html/portal/app/Views/nav_new.php')
 3 SYSTEMPATH/View/View.php(237): CodeIgniter\View\View->CodeIgniter\View\{closure}()
 4 SYSTEMPATH/Common.php(1169): CodeIgniter\View\View->render('nav_new', [], true)
 5 APPPATH/Controllers/Gfa.php(5689): view('nav_new', [...])
 6 SYSTEMPATH/CodeIgniter.php(933): App\Controllers\Gfa->dashboard()
 7 SYSTEMPATH/CodeIgniter.php(509): CodeIgniter\CodeIgniter->runController(Object(App\Controllers\Gfa))
 8 SYSTEMPATH/CodeIgniter.php(355): CodeIgniter\CodeIgniter->handleRequest(null, Object(Config\Cache), false)
 9 SYSTEMPATH/Boot.php(325): CodeIgniter\CodeIgniter->run()
10 SYSTEMPATH/Boot.php(67): CodeIgniter\Boot::runCodeIgniter(Object(CodeIgniter\CodeIgniter))
11 FCPATH/index.php(58): CodeIgniter\Boot::bootWeb(Object(Config\Paths))
WARNING - 2025-09-29 09:47:40 --> [DEPRECATED] strtoupper(): Passing null to parameter #1 ($string) of type string is deprecated in APPPATH/Views/nav_new.php on line 70.
 1 APPPATH/Views/nav_new.php(70): strtoupper(null)
 2 SYSTEMPATH/View/View.php(234): include('/home/getfjupm/public_html/portal/app/Views/nav_new.php')
 3 SYSTEMPATH/View/View.php(237): CodeIgniter\View\View->CodeIgniter\View\{closure}()
 4 SYSTEMPATH/Common.php(1169): CodeIgniter\View\View->render('nav_new', [], true)
 5 APPPATH/Controllers/Gfa.php(5689): view('nav_new', [...])
 6 SYSTEMPATH/CodeIgniter.php(933): App\Controllers\Gfa->dashboard()
 7 SYSTEMPATH/CodeIgniter.php(509): CodeIgniter\CodeIgniter->runController(Object(App\Controllers\Gfa))
 8 SYSTEMPATH/CodeIgniter.php(355): CodeIgniter\CodeIgniter->handleRequest(null, Object(Config\Cache), false)
 9 SYSTEMPATH/Boot.php(325): CodeIgniter\CodeIgniter->run()
10 SYSTEMPATH/Boot.php(67): CodeIgniter\Boot::runCodeIgniter(Object(CodeIgniter\CodeIgniter))
11 FCPATH/index.php(58): CodeIgniter\Boot::bootWeb(Object(Config\Paths))
WARNING - 2025-09-29 09:47:54 --> [DEPRECATED] ucwords(): Passing null to parameter #1 ($string) of type string is deprecated in APPPATH/Views/nav_new.php on line 60.
 1 APPPATH/Views/nav_new.php(60): ucwords(null)
 2 SYSTEMPATH/View/View.php(234): include('/home/getfjupm/public_html/portal/app/Views/nav_new.php')
 3 SYSTEMPATH/View/View.php(237): CodeIgniter\View\View->CodeIgniter\View\{closure}()
 4 SYSTEMPATH/Common.php(1169): CodeIgniter\View\View->render('nav_new', [], true)
 5 APPPATH/Controllers/Gfa.php(3895): view('nav_new', [...])
 6 SYSTEMPATH/CodeIgniter.php(933): App\Controllers\Gfa->startup_investor()
 7 SYSTEMPATH/CodeIgniter.php(509): CodeIgniter\CodeIgniter->runController(Object(App\Controllers\Gfa))
 8 SYSTEMPATH/CodeIgniter.php(355): CodeIgniter\CodeIgniter->handleRequest(null, Object(Config\Cache), false)
 9 SYSTEMPATH/Boot.php(325): CodeIgniter\CodeIgniter->run()
10 SYSTEMPATH/Boot.php(67): CodeIgniter\Boot::runCodeIgniter(Object(CodeIgniter\CodeIgniter))
11 FCPATH/index.php(58): CodeIgniter\Boot::bootWeb(Object(Config\Paths))
WARNING - 2025-09-29 09:47:54 --> [DEPRECATED] strtoupper(): Passing null to parameter #1 ($string) of type string is deprecated in APPPATH/Views/nav_new.php on line 70.
 1 APPPATH/Views/nav_new.php(70): strtoupper(null)
 2 SYSTEMPATH/View/View.php(234): include('/home/getfjupm/public_html/portal/app/Views/nav_new.php')
 3 SYSTEMPATH/View/View.php(237): CodeIgniter\View\View->CodeIgniter\View\{closure}()
 4 SYSTEMPATH/Common.php(1169): CodeIgniter\View\View->render('nav_new', [], true)
 5 APPPATH/Controllers/Gfa.php(3895): view('nav_new', [...])
 6 SYSTEMPATH/CodeIgniter.php(933): App\Controllers\Gfa->startup_investor()
 7 SYSTEMPATH/CodeIgniter.php(509): CodeIgniter\CodeIgniter->runController(Object(App\Controllers\Gfa))
 8 SYSTEMPATH/CodeIgniter.php(355): CodeIgniter\CodeIgniter->handleRequest(null, Object(Config\Cache), false)
 9 SYSTEMPATH/Boot.php(325): CodeIgniter\CodeIgniter->run()
10 SYSTEMPATH/Boot.php(67): CodeIgniter\Boot::runCodeIgniter(Object(CodeIgniter\CodeIgniter))
11 FCPATH/index.php(58): CodeIgniter\Boot::bootWeb(Object(Config\Paths))
WARNING - 2025-09-29 09:47:58 --> [DEPRECATED] ucwords(): Passing null to parameter #1 ($string) of type string is deprecated in APPPATH/Views/nav_new.php on line 60.
 1 APPPATH/Views/nav_new.php(60): ucwords(null)
 2 SYSTEMPATH/View/View.php(234): include('/home/getfjupm/public_html/portal/app/Views/nav_new.php')
 3 SYSTEMPATH/View/View.php(237): CodeIgniter\View\View->CodeIgniter\View\{closure}()
 4 SYSTEMPATH/Common.php(1169): CodeIgniter\View\View->render('nav_new', [], true)
 5 APPPATH/Controllers/Gfa.php(5689): view('nav_new', [...])
 6 SYSTEMPATH/CodeIgniter.php(933): App\Controllers\Gfa->dashboard()
 7 SYSTEMPATH/CodeIgniter.php(509): CodeIgniter\CodeIgniter->runController(Object(App\Controllers\Gfa))
 8 SYSTEMPATH/CodeIgniter.php(355): CodeIgniter\CodeIgniter->handleRequest(null, Object(Config\Cache), false)
 9 SYSTEMPATH/Boot.php(325): CodeIgniter\CodeIgniter->run()
10 SYSTEMPATH/Boot.php(67): CodeIgniter\Boot::runCodeIgniter(Object(CodeIgniter\CodeIgniter))
11 FCPATH/index.php(58): CodeIgniter\Boot::bootWeb(Object(Config\Paths))
WARNING - 2025-09-29 09:47:58 --> [DEPRECATED] strtoupper(): Passing null to parameter #1 ($string) of type string is deprecated in APPPATH/Views/nav_new.php on line 70.
 1 APPPATH/Views/nav_new.php(70): strtoupper(null)
 2 SYSTEMPATH/View/View.php(234): include('/home/getfjupm/public_html/portal/app/Views/nav_new.php')
 3 SYSTEMPATH/View/View.php(237): CodeIgniter\View\View->CodeIgniter\View\{closure}()
 4 SYSTEMPATH/Common.php(1169): CodeIgniter\View\View->render('nav_new', [], true)
 5 APPPATH/Controllers/Gfa.php(5689): view('nav_new', [...])
 6 SYSTEMPATH/CodeIgniter.php(933): App\Controllers\Gfa->dashboard()
 7 SYSTEMPATH/CodeIgniter.php(509): CodeIgniter\CodeIgniter->runController(Object(App\Controllers\Gfa))
 8 SYSTEMPATH/CodeIgniter.php(355): CodeIgniter\CodeIgniter->handleRequest(null, Object(Config\Cache), false)
 9 SYSTEMPATH/Boot.php(325): CodeIgniter\CodeIgniter->run()
10 SYSTEMPATH/Boot.php(67): CodeIgniter\Boot::runCodeIgniter(Object(CodeIgniter\CodeIgniter))
11 FCPATH/index.php(58): CodeIgniter\Boot::bootWeb(Object(Config\Paths))
WARNING - 2025-09-29 09:48:08 --> [DEPRECATED] ucwords(): Passing null to parameter #1 ($string) of type string is deprecated in APPPATH/Views/nav_new.php on line 60.
 1 APPPATH/Views/nav_new.php(60): ucwords(null)
 2 SYSTEMPATH/View/View.php(234): include('/home/getfjupm/public_html/portal/app/Views/nav_new.php')
 3 SYSTEMPATH/View/View.php(237): CodeIgniter\View\View->CodeIgniter\View\{closure}()
 4 SYSTEMPATH/Common.php(1169): CodeIgniter\View\View->render('nav_new', [], true)
 5 APPPATH/Controllers/Gfa.php(3254): view('nav_new', [...])
 6 SYSTEMPATH/CodeIgniter.php(933): App\Controllers\Gfa->add_event()
 7 SYSTEMPATH/CodeIgniter.php(509): CodeIgniter\CodeIgniter->runController(Object(App\Controllers\Gfa))
 8 SYSTEMPATH/CodeIgniter.php(355): CodeIgniter\CodeIgniter->handleRequest(null, Object(Config\Cache), false)
 9 SYSTEMPATH/Boot.php(325): CodeIgniter\CodeIgniter->run()
10 SYSTEMPATH/Boot.php(67): CodeIgniter\Boot::runCodeIgniter(Object(CodeIgniter\CodeIgniter))
11 FCPATH/index.php(58): CodeIgniter\Boot::bootWeb(Object(Config\Paths))
WARNING - 2025-09-29 09:48:08 --> [DEPRECATED] strtoupper(): Passing null to parameter #1 ($string) of type string is deprecated in APPPATH/Views/nav_new.php on line 70.
 1 APPPATH/Views/nav_new.php(70): strtoupper(null)
 2 SYSTEMPATH/View/View.php(234): include('/home/getfjupm/public_html/portal/app/Views/nav_new.php')
 3 SYSTEMPATH/View/View.php(237): CodeIgniter\View\View->CodeIgniter\View\{closure}()
 4 SYSTEMPATH/Common.php(1169): CodeIgniter\View\View->render('nav_new', [], true)
 5 APPPATH/Controllers/Gfa.php(3254): view('nav_new', [...])
 6 SYSTEMPATH/CodeIgniter.php(933): App\Controllers\Gfa->add_event()
 7 SYSTEMPATH/CodeIgniter.php(509): CodeIgniter\CodeIgniter->runController(Object(App\Controllers\Gfa))
 8 SYSTEMPATH/CodeIgniter.php(355): CodeIgniter\CodeIgniter->handleRequest(null, Object(Config\Cache), false)
 9 SYSTEMPATH/Boot.php(325): CodeIgniter\CodeIgniter->run()
10 SYSTEMPATH/Boot.php(67): CodeIgniter\Boot::runCodeIgniter(Object(CodeIgniter\CodeIgniter))
11 FCPATH/index.php(58): CodeIgniter\Boot::bootWeb(Object(Config\Paths))
WARNING - 2025-09-29 09:48:13 --> [DEPRECATED] ucwords(): Passing null to parameter #1 ($string) of type string is deprecated in APPPATH/Views/nav_new.php on line 60.
 1 APPPATH/Views/nav_new.php(60): ucwords(null)
 2 SYSTEMPATH/View/View.php(234): include('/home/getfjupm/public_html/portal/app/Views/nav_new.php')
 3 SYSTEMPATH/View/View.php(237): CodeIgniter\View\View->CodeIgniter\View\{closure}()
 4 SYSTEMPATH/Common.php(1169): CodeIgniter\View\View->render('nav_new', [], true)
 5 APPPATH/Controllers/Gfa.php(5689): view('nav_new', [...])
 6 SYSTEMPATH/CodeIgniter.php(933): App\Controllers\Gfa->dashboard()
 7 SYSTEMPATH/CodeIgniter.php(509): CodeIgniter\CodeIgniter->runController(Object(App\Controllers\Gfa))
 8 SYSTEMPATH/CodeIgniter.php(355): CodeIgniter\CodeIgniter->handleRequest(null, Object(Config\Cache), false)
 9 SYSTEMPATH/Boot.php(325): CodeIgniter\CodeIgniter->run()
10 SYSTEMPATH/Boot.php(67): CodeIgniter\Boot::runCodeIgniter(Object(CodeIgniter\CodeIgniter))
11 FCPATH/index.php(58): CodeIgniter\Boot::bootWeb(Object(Config\Paths))
WARNING - 2025-09-29 09:48:13 --> [DEPRECATED] strtoupper(): Passing null to parameter #1 ($string) of type string is deprecated in APPPATH/Views/nav_new.php on line 70.
 1 APPPATH/Views/nav_new.php(70): strtoupper(null)
 2 SYSTEMPATH/View/View.php(234): include('/home/getfjupm/public_html/portal/app/Views/nav_new.php')
 3 SYSTEMPATH/View/View.php(237): CodeIgniter\View\View->CodeIgniter\View\{closure}()
 4 SYSTEMPATH/Common.php(1169): CodeIgniter\View\View->render('nav_new', [], true)
 5 APPPATH/Controllers/Gfa.php(5689): view('nav_new', [...])
 6 SYSTEMPATH/CodeIgniter.php(933): App\Controllers\Gfa->dashboard()
 7 SYSTEMPATH/CodeIgniter.php(509): CodeIgniter\CodeIgniter->runController(Object(App\Controllers\Gfa))
 8 SYSTEMPATH/CodeIgniter.php(355): CodeIgniter\CodeIgniter->handleRequest(null, Object(Config\Cache), false)
 9 SYSTEMPATH/Boot.php(325): CodeIgniter\CodeIgniter->run()
10 SYSTEMPATH/Boot.php(67): CodeIgniter\Boot::runCodeIgniter(Object(CodeIgniter\CodeIgniter))
11 FCPATH/index.php(58): CodeIgniter\Boot::bootWeb(Object(Config\Paths))
WARNING - 2025-09-29 09:48:20 --> [DEPRECATED] ucwords(): Passing null to parameter #1 ($string) of type string is deprecated in APPPATH/Views/nav_new.php on line 60.
 1 APPPATH/Views/nav_new.php(60): ucwords(null)
 2 SYSTEMPATH/View/View.php(234): include('/home/getfjupm/public_html/portal/app/Views/nav_new.php')
 3 SYSTEMPATH/View/View.php(237): CodeIgniter\View\View->CodeIgniter\View\{closure}()
 4 SYSTEMPATH/Common.php(1169): CodeIgniter\View\View->render('nav_new', [], true)
 5 APPPATH/Controllers/Gfa.php(1077): view('nav_new', [...])
 6 SYSTEMPATH/CodeIgniter.php(933): App\Controllers\Gfa->dealroom()
 7 SYSTEMPATH/CodeIgniter.php(509): CodeIgniter\CodeIgniter->runController(Object(App\Controllers\Gfa))
 8 SYSTEMPATH/CodeIgniter.php(355): CodeIgniter\CodeIgniter->handleRequest(null, Object(Config\Cache), false)
 9 SYSTEMPATH/Boot.php(325): CodeIgniter\CodeIgniter->run()
10 SYSTEMPATH/Boot.php(67): CodeIgniter\Boot::runCodeIgniter(Object(CodeIgniter\CodeIgniter))
11 FCPATH/index.php(58): CodeIgniter\Boot::bootWeb(Object(Config\Paths))
WARNING - 2025-09-29 09:48:20 --> [DEPRECATED] strtoupper(): Passing null to parameter #1 ($string) of type string is deprecated in APPPATH/Views/nav_new.php on line 70.
 1 APPPATH/Views/nav_new.php(70): strtoupper(null)
 2 SYSTEMPATH/View/View.php(234): include('/home/getfjupm/public_html/portal/app/Views/nav_new.php')
 3 SYSTEMPATH/View/View.php(237): CodeIgniter\View\View->CodeIgniter\View\{closure}()
 4 SYSTEMPATH/Common.php(1169): CodeIgniter\View\View->render('nav_new', [], true)
 5 APPPATH/Controllers/Gfa.php(1077): view('nav_new', [...])
 6 SYSTEMPATH/CodeIgniter.php(933): App\Controllers\Gfa->dealroom()
 7 SYSTEMPATH/CodeIgniter.php(509): CodeIgniter\CodeIgniter->runController(Object(App\Controllers\Gfa))
 8 SYSTEMPATH/CodeIgniter.php(355): CodeIgniter\CodeIgniter->handleRequest(null, Object(Config\Cache), false)
 9 SYSTEMPATH/Boot.php(325): CodeIgniter\CodeIgniter->run()
10 SYSTEMPATH/Boot.php(67): CodeIgniter\Boot::runCodeIgniter(Object(CodeIgniter\CodeIgniter))
11 FCPATH/index.php(58): CodeIgniter\Boot::bootWeb(Object(Config\Paths))
WARNING - 2025-09-29 09:48:24 --> [DEPRECATED] ucwords(): Passing null to parameter #1 ($string) of type string is deprecated in APPPATH/Views/nav_new.php on line 60.
 1 APPPATH/Views/nav_new.php(60): ucwords(null)
 2 SYSTEMPATH/View/View.php(234): include('/home/getfjupm/public_html/portal/app/Views/nav_new.php')
 3 SYSTEMPATH/View/View.php(237): CodeIgniter\View\View->CodeIgniter\View\{closure}()
 4 SYSTEMPATH/Common.php(1169): CodeIgniter\View\View->render('nav_new', [], true)
 5 APPPATH/Controllers/Gfa.php(5689): view('nav_new', [...])
 6 SYSTEMPATH/CodeIgniter.php(933): App\Controllers\Gfa->dashboard()
 7 SYSTEMPATH/CodeIgniter.php(509): CodeIgniter\CodeIgniter->runController(Object(App\Controllers\Gfa))
 8 SYSTEMPATH/CodeIgniter.php(355): CodeIgniter\CodeIgniter->handleRequest(null, Object(Config\Cache), false)
 9 SYSTEMPATH/Boot.php(325): CodeIgniter\CodeIgniter->run()
10 SYSTEMPATH/Boot.php(67): CodeIgniter\Boot::runCodeIgniter(Object(CodeIgniter\CodeIgniter))
11 FCPATH/index.php(58): CodeIgniter\Boot::bootWeb(Object(Config\Paths))
WARNING - 2025-09-29 09:48:24 --> [DEPRECATED] strtoupper(): Passing null to parameter #1 ($string) of type string is deprecated in APPPATH/Views/nav_new.php on line 70.
 1 APPPATH/Views/nav_new.php(70): strtoupper(null)
 2 SYSTEMPATH/View/View.php(234): include('/home/getfjupm/public_html/portal/app/Views/nav_new.php')
 3 SYSTEMPATH/View/View.php(237): CodeIgniter\View\View->CodeIgniter\View\{closure}()
 4 SYSTEMPATH/Common.php(1169): CodeIgniter\View\View->render('nav_new', [], true)
 5 APPPATH/Controllers/Gfa.php(5689): view('nav_new', [...])
 6 SYSTEMPATH/CodeIgniter.php(933): App\Controllers\Gfa->dashboard()
 7 SYSTEMPATH/CodeIgniter.php(509): CodeIgniter\CodeIgniter->runController(Object(App\Controllers\Gfa))
 8 SYSTEMPATH/CodeIgniter.php(355): CodeIgniter\CodeIgniter->handleRequest(null, Object(Config\Cache), false)
 9 SYSTEMPATH/Boot.php(325): CodeIgniter\CodeIgniter->run()
10 SYSTEMPATH/Boot.php(67): CodeIgniter\Boot::runCodeIgniter(Object(CodeIgniter\CodeIgniter))
11 FCPATH/index.php(58): CodeIgniter\Boot::bootWeb(Object(Config\Paths))
WARNING - 2025-09-29 09:48:29 --> [DEPRECATED] trim(): Passing null to parameter #1 ($string) of type string is deprecated in APPPATH/Controllers/Gfa.php on line 5142.
 1 APPPATH/Controllers/Gfa.php(5142): trim(null)
 2 SYSTEMPATH/CodeIgniter.php(933): App\Controllers\Gfa->signinAction()
 3 SYSTEMPATH/CodeIgniter.php(509): CodeIgniter\CodeIgniter->runController(Object(App\Controllers\Gfa))
 4 SYSTEMPATH/CodeIgniter.php(355): CodeIgniter\CodeIgniter->handleRequest(null, Object(Config\Cache), false)
 5 SYSTEMPATH/Boot.php(325): CodeIgniter\CodeIgniter->run()
 6 SYSTEMPATH/Boot.php(67): CodeIgniter\Boot::runCodeIgniter(Object(CodeIgniter\CodeIgniter))
 7 FCPATH/index.php(58): CodeIgniter\Boot::bootWeb(Object(Config\Paths))
ERROR - 2025-09-29 09:48:33 --> mysqli_sql_exception: FUNCTION getfjupm_gfa.ANY_VALUE does not exist in /home/getfjupm/public_html/portal/system/Database/MySQLi/Connection.php:312
Stack trace:
#0 /home/getfjupm/public_html/portal/system/Database/MySQLi/Connection.php(312): mysqli->query()
#1 /home/getfjupm/public_html/portal/system/Database/BaseConnection.php(734): CodeIgniter\Database\MySQLi\Connection->execute()
#2 /home/getfjupm/public_html/portal/system/Database/BaseConnection.php(648): CodeIgniter\Database\BaseConnection->simpleQuery()
#3 /home/getfjupm/public_html/portal/system/Database/BaseBuilder.php(1644): CodeIgniter\Database\BaseConnection->query()
#4 /home/getfjupm/public_html/portal/system/Model.php(286): CodeIgniter\Database\BaseBuilder->get()
#5 /home/getfjupm/public_html/portal/system/BaseModel.php(676): CodeIgniter\Model->doFindAll()
#6 /home/getfjupm/public_html/portal/app/Models/ChatModel.php(28): CodeIgniter\BaseModel->findAll()
#7 /home/getfjupm/public_html/portal/app/Controllers/ChatController.php(142): App\Models\ChatModel->getChatContacts()
#8 /home/getfjupm/public_html/portal/system/CodeIgniter.php(933): App\Controllers\ChatController->fetchRecentChats()
#9 /home/getfjupm/public_html/portal/system/CodeIgniter.php(509): CodeIgniter\CodeIgniter->runController()
#10 /home/getfjupm/public_html/portal/system/CodeIgniter.php(355): CodeIgniter\CodeIgniter->handleRequest()
#11 /home/getfjupm/public_html/portal/system/Boot.php(325): CodeIgniter\CodeIgniter->run()
#12 /home/getfjupm/public_html/portal/system/Boot.php(67): CodeIgniter\Boot::runCodeIgniter()
#13 /home/getfjupm/public_html/portal/index.php(58): CodeIgniter\Boot::bootWeb()
#14 {main}
CRITICAL - 2025-09-29 09:48:33 --> CodeIgniter\Database\Exceptions\DatabaseException: FUNCTION getfjupm_gfa.ANY_VALUE does not exist
[Method: GET, Route: chat/fetchRecentChats]
in SYSTEMPATH/Database/BaseConnection.php on line 688.
 1 SYSTEMPATH/Database/BaseBuilder.php(1644): CodeIgniter\Database\BaseConnection->query()
 2 SYSTEMPATH/Model.php(286): CodeIgniter\Database\BaseBuilder->get()
 3 SYSTEMPATH/BaseModel.php(676): CodeIgniter\Model->doFindAll()
 4 APPPATH/Models/ChatModel.php(28): CodeIgniter\BaseModel->findAll()
 5 APPPATH/Controllers/ChatController.php(142): App\Models\ChatModel->getChatContacts()
 6 SYSTEMPATH/CodeIgniter.php(933): App\Controllers\ChatController->fetchRecentChats()
 7 SYSTEMPATH/CodeIgniter.php(509): CodeIgniter\CodeIgniter->runController()
 8 SYSTEMPATH/CodeIgniter.php(355): CodeIgniter\CodeIgniter->handleRequest()
 9 SYSTEMPATH/Boot.php(325): CodeIgniter\CodeIgniter->run()
10 SYSTEMPATH/Boot.php(67): CodeIgniter\Boot::runCodeIgniter()
11 FCPATH/index.php(58): CodeIgniter\Boot::bootWeb()
CRITICAL - 2025-09-29 09:48:33 --> [Caused by] CodeIgniter\Database\Exceptions\DatabaseException: FUNCTION getfjupm_gfa.ANY_VALUE does not exist
in SYSTEMPATH/Database/MySQLi/Connection.php on line 317.
 1 SYSTEMPATH/Database/BaseConnection.php(734): CodeIgniter\Database\MySQLi\Connection->execute()
 2 SYSTEMPATH/Database/BaseConnection.php(648): CodeIgniter\Database\BaseConnection->simpleQuery()
 3 SYSTEMPATH/Database/BaseBuilder.php(1644): CodeIgniter\Database\BaseConnection->query()
 4 SYSTEMPATH/Model.php(286): CodeIgniter\Database\BaseBuilder->get()
 5 SYSTEMPATH/BaseModel.php(676): CodeIgniter\Model->doFindAll()
 6 APPPATH/Models/ChatModel.php(28): CodeIgniter\BaseModel->findAll()
 7 APPPATH/Controllers/ChatController.php(142): App\Models\ChatModel->getChatContacts()
 8 SYSTEMPATH/CodeIgniter.php(933): App\Controllers\ChatController->fetchRecentChats()
 9 SYSTEMPATH/CodeIgniter.php(509): CodeIgniter\CodeIgniter->runController()
10 SYSTEMPATH/CodeIgniter.php(355): CodeIgniter\CodeIgniter->handleRequest()
11 SYSTEMPATH/Boot.php(325): CodeIgniter\CodeIgniter->run()
12 SYSTEMPATH/Boot.php(67): CodeIgniter\Boot::runCodeIgniter()
13 FCPATH/index.php(58): CodeIgniter\Boot::bootWeb()
CRITICAL - 2025-09-29 09:48:33 --> [Caused by] mysqli_sql_exception: FUNCTION getfjupm_gfa.ANY_VALUE does not exist
in SYSTEMPATH/Database/MySQLi/Connection.php on line 312.
 1 SYSTEMPATH/Database/MySQLi/Connection.php(312): mysqli->query()
 2 SYSTEMPATH/Database/BaseConnection.php(734): CodeIgniter\Database\MySQLi\Connection->execute()
 3 SYSTEMPATH/Database/BaseConnection.php(648): CodeIgniter\Database\BaseConnection->simpleQuery()
 4 SYSTEMPATH/Database/BaseBuilder.php(1644): CodeIgniter\Database\BaseConnection->query()
 5 SYSTEMPATH/Model.php(286): CodeIgniter\Database\BaseBuilder->get()
 6 SYSTEMPATH/BaseModel.php(676): CodeIgniter\Model->doFindAll()
 7 APPPATH/Models/ChatModel.php(28): CodeIgniter\BaseModel->findAll()
 8 APPPATH/Controllers/ChatController.php(142): App\Models\ChatModel->getChatContacts()
 9 SYSTEMPATH/CodeIgniter.php(933): App\Controllers\ChatController->fetchRecentChats()
10 SYSTEMPATH/CodeIgniter.php(509): CodeIgniter\CodeIgniter->runController()
11 SYSTEMPATH/CodeIgniter.php(355): CodeIgniter\CodeIgniter->handleRequest()
12 SYSTEMPATH/Boot.php(325): CodeIgniter\CodeIgniter->run()
13 SYSTEMPATH/Boot.php(67): CodeIgniter\Boot::runCodeIgniter()
14 FCPATH/index.php(58): CodeIgniter\Boot::bootWeb()
WARNING - 2025-09-29 10:13:05 --> [DEPRECATED] ucwords(): Passing null to parameter #1 ($string) of type string is deprecated in APPPATH/Views/nav_new.php on line 60.
 1 APPPATH/Views/nav_new.php(60): ucwords(null)
 2 SYSTEMPATH/View/View.php(234): include('/home/getfjupm/public_html/portal/app/Views/nav_new.php')
 3 SYSTEMPATH/View/View.php(237): CodeIgniter\View\View->CodeIgniter\View\{closure}()
 4 SYSTEMPATH/Common.php(1169): CodeIgniter\View\View->render('nav_new', [], true)
 5 APPPATH/Controllers/Gfa.php(5689): view('nav_new', [...])
 6 SYSTEMPATH/CodeIgniter.php(933): App\Controllers\Gfa->dashboard()
 7 SYSTEMPATH/CodeIgniter.php(509): CodeIgniter\CodeIgniter->runController(Object(App\Controllers\Gfa))
 8 SYSTEMPATH/CodeIgniter.php(355): CodeIgniter\CodeIgniter->handleRequest(null, Object(Config\Cache), false)
 9 SYSTEMPATH/Boot.php(325): CodeIgniter\CodeIgniter->run()
10 SYSTEMPATH/Boot.php(67): CodeIgniter\Boot::runCodeIgniter(Object(CodeIgniter\CodeIgniter))
11 FCPATH/index.php(58): CodeIgniter\Boot::bootWeb(Object(Config\Paths))
WARNING - 2025-09-29 10:13:05 --> [DEPRECATED] strtoupper(): Passing null to parameter #1 ($string) of type string is deprecated in APPPATH/Views/nav_new.php on line 70.
 1 APPPATH/Views/nav_new.php(70): strtoupper(null)
 2 SYSTEMPATH/View/View.php(234): include('/home/getfjupm/public_html/portal/app/Views/nav_new.php')
 3 SYSTEMPATH/View/View.php(237): CodeIgniter\View\View->CodeIgniter\View\{closure}()
 4 SYSTEMPATH/Common.php(1169): CodeIgniter\View\View->render('nav_new', [], true)
 5 APPPATH/Controllers/Gfa.php(5689): view('nav_new', [...])
 6 SYSTEMPATH/CodeIgniter.php(933): App\Controllers\Gfa->dashboard()
 7 SYSTEMPATH/CodeIgniter.php(509): CodeIgniter\CodeIgniter->runController(Object(App\Controllers\Gfa))
 8 SYSTEMPATH/CodeIgniter.php(355): CodeIgniter\CodeIgniter->handleRequest(null, Object(Config\Cache), false)
 9 SYSTEMPATH/Boot.php(325): CodeIgniter\CodeIgniter->run()
10 SYSTEMPATH/Boot.php(67): CodeIgniter\Boot::runCodeIgniter(Object(CodeIgniter\CodeIgniter))
11 FCPATH/index.php(58): CodeIgniter\Boot::bootWeb(Object(Config\Paths))
WARNING - 2025-09-29 12:53:24 --> [DEPRECATED] str_replace(): Passing null to parameter #3 ($subject) of type array|string is deprecated in APPPATH/Controllers/Gfa.php on line 4568.
 1 APPPATH/Controllers/Gfa.php(4568): str_replace('\\', '\'', null)
 2 SYSTEMPATH/CodeIgniter.php(933): App\Controllers\Gfa->events('1686148644')
 3 SYSTEMPATH/CodeIgniter.php(509): CodeIgniter\CodeIgniter->runController(Object(App\Controllers\Gfa))
 4 SYSTEMPATH/CodeIgniter.php(355): CodeIgniter\CodeIgniter->handleRequest(null, Object(Config\Cache), false)
 5 SYSTEMPATH/Boot.php(325): CodeIgniter\CodeIgniter->run()
 6 SYSTEMPATH/Boot.php(67): CodeIgniter\Boot::runCodeIgniter(Object(CodeIgniter\CodeIgniter))
 7 FCPATH/index.php(58): CodeIgniter\Boot::bootWeb(Object(Config\Paths))
WARNING - 2025-09-29 14:39:40 --> [DEPRECATED] json_decode(): Passing null to parameter #1 ($json) of type string is deprecated in APPPATH/Controllers/Gfa.php on line 90.
 1 APPPATH/Controllers/Gfa.php(90): json_decode(null, true)
 2 SYSTEMPATH/CodeIgniter.php(933): App\Controllers\Gfa->page_view_events()
 3 SYSTEMPATH/CodeIgniter.php(509): CodeIgniter\CodeIgniter->runController(Object(App\Controllers\Gfa))
 4 SYSTEMPATH/CodeIgniter.php(355): CodeIgniter\CodeIgniter->handleRequest(null, Object(Config\Cache), false)
 5 SYSTEMPATH/Boot.php(325): CodeIgniter\CodeIgniter->run()
 6 SYSTEMPATH/Boot.php(67): CodeIgniter\Boot::runCodeIgniter(Object(CodeIgniter\CodeIgniter))
 7 FCPATH/index.php(58): CodeIgniter\Boot::bootWeb(Object(Config\Paths))
WARNING - 2025-09-29 18:49:56 --> [DEPRECATED] str_replace(): Passing null to parameter #3 ($subject) of type array|string is deprecated in APPPATH/Models/GfaModel.php on line 4633.
 1 APPPATH/Models/GfaModel.php(4633): str_replace('\'', '', null)
 2 APPPATH/Controllers/Gfa.php(10408): App\Models\GfaModel->mysqlCheck(null)
 3 SYSTEMPATH/CodeIgniter.php(933): App\Controllers\Gfa->registerProSub()
 4 SYSTEMPATH/CodeIgniter.php(509): CodeIgniter\CodeIgniter->runController(Object(App\Controllers\Gfa))
 5 SYSTEMPATH/CodeIgniter.php(355): CodeIgniter\CodeIgniter->handleRequest(null, Object(Config\Cache), false)
 6 SYSTEMPATH/Boot.php(325): CodeIgniter\CodeIgniter->run()
 7 SYSTEMPATH/Boot.php(67): CodeIgniter\Boot::runCodeIgniter(Object(CodeIgniter\CodeIgniter))
 8 FCPATH/index.php(58): CodeIgniter\Boot::bootWeb(Object(Config\Paths))
WARNING - 2025-09-29 18:49:56 --> [DEPRECATED] str_replace(): Passing null to parameter #3 ($subject) of type array|string is deprecated in APPPATH/Models/GfaModel.php on line 4633.
 1 APPPATH/Models/GfaModel.php(4633): str_replace('\'', '', null)
 2 APPPATH/Controllers/Gfa.php(10409): App\Models\GfaModel->mysqlCheck(null)
 3 SYSTEMPATH/CodeIgniter.php(933): App\Controllers\Gfa->registerProSub()
 4 SYSTEMPATH/CodeIgniter.php(509): CodeIgniter\CodeIgniter->runController(Object(App\Controllers\Gfa))
 5 SYSTEMPATH/CodeIgniter.php(355): CodeIgniter\CodeIgniter->handleRequest(null, Object(Config\Cache), false)
 6 SYSTEMPATH/Boot.php(325): CodeIgniter\CodeIgniter->run()
 7 SYSTEMPATH/Boot.php(67): CodeIgniter\Boot::runCodeIgniter(Object(CodeIgniter\CodeIgniter))
 8 FCPATH/index.php(58): CodeIgniter\Boot::bootWeb(Object(Config\Paths))
WARNING - 2025-09-29 18:49:56 --> [DEPRECATED] str_replace(): Passing null to parameter #3 ($subject) of type array|string is deprecated in APPPATH/Models/GfaModel.php on line 4633.
 1 APPPATH/Models/GfaModel.php(4633): str_replace('\'', '', null)
 2 APPPATH/Controllers/Gfa.php(10411): App\Models\GfaModel->mysqlCheck(null)
 3 SYSTEMPATH/CodeIgniter.php(933): App\Controllers\Gfa->registerProSub()
 4 SYSTEMPATH/CodeIgniter.php(509): CodeIgniter\CodeIgniter->runController(Object(App\Controllers\Gfa))
 5 SYSTEMPATH/CodeIgniter.php(355): CodeIgniter\CodeIgniter->handleRequest(null, Object(Config\Cache), false)
 6 SYSTEMPATH/Boot.php(325): CodeIgniter\CodeIgniter->run()
 7 SYSTEMPATH/Boot.php(67): CodeIgniter\Boot::runCodeIgniter(Object(CodeIgniter\CodeIgniter))
 8 FCPATH/index.php(58): CodeIgniter\Boot::bootWeb(Object(Config\Paths))
WARNING - 2025-09-29 18:49:56 --> [DEPRECATED] str_replace(): Passing null to parameter #3 ($subject) of type array|string is deprecated in APPPATH/Models/GfaModel.php on line 4633.
 1 APPPATH/Models/GfaModel.php(4633): str_replace('\'', '', null)
 2 APPPATH/Controllers/Gfa.php(10412): App\Models\GfaModel->mysqlCheck(null)
 3 SYSTEMPATH/CodeIgniter.php(933): App\Controllers\Gfa->registerProSub()
 4 SYSTEMPATH/CodeIgniter.php(509): CodeIgniter\CodeIgniter->runController(Object(App\Controllers\Gfa))
 5 SYSTEMPATH/CodeIgniter.php(355): CodeIgniter\CodeIgniter->handleRequest(null, Object(Config\Cache), false)
 6 SYSTEMPATH/Boot.php(325): CodeIgniter\CodeIgniter->run()
 7 SYSTEMPATH/Boot.php(67): CodeIgniter\Boot::runCodeIgniter(Object(CodeIgniter\CodeIgniter))
 8 FCPATH/index.php(58): CodeIgniter\Boot::bootWeb(Object(Config\Paths))
WARNING - 2025-09-29 18:49:56 --> [DEPRECATED] str_replace(): Passing null to parameter #3 ($subject) of type array|string is deprecated in APPPATH/Models/GfaModel.php on line 4633.
 1 APPPATH/Models/GfaModel.php(4633): str_replace('\'', '', null)
 2 APPPATH/Controllers/Gfa.php(10413): App\Models\GfaModel->mysqlCheck(null)
 3 SYSTEMPATH/CodeIgniter.php(933): App\Controllers\Gfa->registerProSub()
 4 SYSTEMPATH/CodeIgniter.php(509): CodeIgniter\CodeIgniter->runController(Object(App\Controllers\Gfa))
 5 SYSTEMPATH/CodeIgniter.php(355): CodeIgniter\CodeIgniter->handleRequest(null, Object(Config\Cache), false)
 6 SYSTEMPATH/Boot.php(325): CodeIgniter\CodeIgniter->run()
 7 SYSTEMPATH/Boot.php(67): CodeIgniter\Boot::runCodeIgniter(Object(CodeIgniter\CodeIgniter))
 8 FCPATH/index.php(58): CodeIgniter\Boot::bootWeb(Object(Config\Paths))
WARNING - 2025-09-29 18:49:56 --> [DEPRECATED] str_replace(): Passing null to parameter #3 ($subject) of type array|string is deprecated in APPPATH/Models/GfaModel.php on line 4633.
 1 APPPATH/Models/GfaModel.php(4633): str_replace('\'', '', null)
 2 APPPATH/Controllers/Gfa.php(10414): App\Models\GfaModel->mysqlCheck(null)
 3 SYSTEMPATH/CodeIgniter.php(933): App\Controllers\Gfa->registerProSub()
 4 SYSTEMPATH/CodeIgniter.php(509): CodeIgniter\CodeIgniter->runController(Object(App\Controllers\Gfa))
 5 SYSTEMPATH/CodeIgniter.php(355): CodeIgniter\CodeIgniter->handleRequest(null, Object(Config\Cache), false)
 6 SYSTEMPATH/Boot.php(325): CodeIgniter\CodeIgniter->run()
 7 SYSTEMPATH/Boot.php(67): CodeIgniter\Boot::runCodeIgniter(Object(CodeIgniter\CodeIgniter))
 8 FCPATH/index.php(58): CodeIgniter\Boot::bootWeb(Object(Config\Paths))
WARNING - 2025-09-29 18:49:56 --> [DEPRECATED] str_replace(): Passing null to parameter #3 ($subject) of type array|string is deprecated in APPPATH/Models/GfaModel.php on line 4633.
 1 APPPATH/Models/GfaModel.php(4633): str_replace('\'', '', null)
 2 APPPATH/Controllers/Gfa.php(10415): App\Models\GfaModel->mysqlCheck(null)
 3 SYSTEMPATH/CodeIgniter.php(933): App\Controllers\Gfa->registerProSub()
 4 SYSTEMPATH/CodeIgniter.php(509): CodeIgniter\CodeIgniter->runController(Object(App\Controllers\Gfa))
 5 SYSTEMPATH/CodeIgniter.php(355): CodeIgniter\CodeIgniter->handleRequest(null, Object(Config\Cache), false)
 6 SYSTEMPATH/Boot.php(325): CodeIgniter\CodeIgniter->run()
 7 SYSTEMPATH/Boot.php(67): CodeIgniter\Boot::runCodeIgniter(Object(CodeIgniter\CodeIgniter))
 8 FCPATH/index.php(58): CodeIgniter\Boot::bootWeb(Object(Config\Paths))
