WARNING - 2025-09-26 02:40:55 --> [DEPRECATED] str_replace(): Passing null to parameter #3 ($subject) of type array|string is deprecated in APPPATH/Models/GfaModel.php on line 4633.
 1 APPPATH/Models/GfaModel.php(4633): str_replace('\'', '', null)
 2 APPPATH/Controllers/Gfa.php(6089): App\Models\GfaModel->mysqlCheck(null)
 3 SYSTEMPATH/CodeIgniter.php(933): App\Controllers\Gfa->unleashified_newsletter()
 4 SYSTEMPATH/CodeIgniter.php(509): CodeIgniter\CodeIgniter->runController(Object(App\Controllers\Gfa))
 5 SYSTEMPATH/CodeIgniter.php(355): CodeIgniter\CodeIgniter->handleRequest(null, Object(Config\Cache), false)
 6 SYSTEMPATH/Boot.php(325): CodeIgniter\CodeIgniter->run()
 7 SYSTEMPATH/Boot.php(67): CodeIgniter\Boot::runCodeIgniter(Object(CodeIgniter\CodeIgniter))
 8 FCPATH/index.php(58): CodeIgniter\Boot::bootWeb(Object(Config\Paths))
WARNING - 2025-09-26 04:33:02 --> [DEPRECATED] str_replace(): Passing null to parameter #3 ($subject) of type array|string is deprecated in APPPATH/Models/GfaModel.php on line 4633.
 1 APPPATH/Models/GfaModel.php(4633): str_replace('\'', '', null)
 2 APPPATH/Controllers/Gfa.php(6386): App\Models\GfaModel->mysqlCheck(null)
 3 SYSTEMPATH/CodeIgniter.php(933): App\Controllers\Gfa->unleashified_contact()
 4 SYSTEMPATH/CodeIgniter.php(509): CodeIgniter\CodeIgniter->runController(Object(App\Controllers\Gfa))
 5 SYSTEMPATH/CodeIgniter.php(355): CodeIgniter\CodeIgniter->handleRequest(null, Object(Config\Cache), false)
 6 SYSTEMPATH/Boot.php(325): CodeIgniter\CodeIgniter->run()
 7 SYSTEMPATH/Boot.php(67): CodeIgniter\Boot::runCodeIgniter(Object(CodeIgniter\CodeIgniter))
 8 FCPATH/index.php(58): CodeIgniter\Boot::bootWeb(Object(Config\Paths))
WARNING - 2025-09-26 05:41:00 --> [DEPRECATED] trim(): Passing null to parameter #1 ($string) of type string is deprecated in APPPATH/Controllers/Gfa.php on line 5142.
 1 APPPATH/Controllers/Gfa.php(5142): trim(null)
 2 SYSTEMPATH/CodeIgniter.php(933): App\Controllers\Gfa->signinAction()
 3 SYSTEMPATH/CodeIgniter.php(509): CodeIgniter\CodeIgniter->runController(Object(App\Controllers\Gfa))
 4 SYSTEMPATH/CodeIgniter.php(355): CodeIgniter\CodeIgniter->handleRequest(null, Object(Config\Cache), false)
 5 SYSTEMPATH/Boot.php(325): CodeIgniter\CodeIgniter->run()
 6 SYSTEMPATH/Boot.php(67): CodeIgniter\Boot::runCodeIgniter(Object(CodeIgniter\CodeIgniter))
 7 FCPATH/index.php(58): CodeIgniter\Boot::bootWeb(Object(Config\Paths))
WARNING - 2025-09-26 06:06:42 --> [DEPRECATED] str_replace(): Passing null to parameter #3 ($subject) of type array|string is deprecated in APPPATH/Controllers/Gfa.php on line 4568.
 1 APPPATH/Controllers/Gfa.php(4568): str_replace('\\', '\'', null)
 2 SYSTEMPATH/CodeIgniter.php(933): App\Controllers\Gfa->events('1680529841')
 3 SYSTEMPATH/CodeIgniter.php(509): CodeIgniter\CodeIgniter->runController(Object(App\Controllers\Gfa))
 4 SYSTEMPATH/CodeIgniter.php(355): CodeIgniter\CodeIgniter->handleRequest(null, Object(Config\Cache), false)
 5 SYSTEMPATH/Boot.php(325): CodeIgniter\CodeIgniter->run()
 6 SYSTEMPATH/Boot.php(67): CodeIgniter\Boot::runCodeIgniter(Object(CodeIgniter\CodeIgniter))
 7 FCPATH/index.php(58): CodeIgniter\Boot::bootWeb(Object(Config\Paths))
WARNING - 2025-09-26 06:06:42 --> [DEPRECATED] str_replace(): Passing null to parameter #3 ($subject) of type array|string is deprecated in APPPATH/Controllers/Gfa.php on line 4568.
 1 APPPATH/Controllers/Gfa.php(4568): str_replace('\\', '\'', null)
 2 SYSTEMPATH/CodeIgniter.php(933): App\Controllers\Gfa->events('1680529841')
 3 SYSTEMPATH/CodeIgniter.php(509): CodeIgniter\CodeIgniter->runController(Object(App\Controllers\Gfa))
 4 SYSTEMPATH/CodeIgniter.php(355): CodeIgniter\CodeIgniter->handleRequest(null, Object(Config\Cache), false)
 5 SYSTEMPATH/Boot.php(325): CodeIgniter\CodeIgniter->run()
 6 SYSTEMPATH/Boot.php(67): CodeIgniter\Boot::runCodeIgniter(Object(CodeIgniter\CodeIgniter))
 7 FCPATH/index.php(58): CodeIgniter\Boot::bootWeb(Object(Config\Paths))
WARNING - 2025-09-26 12:39:44 --> [DEPRECATED] str_replace(): Passing null to parameter #3 ($subject) of type array|string is deprecated in APPPATH/Controllers/Gfa.php on line 4568.
 1 APPPATH/Controllers/Gfa.php(4568): str_replace('\\', '\'', null)
 2 SYSTEMPATH/CodeIgniter.php(933): App\Controllers\Gfa->events('1682614709')
 3 SYSTEMPATH/CodeIgniter.php(509): CodeIgniter\CodeIgniter->runController(Object(App\Controllers\Gfa))
 4 SYSTEMPATH/CodeIgniter.php(355): CodeIgniter\CodeIgniter->handleRequest(null, Object(Config\Cache), false)
 5 SYSTEMPATH/Boot.php(325): CodeIgniter\CodeIgniter->run()
 6 SYSTEMPATH/Boot.php(67): CodeIgniter\Boot::runCodeIgniter(Object(CodeIgniter\CodeIgniter))
 7 FCPATH/index.php(58): CodeIgniter\Boot::bootWeb(Object(Config\Paths))
WARNING - 2025-09-26 12:39:44 --> [DEPRECATED] str_replace(): Passing null to parameter #3 ($subject) of type array|string is deprecated in APPPATH/Controllers/Gfa.php on line 4568.
 1 APPPATH/Controllers/Gfa.php(4568): str_replace('\\', '\'', null)
 2 SYSTEMPATH/CodeIgniter.php(933): App\Controllers\Gfa->events('1682614709')
 3 SYSTEMPATH/CodeIgniter.php(509): CodeIgniter\CodeIgniter->runController(Object(App\Controllers\Gfa))
 4 SYSTEMPATH/CodeIgniter.php(355): CodeIgniter\CodeIgniter->handleRequest(null, Object(Config\Cache), false)
 5 SYSTEMPATH/Boot.php(325): CodeIgniter\CodeIgniter->run()
 6 SYSTEMPATH/Boot.php(67): CodeIgniter\Boot::runCodeIgniter(Object(CodeIgniter\CodeIgniter))
 7 FCPATH/index.php(58): CodeIgniter\Boot::bootWeb(Object(Config\Paths))
WARNING - 2025-09-26 18:19:31 --> [DEPRECATED] json_decode(): Passing null to parameter #1 ($json) of type string is deprecated in APPPATH/Controllers/Gfa.php on line 90.
 1 APPPATH/Controllers/Gfa.php(90): json_decode(null, true)
 2 SYSTEMPATH/CodeIgniter.php(933): App\Controllers\Gfa->page_view_events()
 3 SYSTEMPATH/CodeIgniter.php(509): CodeIgniter\CodeIgniter->runController(Object(App\Controllers\Gfa))
 4 SYSTEMPATH/CodeIgniter.php(355): CodeIgniter\CodeIgniter->handleRequest(null, Object(Config\Cache), false)
 5 SYSTEMPATH/Boot.php(325): CodeIgniter\CodeIgniter->run()
 6 SYSTEMPATH/Boot.php(67): CodeIgniter\Boot::runCodeIgniter(Object(CodeIgniter\CodeIgniter))
 7 FCPATH/index.php(58): CodeIgniter\Boot::bootWeb(Object(Config\Paths))
